CRITICAL - 2025-06-26 02:46:10 --> Call to undefined function CodeIgniter\locale_set_default()
#0 C:\xampp\htdocs\vendor\codeigniter4\framework\system\bootstrap.php(157): CodeIgniter\CodeIgniter->initialize()
#1 C:\xampp\htdocs\public\index.php(35): require('C:\\xampp\\htdocs...')
#2 {main}
CRITICAL - 2025-06-26 21:23:24 --> Undefined variable: session
#0 C:\xampp\htdocs\app\Views\partials\topbar.php(28): CodeIgniter\Debug\Exceptions->errorHandler(8, 'Undefined varia...', 'C:\\xampp\\htdocs...', 28, Array)
#1 C:\xampp\htdocs\vendor\codeigniter4\framework\system\View\View.php(230): include('C:\\xampp\\htdocs...')
#2 C:\xampp\htdocs\vendor\codeigniter4\framework\system\View\View.php(232): CodeIgniter\View\View->CodeIgniter\View\{closure}()
#3 C:\xampp\htdocs\vendor\codeigniter4\framework\system\View\View.php(487): CodeIgniter\View\View->render('partials/topbar', NULL, true)
#4 C:\xampp\htdocs\app\Views\partials\menu.php(1): CodeIgniter\View\View->include('partials/topbar')
#5 C:\xampp\htdocs\vendor\codeigniter4\framework\system\View\View.php(230): include('C:\\xampp\\htdocs...')
#6 C:\xampp\htdocs\vendor\codeigniter4\framework\system\View\View.php(232): CodeIgniter\View\View->CodeIgniter\View\{closure}()
#7 C:\xampp\htdocs\vendor\codeigniter4\framework\system\View\View.php(487): CodeIgniter\View\View->render('partials/menu', NULL, true)
#8 C:\xampp\htdocs\app\Views\Front\index.php(27): CodeIgniter\View\View->include('partials/menu')
#9 C:\xampp\htdocs\vendor\codeigniter4\framework\system\View\View.php(230): include('C:\\xampp\\htdocs...')
#10 C:\xampp\htdocs\vendor\codeigniter4\framework\system\View\View.php(232): CodeIgniter\View\View->CodeIgniter\View\{closure}()
#11 C:\xampp\htdocs\vendor\codeigniter4\framework\system\Common.php(1250): CodeIgniter\View\View->render('Front/index', Array, true)
#12 C:\xampp\htdocs\app\Controllers\Front.php(24): view('Front/index', Array)
#13 C:\xampp\htdocs\vendor\codeigniter4\framework\system\CodeIgniter.php(931): App\Controllers\Front->index()
#14 C:\xampp\htdocs\vendor\codeigniter4\framework\system\CodeIgniter.php(439): CodeIgniter\CodeIgniter->runController(Object(App\Controllers\Front))
#15 C:\xampp\htdocs\vendor\codeigniter4\framework\system\CodeIgniter.php(339): CodeIgniter\CodeIgniter->handleRequest(NULL, Object(Config\Cache), false)
#16 C:\xampp\htdocs\public\index.php(44): CodeIgniter\CodeIgniter->run()
#17 {main}
CRITICAL - 2025-06-26 23:32:43 --> Class 'Models\UserSettingModel' not found
#0 C:\xampp\htdocs\vendor\codeigniter4\framework\system\CodeIgniter.php(931): App\Controllers\UserController->show_user_settings()
#1 C:\xampp\htdocs\vendor\codeigniter4\framework\system\CodeIgniter.php(439): CodeIgniter\CodeIgniter->runController(Object(App\Controllers\UserController))
#2 C:\xampp\htdocs\vendor\codeigniter4\framework\system\CodeIgniter.php(339): CodeIgniter\CodeIgniter->handleRequest(NULL, Object(Config\Cache), false)
#3 C:\xampp\htdocs\public\index.php(44): CodeIgniter\CodeIgniter->run()
#4 {main}
CRITICAL - 2025-06-26 23:33:15 --> Class 'Models\UserSettingModel' not found
#0 C:\xampp\htdocs\vendor\codeigniter4\framework\system\CodeIgniter.php(931): App\Controllers\UserController->show_user_settings()
#1 C:\xampp\htdocs\vendor\codeigniter4\framework\system\CodeIgniter.php(439): CodeIgniter\CodeIgniter->runController(Object(App\Controllers\UserController))
#2 C:\xampp\htdocs\vendor\codeigniter4\framework\system\CodeIgniter.php(339): CodeIgniter\CodeIgniter->handleRequest(NULL, Object(Config\Cache), false)
#3 C:\xampp\htdocs\public\index.php(44): CodeIgniter\CodeIgniter->run()
#4 {main}
CRITICAL - 2025-06-26 23:33:18 --> Class 'Models\UserSettingModel' not found
#0 C:\xampp\htdocs\vendor\codeigniter4\framework\system\CodeIgniter.php(931): App\Controllers\UserController->show_user_settings()
#1 C:\xampp\htdocs\vendor\codeigniter4\framework\system\CodeIgniter.php(439): CodeIgniter\CodeIgniter->runController(Object(App\Controllers\UserController))
#2 C:\xampp\htdocs\vendor\codeigniter4\framework\system\CodeIgniter.php(339): CodeIgniter\CodeIgniter->handleRequest(NULL, Object(Config\Cache), false)
#3 C:\xampp\htdocs\public\index.php(44): CodeIgniter\CodeIgniter->run()
#4 {main}
CRITICAL - 2025-06-26 23:33:31 --> Class 'App\UserSettingModel' not found
#0 C:\xampp\htdocs\vendor\codeigniter4\framework\system\CodeIgniter.php(931): App\Controllers\UserController->show_user_settings()
#1 C:\xampp\htdocs\vendor\codeigniter4\framework\system\CodeIgniter.php(439): CodeIgniter\CodeIgniter->runController(Object(App\Controllers\UserController))
#2 C:\xampp\htdocs\vendor\codeigniter4\framework\system\CodeIgniter.php(339): CodeIgniter\CodeIgniter->handleRequest(NULL, Object(Config\Cache), false)
#3 C:\xampp\htdocs\public\index.php(44): CodeIgniter\CodeIgniter->run()
#4 {main}
