CRITICAL - 2024-08-13 08:40:07 --> Trying to access array offset on value of type null
#0 /home3/purpura1/public_html/website_d8f418ff/app/Views/company/company-contact.php(216): CodeIgniter\Debug\Exceptions->errorHandler(8, 'Trying to acces...', '/home3/purpura1...', 216, Array)
#1 /home3/purpura1/public_html/website_d8f418ff/vendor/codeigniter4/framework/system/View/View.php(230): include('/home3/purpura1...')
#2 /home3/purpura1/public_html/website_d8f418ff/vendor/codeigniter4/framework/system/View/View.php(232): CodeIgniter\View\View->CodeIgniter\View\{closure}()
#3 /home3/purpura1/public_html/website_d8f418ff/vendor/codeigniter4/framework/system/Common.php(1250): CodeIgniter\View\View->render('company/company...', Array, true)
#4 /home3/purpura1/public_html/website_d8f418ff/app/Controllers/CompanyController.php(293): view('company/company...', Array)
#5 /home3/purpura1/public_html/website_d8f418ff/vendor/codeigniter4/framework/system/CodeIgniter.php(931): App\Controllers\CompanyController->show_company_contact('5')
#6 /home3/purpura1/public_html/website_d8f418ff/vendor/codeigniter4/framework/system/CodeIgniter.php(439): CodeIgniter\CodeIgniter->runController(Object(App\Controllers\CompanyController))
#7 /home3/purpura1/public_html/website_d8f418ff/vendor/codeigniter4/framework/system/CodeIgniter.php(339): CodeIgniter\CodeIgniter->handleRequest(NULL, Object(Config\Cache), false)
#8 /home3/purpura1/public_html/website_d8f418ff/public/index.php(44): CodeIgniter\CodeIgniter->run()
#9 {main}
CRITICAL - 2024-08-13 08:40:57 --> Trying to access array offset on value of type null
#0 /home3/purpura1/public_html/website_d8f418ff/app/Views/company/company-contact.php(216): CodeIgniter\Debug\Exceptions->errorHandler(8, 'Trying to acces...', '/home3/purpura1...', 216, Array)
#1 /home3/purpura1/public_html/website_d8f418ff/vendor/codeigniter4/framework/system/View/View.php(230): include('/home3/purpura1...')
#2 /home3/purpura1/public_html/website_d8f418ff/vendor/codeigniter4/framework/system/View/View.php(232): CodeIgniter\View\View->CodeIgniter\View\{closure}()
#3 /home3/purpura1/public_html/website_d8f418ff/vendor/codeigniter4/framework/system/Common.php(1250): CodeIgniter\View\View->render('company/company...', Array, true)
#4 /home3/purpura1/public_html/website_d8f418ff/app/Controllers/CompanyController.php(293): view('company/company...', Array)
#5 /home3/purpura1/public_html/website_d8f418ff/vendor/codeigniter4/framework/system/CodeIgniter.php(931): App\Controllers\CompanyController->show_company_contact('5')
#6 /home3/purpura1/public_html/website_d8f418ff/vendor/codeigniter4/framework/system/CodeIgniter.php(439): CodeIgniter\CodeIgniter->runController(Object(App\Controllers\CompanyController))
#7 /home3/purpura1/public_html/website_d8f418ff/vendor/codeigniter4/framework/system/CodeIgniter.php(339): CodeIgniter\CodeIgniter->handleRequest(NULL, Object(Config\Cache), false)
#8 /home3/purpura1/public_html/website_d8f418ff/public/index.php(44): CodeIgniter\CodeIgniter->run()
#9 {main}
CRITICAL - 2024-08-13 09:11:42 --> Cannot add or update a child row: a foreign key constraint fails (`purpura1_chambeo`.`business`, CONSTRAINT `fk_business_ubigeo1` FOREIGN KEY (`ubigeo_id`) REFERENCES `ubigeo` (`id`) ON DELETE NO ACTION ON UPDATE NO ACTION)
#0 /home3/purpura1/public_html/website_d8f418ff/vendor/codeigniter4/framework/system/Database/MySQLi/Connection.php(328): mysqli->query('INSERT INTO `bu...')
#1 /home3/purpura1/public_html/website_d8f418ff/vendor/codeigniter4/framework/system/Database/BaseConnection.php(732): CodeIgniter\Database\MySQLi\Connection->execute('INSERT INTO `bu...')
#2 /home3/purpura1/public_html/website_d8f418ff/vendor/codeigniter4/framework/system/Database/BaseConnection.php(647): CodeIgniter\Database\BaseConnection->simpleQuery('INSERT INTO `bu...')
#3 /home3/purpura1/public_html/website_d8f418ff/vendor/codeigniter4/framework/system/Database/BaseBuilder.php(2277): CodeIgniter\Database\BaseConnection->query('INSERT INTO `bu...', Array, false)
#4 /home3/purpura1/public_html/website_d8f418ff/vendor/codeigniter4/framework/system/Model.php(259): CodeIgniter\Database\BaseBuilder->insert()
#5 /home3/purpura1/public_html/website_d8f418ff/vendor/codeigniter4/framework/system/BaseModel.php(774): CodeIgniter\Model->doInsert(Array)
#6 /home3/purpura1/public_html/website_d8f418ff/vendor/codeigniter4/framework/system/Model.php(686): CodeIgniter\BaseModel->insert(Array, true)
#7 /home3/purpura1/public_html/website_d8f418ff/app/Controllers/CompanyController.php(110): CodeIgniter\Model->insert(Array)
#8 /home3/purpura1/public_html/website_d8f418ff/vendor/codeigniter4/framework/system/CodeIgniter.php(931): App\Controllers\CompanyController->show_company_create()
#9 /home3/purpura1/public_html/website_d8f418ff/vendor/codeigniter4/framework/system/CodeIgniter.php(439): CodeIgniter\CodeIgniter->runController(Object(App\Controllers\CompanyController))
#10 /home3/purpura1/public_html/website_d8f418ff/vendor/codeigniter4/framework/system/CodeIgniter.php(339): CodeIgniter\CodeIgniter->handleRequest(NULL, Object(Config\Cache), false)
#11 /home3/purpura1/public_html/website_d8f418ff/public/index.php(44): CodeIgniter\CodeIgniter->run()
#12 {main}
CRITICAL - 2024-08-13 09:12:51 --> Trying to access array offset on value of type null
#0 /home3/purpura1/public_html/website_d8f418ff/app/Views/company/company-list.php(54): CodeIgniter\Debug\Exceptions->errorHandler(8, 'Trying to acces...', '/home3/purpura1...', 54, Array)
#1 /home3/purpura1/public_html/website_d8f418ff/vendor/codeigniter4/framework/system/View/View.php(230): include('/home3/purpura1...')
#2 /home3/purpura1/public_html/website_d8f418ff/vendor/codeigniter4/framework/system/View/View.php(232): CodeIgniter\View\View->CodeIgniter\View\{closure}()
#3 /home3/purpura1/public_html/website_d8f418ff/vendor/codeigniter4/framework/system/Common.php(1250): CodeIgniter\View\View->render('company/company...', Array, true)
#4 /home3/purpura1/public_html/website_d8f418ff/app/Controllers/CompanyController.php(44): view('company/company...', Array)
#5 /home3/purpura1/public_html/website_d8f418ff/vendor/codeigniter4/framework/system/CodeIgniter.php(931): App\Controllers\CompanyController->show_company_list()
#6 /home3/purpura1/public_html/website_d8f418ff/vendor/codeigniter4/framework/system/CodeIgniter.php(439): CodeIgniter\CodeIgniter->runController(Object(App\Controllers\CompanyController))
#7 /home3/purpura1/public_html/website_d8f418ff/vendor/codeigniter4/framework/system/CodeIgniter.php(339): CodeIgniter\CodeIgniter->handleRequest(NULL, Object(Config\Cache), false)
#8 /home3/purpura1/public_html/website_d8f418ff/public/index.php(44): CodeIgniter\CodeIgniter->run()
#9 {main}
CRITICAL - 2024-08-13 09:39:32 --> Trying to access array offset on value of type null
#0 /home3/purpura1/public_html/website_d8f418ff/app/Views/company/company-contact.php(216): CodeIgniter\Debug\Exceptions->errorHandler(8, 'Trying to acces...', '/home3/purpura1...', 216, Array)
#1 /home3/purpura1/public_html/website_d8f418ff/vendor/codeigniter4/framework/system/View/View.php(230): include('/home3/purpura1...')
#2 /home3/purpura1/public_html/website_d8f418ff/vendor/codeigniter4/framework/system/View/View.php(232): CodeIgniter\View\View->CodeIgniter\View\{closure}()
#3 /home3/purpura1/public_html/website_d8f418ff/vendor/codeigniter4/framework/system/Common.php(1250): CodeIgniter\View\View->render('company/company...', Array, true)
#4 /home3/purpura1/public_html/website_d8f418ff/app/Controllers/CompanyController.php(331): view('company/company...', Array)
#5 /home3/purpura1/public_html/website_d8f418ff/vendor/codeigniter4/framework/system/CodeIgniter.php(931): App\Controllers\CompanyController->show_company_contact('5')
#6 /home3/purpura1/public_html/website_d8f418ff/vendor/codeigniter4/framework/system/CodeIgniter.php(439): CodeIgniter\CodeIgniter->runController(Object(App\Controllers\CompanyController))
#7 /home3/purpura1/public_html/website_d8f418ff/vendor/codeigniter4/framework/system/CodeIgniter.php(339): CodeIgniter\CodeIgniter->handleRequest(NULL, Object(Config\Cache), false)
#8 /home3/purpura1/public_html/website_d8f418ff/public/index.php(44): CodeIgniter\CodeIgniter->run()
#9 {main}
CRITICAL - 2024-08-13 09:43:01 --> Trying to access array offset on value of type null
#0 /home3/purpura1/public_html/website_d8f418ff/app/Views/company/company-contact.php(216): CodeIgniter\Debug\Exceptions->errorHandler(8, 'Trying to acces...', '/home3/purpura1...', 216, Array)
#1 /home3/purpura1/public_html/website_d8f418ff/vendor/codeigniter4/framework/system/View/View.php(230): include('/home3/purpura1...')
#2 /home3/purpura1/public_html/website_d8f418ff/vendor/codeigniter4/framework/system/View/View.php(232): CodeIgniter\View\View->CodeIgniter\View\{closure}()
#3 /home3/purpura1/public_html/website_d8f418ff/vendor/codeigniter4/framework/system/Common.php(1250): CodeIgniter\View\View->render('company/company...', Array, true)
#4 /home3/purpura1/public_html/website_d8f418ff/app/Controllers/CompanyController.php(331): view('company/company...', Array)
#5 /home3/purpura1/public_html/website_d8f418ff/vendor/codeigniter4/framework/system/CodeIgniter.php(931): App\Controllers\CompanyController->show_company_contact('5')
#6 /home3/purpura1/public_html/website_d8f418ff/vendor/codeigniter4/framework/system/CodeIgniter.php(439): CodeIgniter\CodeIgniter->runController(Object(App\Controllers\CompanyController))
#7 /home3/purpura1/public_html/website_d8f418ff/vendor/codeigniter4/framework/system/CodeIgniter.php(339): CodeIgniter\CodeIgniter->handleRequest(NULL, Object(Config\Cache), false)
#8 /home3/purpura1/public_html/website_d8f418ff/public/index.php(44): CodeIgniter\CodeIgniter->run()
#9 {main}
CRITICAL - 2024-08-13 09:43:19 --> Trying to access array offset on value of type null
#0 /home3/purpura1/public_html/website_d8f418ff/app/Views/company/company-contact.php(216): CodeIgniter\Debug\Exceptions->errorHandler(8, 'Trying to acces...', '/home3/purpura1...', 216, Array)
#1 /home3/purpura1/public_html/website_d8f418ff/vendor/codeigniter4/framework/system/View/View.php(230): include('/home3/purpura1...')
#2 /home3/purpura1/public_html/website_d8f418ff/vendor/codeigniter4/framework/system/View/View.php(232): CodeIgniter\View\View->CodeIgniter\View\{closure}()
#3 /home3/purpura1/public_html/website_d8f418ff/vendor/codeigniter4/framework/system/Common.php(1250): CodeIgniter\View\View->render('company/company...', Array, true)
#4 /home3/purpura1/public_html/website_d8f418ff/app/Controllers/CompanyController.php(331): view('company/company...', Array)
#5 /home3/purpura1/public_html/website_d8f418ff/vendor/codeigniter4/framework/system/CodeIgniter.php(931): App\Controllers\CompanyController->show_company_contact('5')
#6 /home3/purpura1/public_html/website_d8f418ff/vendor/codeigniter4/framework/system/CodeIgniter.php(439): CodeIgniter\CodeIgniter->runController(Object(App\Controllers\CompanyController))
#7 /home3/purpura1/public_html/website_d8f418ff/vendor/codeigniter4/framework/system/CodeIgniter.php(339): CodeIgniter\CodeIgniter->handleRequest(NULL, Object(Config\Cache), false)
#8 /home3/purpura1/public_html/website_d8f418ff/public/index.php(44): CodeIgniter\CodeIgniter->run()
#9 {main}
CRITICAL - 2024-08-13 09:43:34 --> Trying to access array offset on value of type null
#0 /home3/purpura1/public_html/website_d8f418ff/app/Views/company/company-contact.php(216): CodeIgniter\Debug\Exceptions->errorHandler(8, 'Trying to acces...', '/home3/purpura1...', 216, Array)
#1 /home3/purpura1/public_html/website_d8f418ff/vendor/codeigniter4/framework/system/View/View.php(230): include('/home3/purpura1...')
#2 /home3/purpura1/public_html/website_d8f418ff/vendor/codeigniter4/framework/system/View/View.php(232): CodeIgniter\View\View->CodeIgniter\View\{closure}()
#3 /home3/purpura1/public_html/website_d8f418ff/vendor/codeigniter4/framework/system/Common.php(1250): CodeIgniter\View\View->render('company/company...', Array, true)
#4 /home3/purpura1/public_html/website_d8f418ff/app/Controllers/CompanyController.php(331): view('company/company...', Array)
#5 /home3/purpura1/public_html/website_d8f418ff/vendor/codeigniter4/framework/system/CodeIgniter.php(931): App\Controllers\CompanyController->show_company_contact('5')
#6 /home3/purpura1/public_html/website_d8f418ff/vendor/codeigniter4/framework/system/CodeIgniter.php(439): CodeIgniter\CodeIgniter->runController(Object(App\Controllers\CompanyController))
#7 /home3/purpura1/public_html/website_d8f418ff/vendor/codeigniter4/framework/system/CodeIgniter.php(339): CodeIgniter\CodeIgniter->handleRequest(NULL, Object(Config\Cache), false)
#8 /home3/purpura1/public_html/website_d8f418ff/public/index.php(44): CodeIgniter\CodeIgniter->run()
#9 {main}
CRITICAL - 2024-08-13 09:44:19 --> Trying to access array offset on value of type null
#0 /home3/purpura1/public_html/website_d8f418ff/app/Views/company/company-contact.php(216): CodeIgniter\Debug\Exceptions->errorHandler(8, 'Trying to acces...', '/home3/purpura1...', 216, Array)
#1 /home3/purpura1/public_html/website_d8f418ff/vendor/codeigniter4/framework/system/View/View.php(230): include('/home3/purpura1...')
#2 /home3/purpura1/public_html/website_d8f418ff/vendor/codeigniter4/framework/system/View/View.php(232): CodeIgniter\View\View->CodeIgniter\View\{closure}()
#3 /home3/purpura1/public_html/website_d8f418ff/vendor/codeigniter4/framework/system/Common.php(1250): CodeIgniter\View\View->render('company/company...', Array, true)
#4 /home3/purpura1/public_html/website_d8f418ff/app/Controllers/CompanyController.php(331): view('company/company...', Array)
#5 /home3/purpura1/public_html/website_d8f418ff/vendor/codeigniter4/framework/system/CodeIgniter.php(931): App\Controllers\CompanyController->show_company_contact('5')
#6 /home3/purpura1/public_html/website_d8f418ff/vendor/codeigniter4/framework/system/CodeIgniter.php(439): CodeIgniter\CodeIgniter->runController(Object(App\Controllers\CompanyController))
#7 /home3/purpura1/public_html/website_d8f418ff/vendor/codeigniter4/framework/system/CodeIgniter.php(339): CodeIgniter\CodeIgniter->handleRequest(NULL, Object(Config\Cache), false)
#8 /home3/purpura1/public_html/website_d8f418ff/public/index.php(44): CodeIgniter\CodeIgniter->run()
#9 {main}
CRITICAL - 2024-08-13 09:44:25 --> Trying to access array offset on value of type null
#0 /home3/purpura1/public_html/website_d8f418ff/app/Views/company/company-contact.php(216): CodeIgniter\Debug\Exceptions->errorHandler(8, 'Trying to acces...', '/home3/purpura1...', 216, Array)
#1 /home3/purpura1/public_html/website_d8f418ff/vendor/codeigniter4/framework/system/View/View.php(230): include('/home3/purpura1...')
#2 /home3/purpura1/public_html/website_d8f418ff/vendor/codeigniter4/framework/system/View/View.php(232): CodeIgniter\View\View->CodeIgniter\View\{closure}()
#3 /home3/purpura1/public_html/website_d8f418ff/vendor/codeigniter4/framework/system/Common.php(1250): CodeIgniter\View\View->render('company/company...', Array, true)
#4 /home3/purpura1/public_html/website_d8f418ff/app/Controllers/CompanyController.php(331): view('company/company...', Array)
#5 /home3/purpura1/public_html/website_d8f418ff/vendor/codeigniter4/framework/system/CodeIgniter.php(931): App\Controllers\CompanyController->show_company_contact('5')
#6 /home3/purpura1/public_html/website_d8f418ff/vendor/codeigniter4/framework/system/CodeIgniter.php(439): CodeIgniter\CodeIgniter->runController(Object(App\Controllers\CompanyController))
#7 /home3/purpura1/public_html/website_d8f418ff/vendor/codeigniter4/framework/system/CodeIgniter.php(339): CodeIgniter\CodeIgniter->handleRequest(NULL, Object(Config\Cache), false)
#8 /home3/purpura1/public_html/website_d8f418ff/public/index.php(44): CodeIgniter\CodeIgniter->run()
#9 {main}
CRITICAL - 2024-08-13 09:51:46 --> Trying to access array offset on value of type null
#0 /home3/purpura1/public_html/website_d8f418ff/app/Views/company/company-contact.php(216): CodeIgniter\Debug\Exceptions->errorHandler(8, 'Trying to acces...', '/home3/purpura1...', 216, Array)
#1 /home3/purpura1/public_html/website_d8f418ff/vendor/codeigniter4/framework/system/View/View.php(230): include('/home3/purpura1...')
#2 /home3/purpura1/public_html/website_d8f418ff/vendor/codeigniter4/framework/system/View/View.php(232): CodeIgniter\View\View->CodeIgniter\View\{closure}()
#3 /home3/purpura1/public_html/website_d8f418ff/vendor/codeigniter4/framework/system/Common.php(1250): CodeIgniter\View\View->render('company/company...', Array, true)
#4 /home3/purpura1/public_html/website_d8f418ff/app/Controllers/CompanyController.php(331): view('company/company...', Array)
#5 /home3/purpura1/public_html/website_d8f418ff/vendor/codeigniter4/framework/system/CodeIgniter.php(931): App\Controllers\CompanyController->show_company_contact('8')
#6 /home3/purpura1/public_html/website_d8f418ff/vendor/codeigniter4/framework/system/CodeIgniter.php(439): CodeIgniter\CodeIgniter->runController(Object(App\Controllers\CompanyController))
#7 /home3/purpura1/public_html/website_d8f418ff/vendor/codeigniter4/framework/system/CodeIgniter.php(339): CodeIgniter\CodeIgniter->handleRequest(NULL, Object(Config\Cache), false)
#8 /home3/purpura1/public_html/website_d8f418ff/public/index.php(44): CodeIgniter\CodeIgniter->run()
#9 {main}
CRITICAL - 2024-08-13 10:50:11 --> Trying to access array offset on value of type null
#0 /home3/purpura1/public_html/website_d8f418ff/app/Views/company/company-contact.php(216): CodeIgniter\Debug\Exceptions->errorHandler(8, 'Trying to acces...', '/home3/purpura1...', 216, Array)
#1 /home3/purpura1/public_html/website_d8f418ff/vendor/codeigniter4/framework/system/View/View.php(230): include('/home3/purpura1...')
#2 /home3/purpura1/public_html/website_d8f418ff/vendor/codeigniter4/framework/system/View/View.php(232): CodeIgniter\View\View->CodeIgniter\View\{closure}()
#3 /home3/purpura1/public_html/website_d8f418ff/vendor/codeigniter4/framework/system/Common.php(1250): CodeIgniter\View\View->render('company/company...', Array, true)
#4 /home3/purpura1/public_html/website_d8f418ff/app/Controllers/CompanyController.php(331): view('company/company...', Array)
#5 /home3/purpura1/public_html/website_d8f418ff/vendor/codeigniter4/framework/system/CodeIgniter.php(931): App\Controllers\CompanyController->show_company_contact('5')
#6 /home3/purpura1/public_html/website_d8f418ff/vendor/codeigniter4/framework/system/CodeIgniter.php(439): CodeIgniter\CodeIgniter->runController(Object(App\Controllers\CompanyController))
#7 /home3/purpura1/public_html/website_d8f418ff/vendor/codeigniter4/framework/system/CodeIgniter.php(339): CodeIgniter\CodeIgniter->handleRequest(NULL, Object(Config\Cache), false)
#8 /home3/purpura1/public_html/website_d8f418ff/public/index.php(44): CodeIgniter\CodeIgniter->run()
#9 {main}
CRITICAL - 2024-08-13 12:14:22 --> Undefined index: document
#0 /home3/purpura1/public_html/website_d8f418ff/app/Views/company/company-create.php(99): CodeIgniter\Debug\Exceptions->errorHandler(8, 'Undefined index...', '/home3/purpura1...', 99, Array)
#1 /home3/purpura1/public_html/website_d8f418ff/vendor/codeigniter4/framework/system/View/View.php(230): include('/home3/purpura1...')
#2 /home3/purpura1/public_html/website_d8f418ff/vendor/codeigniter4/framework/system/View/View.php(232): CodeIgniter\View\View->CodeIgniter\View\{closure}()
#3 /home3/purpura1/public_html/website_d8f418ff/vendor/codeigniter4/framework/system/Common.php(1250): CodeIgniter\View\View->render('company/company...', Array, true)
#4 /home3/purpura1/public_html/website_d8f418ff/app/Controllers/CompanyController.php(146): view('company/company...', Array)
#5 /home3/purpura1/public_html/website_d8f418ff/vendor/codeigniter4/framework/system/CodeIgniter.php(931): App\Controllers\CompanyController->show_company_create()
#6 /home3/purpura1/public_html/website_d8f418ff/vendor/codeigniter4/framework/system/CodeIgniter.php(439): CodeIgniter\CodeIgniter->runController(Object(App\Controllers\CompanyController))
#7 /home3/purpura1/public_html/website_d8f418ff/vendor/codeigniter4/framework/system/CodeIgniter.php(339): CodeIgniter\CodeIgniter->handleRequest(NULL, Object(Config\Cache), false)
#8 /home3/purpura1/public_html/website_d8f418ff/public/index.php(44): CodeIgniter\CodeIgniter->run()
#9 {main}
CRITICAL - 2024-08-13 18:06:33 --> Trying to access array offset on value of type null
#0 /home3/purpura1/public_html/website_d8f418ff/app/Views/company/company-contact.php(216): CodeIgniter\Debug\Exceptions->errorHandler(8, 'Trying to acces...', '/home3/purpura1...', 216, Array)
#1 /home3/purpura1/public_html/website_d8f418ff/vendor/codeigniter4/framework/system/View/View.php(230): include('/home3/purpura1...')
#2 /home3/purpura1/public_html/website_d8f418ff/vendor/codeigniter4/framework/system/View/View.php(232): CodeIgniter\View\View->CodeIgniter\View\{closure}()
#3 /home3/purpura1/public_html/website_d8f418ff/vendor/codeigniter4/framework/system/Common.php(1250): CodeIgniter\View\View->render('company/company...', Array, true)
#4 /home3/purpura1/public_html/website_d8f418ff/app/Controllers/CompanyController.php(331): view('company/company...', Array)
#5 /home3/purpura1/public_html/website_d8f418ff/vendor/codeigniter4/framework/system/CodeIgniter.php(931): App\Controllers\CompanyController->show_company_contact('5')
#6 /home3/purpura1/public_html/website_d8f418ff/vendor/codeigniter4/framework/system/CodeIgniter.php(439): CodeIgniter\CodeIgniter->runController(Object(App\Controllers\CompanyController))
#7 /home3/purpura1/public_html/website_d8f418ff/vendor/codeigniter4/framework/system/CodeIgniter.php(339): CodeIgniter\CodeIgniter->handleRequest(NULL, Object(Config\Cache), false)
#8 /home3/purpura1/public_html/website_d8f418ff/public/index.php(44): CodeIgniter\CodeIgniter->run()
#9 {main}
