CRITICAL - 2024-08-29 09:14:38 --> Undefined index: document
#0 /home3/purpura1/public_html/website_d8f418ff/app/Views/company/company-create.php(112): CodeIgniter\Debug\Exceptions->errorHandler(8, 'Undefined index...', '/home3/purpura1...', 112, Array)
#1 /home3/purpura1/public_html/website_d8f418ff/vendor/codeigniter4/framework/system/View/View.php(230): include('/home3/purpura1...')
#2 /home3/purpura1/public_html/website_d8f418ff/vendor/codeigniter4/framework/system/View/View.php(232): CodeIgniter\View\View->CodeIgniter\View\{closure}()
#3 /home3/purpura1/public_html/website_d8f418ff/vendor/codeigniter4/framework/system/Common.php(1250): CodeIgniter\View\View->render('company/company...', Array, true)
#4 /home3/purpura1/public_html/website_d8f418ff/app/Controllers/CompanyController.php(206): view('company/company...', Array)
#5 /home3/purpura1/public_html/website_d8f418ff/vendor/codeigniter4/framework/system/CodeIgniter.php(931): App\Controllers\CompanyController->show_company_create()
#6 /home3/purpura1/public_html/website_d8f418ff/vendor/codeigniter4/framework/system/CodeIgniter.php(439): CodeIgniter\CodeIgniter->runController(Object(App\Controllers\CompanyController))
#7 /home3/purpura1/public_html/website_d8f418ff/vendor/codeigniter4/framework/system/CodeIgniter.php(339): CodeIgniter\CodeIgniter->handleRequest(NULL, Object(Config\Cache), false)
#8 /home3/purpura1/public_html/website_d8f418ff/public/index.php(44): CodeIgniter\CodeIgniter->run()
#9 {main}
CRITICAL - 2024-08-29 12:18:30 --> unlink(/home3/purpura1/public_html/website_d8f418ff/writable/debugbar/debugbar_1724948617.json): No such file or directory
#0 [internal function]: CodeIgniter\Debug\Exceptions->errorHandler(2, 'unlink(/home3/p...', '/home3/purpura1...', 78, Array)
#1 /home3/purpura1/public_html/website_d8f418ff/vendor/codeigniter4/framework/system/Debug/Toolbar/Collectors/History.php(78): unlink('/home3/purpura1...')
#2 /home3/purpura1/public_html/website_d8f418ff/vendor/codeigniter4/framework/system/Debug/Toolbar.php(480): CodeIgniter\Debug\Toolbar\Collectors\History->setFiles(1724951909, 20)
#3 /home3/purpura1/public_html/website_d8f418ff/vendor/codeigniter4/framework/system/Debug/Toolbar.php(452): CodeIgniter\Debug\Toolbar->format(Array, 'html')
#4 /home3/purpura1/public_html/website_d8f418ff/app/Config/Events.php(50): CodeIgniter\Debug\Toolbar->respond()
#5 [internal function]: CodeIgniter\Events\Events::Config\{closure}()
#6 /home3/purpura1/public_html/website_d8f418ff/vendor/codeigniter4/framework/system/Events/Events.php(166): call_user_func(Object(Closure))
#7 /home3/purpura1/public_html/website_d8f418ff/vendor/codeigniter4/framework/system/CodeIgniter.php(319): CodeIgniter\Events\Events::trigger('pre_system')
#8 /home3/purpura1/public_html/website_d8f418ff/public/index.php(44): CodeIgniter\CodeIgniter->run()
#9 {main}
CRITICAL - 2024-08-29 12:46:16 --> Undefined index: document
#0 /home3/purpura1/public_html/website_d8f418ff/app/Views/company/company-create.php(112): CodeIgniter\Debug\Exceptions->errorHandler(8, 'Undefined index...', '/home3/purpura1...', 112, Array)
#1 /home3/purpura1/public_html/website_d8f418ff/vendor/codeigniter4/framework/system/View/View.php(230): include('/home3/purpura1...')
#2 /home3/purpura1/public_html/website_d8f418ff/vendor/codeigniter4/framework/system/View/View.php(232): CodeIgniter\View\View->CodeIgniter\View\{closure}()
#3 /home3/purpura1/public_html/website_d8f418ff/vendor/codeigniter4/framework/system/Common.php(1250): CodeIgniter\View\View->render('company/company...', Array, true)
#4 /home3/purpura1/public_html/website_d8f418ff/app/Controllers/CompanyController.php(206): view('company/company...', Array)
#5 /home3/purpura1/public_html/website_d8f418ff/vendor/codeigniter4/framework/system/CodeIgniter.php(931): App\Controllers\CompanyController->show_company_create()
#6 /home3/purpura1/public_html/website_d8f418ff/vendor/codeigniter4/framework/system/CodeIgniter.php(439): CodeIgniter\CodeIgniter->runController(Object(App\Controllers\CompanyController))
#7 /home3/purpura1/public_html/website_d8f418ff/vendor/codeigniter4/framework/system/CodeIgniter.php(339): CodeIgniter\CodeIgniter->handleRequest(NULL, Object(Config\Cache), false)
#8 /home3/purpura1/public_html/website_d8f418ff/public/index.php(44): CodeIgniter\CodeIgniter->run()
#9 {main}
