CRITICAL - 2024-09-20 09:01:02 --> Undefined variable: user
#0 /home2/wmlobzmc/public_html/grupolozamora/intranet/app/Views/user/user-create.php(130): CodeIgniter\Debug\Exceptions->errorHandler(8, 'Undefined varia...', '/home2/wmlobzmc...', 130, Array)
#1 /home2/wmlobzmc/public_html/grupolozamora/intranet/vendor/codeigniter4/framework/system/View/View.php(230): include('/home2/wmlobzmc...')
#2 /home2/wmlobzmc/public_html/grupolozamora/intranet/vendor/codeigniter4/framework/system/View/View.php(232): CodeIgniter\View\View->CodeIgniter\View\{closure}()
#3 /home2/wmlobzmc/public_html/grupolozamora/intranet/vendor/codeigniter4/framework/system/Common.php(1250): CodeIgniter\View\View->render('user/user-creat...', Array, true)
#4 /home2/wmlobzmc/public_html/grupolozamora/intranet/app/Controllers/UserController.php(107): view('user/user-creat...', Array)
#5 /home2/wmlobzmc/public_html/grupolozamora/intranet/vendor/codeigniter4/framework/system/CodeIgniter.php(931): App\Controllers\UserController->show_user_create()
#6 /home2/wmlobzmc/public_html/grupolozamora/intranet/vendor/codeigniter4/framework/system/CodeIgniter.php(439): CodeIgniter\CodeIgniter->runController(Object(App\Controllers\UserController))
#7 /home2/wmlobzmc/public_html/grupolozamora/intranet/vendor/codeigniter4/framework/system/CodeIgniter.php(339): CodeIgniter\CodeIgniter->handleRequest(NULL, Object(Config\Cache), false)
#8 /home2/wmlobzmc/public_html/grupolozamora/intranet/public/index.php(44): CodeIgniter\CodeIgniter->run()
#9 {main}
CRITICAL - 2024-09-20 09:01:22 --> Undefined variable: user
#0 /home2/wmlobzmc/public_html/grupolozamora/intranet/app/Views/user/user-create.php(130): CodeIgniter\Debug\Exceptions->errorHandler(8, 'Undefined varia...', '/home2/wmlobzmc...', 130, Array)
#1 /home2/wmlobzmc/public_html/grupolozamora/intranet/vendor/codeigniter4/framework/system/View/View.php(230): include('/home2/wmlobzmc...')
#2 /home2/wmlobzmc/public_html/grupolozamora/intranet/vendor/codeigniter4/framework/system/View/View.php(232): CodeIgniter\View\View->CodeIgniter\View\{closure}()
#3 /home2/wmlobzmc/public_html/grupolozamora/intranet/vendor/codeigniter4/framework/system/Common.php(1250): CodeIgniter\View\View->render('user/user-creat...', Array, true)
#4 /home2/wmlobzmc/public_html/grupolozamora/intranet/app/Controllers/UserController.php(107): view('user/user-creat...', Array)
#5 /home2/wmlobzmc/public_html/grupolozamora/intranet/vendor/codeigniter4/framework/system/CodeIgniter.php(931): App\Controllers\UserController->show_user_create()
#6 /home2/wmlobzmc/public_html/grupolozamora/intranet/vendor/codeigniter4/framework/system/CodeIgniter.php(439): CodeIgniter\CodeIgniter->runController(Object(App\Controllers\UserController))
#7 /home2/wmlobzmc/public_html/grupolozamora/intranet/vendor/codeigniter4/framework/system/CodeIgniter.php(339): CodeIgniter\CodeIgniter->handleRequest(NULL, Object(Config\Cache), false)
#8 /home2/wmlobzmc/public_html/grupolozamora/intranet/public/index.php(44): CodeIgniter\CodeIgniter->run()
#9 {main}
CRITICAL - 2024-09-20 09:01:43 --> Undefined variable: dataform
#0 /home2/wmlobzmc/public_html/grupolozamora/intranet/app/Views/user/user-create.php(130): CodeIgniter\Debug\Exceptions->errorHandler(8, 'Undefined varia...', '/home2/wmlobzmc...', 130, Array)
#1 /home2/wmlobzmc/public_html/grupolozamora/intranet/vendor/codeigniter4/framework/system/View/View.php(230): include('/home2/wmlobzmc...')
#2 /home2/wmlobzmc/public_html/grupolozamora/intranet/vendor/codeigniter4/framework/system/View/View.php(232): CodeIgniter\View\View->CodeIgniter\View\{closure}()
#3 /home2/wmlobzmc/public_html/grupolozamora/intranet/vendor/codeigniter4/framework/system/Common.php(1250): CodeIgniter\View\View->render('user/user-creat...', Array, true)
#4 /home2/wmlobzmc/public_html/grupolozamora/intranet/app/Controllers/UserController.php(107): view('user/user-creat...', Array)
#5 /home2/wmlobzmc/public_html/grupolozamora/intranet/vendor/codeigniter4/framework/system/CodeIgniter.php(931): App\Controllers\UserController->show_user_create()
#6 /home2/wmlobzmc/public_html/grupolozamora/intranet/vendor/codeigniter4/framework/system/CodeIgniter.php(439): CodeIgniter\CodeIgniter->runController(Object(App\Controllers\UserController))
#7 /home2/wmlobzmc/public_html/grupolozamora/intranet/vendor/codeigniter4/framework/system/CodeIgniter.php(339): CodeIgniter\CodeIgniter->handleRequest(NULL, Object(Config\Cache), false)
#8 /home2/wmlobzmc/public_html/grupolozamora/intranet/public/index.php(44): CodeIgniter\CodeIgniter->run()
#9 {main}
CRITICAL - 2024-09-20 09:01:46 --> Undefined variable: dataform
#0 /home2/wmlobzmc/public_html/grupolozamora/intranet/app/Views/user/user-create.php(130): CodeIgniter\Debug\Exceptions->errorHandler(8, 'Undefined varia...', '/home2/wmlobzmc...', 130, Array)
#1 /home2/wmlobzmc/public_html/grupolozamora/intranet/vendor/codeigniter4/framework/system/View/View.php(230): include('/home2/wmlobzmc...')
#2 /home2/wmlobzmc/public_html/grupolozamora/intranet/vendor/codeigniter4/framework/system/View/View.php(232): CodeIgniter\View\View->CodeIgniter\View\{closure}()
#3 /home2/wmlobzmc/public_html/grupolozamora/intranet/vendor/codeigniter4/framework/system/Common.php(1250): CodeIgniter\View\View->render('user/user-creat...', Array, true)
#4 /home2/wmlobzmc/public_html/grupolozamora/intranet/app/Controllers/UserController.php(107): view('user/user-creat...', Array)
#5 /home2/wmlobzmc/public_html/grupolozamora/intranet/vendor/codeigniter4/framework/system/CodeIgniter.php(931): App\Controllers\UserController->show_user_create()
#6 /home2/wmlobzmc/public_html/grupolozamora/intranet/vendor/codeigniter4/framework/system/CodeIgniter.php(439): CodeIgniter\CodeIgniter->runController(Object(App\Controllers\UserController))
#7 /home2/wmlobzmc/public_html/grupolozamora/intranet/vendor/codeigniter4/framework/system/CodeIgniter.php(339): CodeIgniter\CodeIgniter->handleRequest(NULL, Object(Config\Cache), false)
#8 /home2/wmlobzmc/public_html/grupolozamora/intranet/public/index.php(44): CodeIgniter\CodeIgniter->run()
#9 {main}
CRITICAL - 2024-09-20 09:02:13 --> Undefined variable: dataform
#0 /home2/wmlobzmc/public_html/grupolozamora/intranet/app/Views/user/user-create.php(130): CodeIgniter\Debug\Exceptions->errorHandler(8, 'Undefined varia...', '/home2/wmlobzmc...', 130, Array)
#1 /home2/wmlobzmc/public_html/grupolozamora/intranet/vendor/codeigniter4/framework/system/View/View.php(230): include('/home2/wmlobzmc...')
#2 /home2/wmlobzmc/public_html/grupolozamora/intranet/vendor/codeigniter4/framework/system/View/View.php(232): CodeIgniter\View\View->CodeIgniter\View\{closure}()
#3 /home2/wmlobzmc/public_html/grupolozamora/intranet/vendor/codeigniter4/framework/system/Common.php(1250): CodeIgniter\View\View->render('user/user-creat...', Array, true)
#4 /home2/wmlobzmc/public_html/grupolozamora/intranet/app/Controllers/UserController.php(107): view('user/user-creat...', Array)
#5 /home2/wmlobzmc/public_html/grupolozamora/intranet/vendor/codeigniter4/framework/system/CodeIgniter.php(931): App\Controllers\UserController->show_user_create()
#6 /home2/wmlobzmc/public_html/grupolozamora/intranet/vendor/codeigniter4/framework/system/CodeIgniter.php(439): CodeIgniter\CodeIgniter->runController(Object(App\Controllers\UserController))
#7 /home2/wmlobzmc/public_html/grupolozamora/intranet/vendor/codeigniter4/framework/system/CodeIgniter.php(339): CodeIgniter\CodeIgniter->handleRequest(NULL, Object(Config\Cache), false)
#8 /home2/wmlobzmc/public_html/grupolozamora/intranet/public/index.php(44): CodeIgniter\CodeIgniter->run()
#9 {main}
CRITICAL - 2024-09-20 09:02:14 --> Undefined variable: dataform
#0 /home2/wmlobzmc/public_html/grupolozamora/intranet/app/Views/user/user-create.php(130): CodeIgniter\Debug\Exceptions->errorHandler(8, 'Undefined varia...', '/home2/wmlobzmc...', 130, Array)
#1 /home2/wmlobzmc/public_html/grupolozamora/intranet/vendor/codeigniter4/framework/system/View/View.php(230): include('/home2/wmlobzmc...')
#2 /home2/wmlobzmc/public_html/grupolozamora/intranet/vendor/codeigniter4/framework/system/View/View.php(232): CodeIgniter\View\View->CodeIgniter\View\{closure}()
#3 /home2/wmlobzmc/public_html/grupolozamora/intranet/vendor/codeigniter4/framework/system/Common.php(1250): CodeIgniter\View\View->render('user/user-creat...', Array, true)
#4 /home2/wmlobzmc/public_html/grupolozamora/intranet/app/Controllers/UserController.php(107): view('user/user-creat...', Array)
#5 /home2/wmlobzmc/public_html/grupolozamora/intranet/vendor/codeigniter4/framework/system/CodeIgniter.php(931): App\Controllers\UserController->show_user_create()
#6 /home2/wmlobzmc/public_html/grupolozamora/intranet/vendor/codeigniter4/framework/system/CodeIgniter.php(439): CodeIgniter\CodeIgniter->runController(Object(App\Controllers\UserController))
#7 /home2/wmlobzmc/public_html/grupolozamora/intranet/vendor/codeigniter4/framework/system/CodeIgniter.php(339): CodeIgniter\CodeIgniter->handleRequest(NULL, Object(Config\Cache), false)
#8 /home2/wmlobzmc/public_html/grupolozamora/intranet/public/index.php(44): CodeIgniter\CodeIgniter->run()
#9 {main}
