CRITICAL - 2025-07-03 19:21:17 --> syntax error, unexpected 'echo' (T_ECHO)
#0 C:\xampp\htdocs\vendor\codeigniter4\framework\system\Autoloader\Autoloader.php(282): CodeIgniter\Autoloader\Autoloader->includeFile('C:\\xampp\\htdocs...')
#1 C:\xampp\htdocs\vendor\codeigniter4\framework\system\Autoloader\Autoloader.php(247): CodeIgniter\Autoloader\Autoloader->loadInNamespace('App\\Controllers...')
#2 [internal function]: CodeIgniter\Autoloader\Autoloader->loadClass('App\\Controllers...')
#3 [internal function]: spl_autoload_call('App\\Controllers...')
#4 C:\xampp\htdocs\vendor\codeigniter4\framework\system\CodeIgniter.php(888): class_exists('\\App\\Controller...', true)
#5 C:\xampp\htdocs\vendor\codeigniter4\framework\system\CodeIgniter.php(424): CodeIgniter\CodeIgniter->startController()
#6 C:\xampp\htdocs\vendor\codeigniter4\framework\system\CodeIgniter.php(339): CodeIgniter\CodeIgniter->handleRequest(NULL, Object(Config\Cache), false)
#7 C:\xampp\htdocs\public\index.php(44): CodeIgniter\CodeIgniter->run()
#8 {main}
CRITICAL - 2025-07-03 19:25:00 --> Undefined index: issue_date
#0 C:\xampp\htdocs\app\Controllers\MainController.php(195): CodeIgniter\Debug\Exceptions->errorHandler(8, 'Undefined index...', 'C:\\xampp\\htdocs...', 195, Array)
#1 C:\xampp\htdocs\vendor\codeigniter4\framework\system\CodeIgniter.php(931): App\Controllers\MainController->show_cash_flow_list()
#2 C:\xampp\htdocs\vendor\codeigniter4\framework\system\CodeIgniter.php(439): CodeIgniter\CodeIgniter->runController(Object(App\Controllers\MainController))
#3 C:\xampp\htdocs\vendor\codeigniter4\framework\system\CodeIgniter.php(339): CodeIgniter\CodeIgniter->handleRequest(NULL, Object(Config\Cache), false)
#4 C:\xampp\htdocs\public\index.php(44): CodeIgniter\CodeIgniter->run()
#5 {main}
CRITICAL - 2025-07-03 21:19:45 --> Trying to access array offset on value of type int
#0 C:\xampp\htdocs\app\Views\cash-flow\cash-flow-list.php(94): CodeIgniter\Debug\Exceptions->errorHandler(8, 'Trying to acces...', 'C:\\xampp\\htdocs...', 94, Array)
#1 C:\xampp\htdocs\vendor\codeigniter4\framework\system\View\View.php(230): include('C:\\xampp\\htdocs...')
#2 C:\xampp\htdocs\vendor\codeigniter4\framework\system\View\View.php(232): CodeIgniter\View\View->CodeIgniter\View\{closure}()
#3 C:\xampp\htdocs\vendor\codeigniter4\framework\system\Common.php(1250): CodeIgniter\View\View->render('cash-flow/cash-...', Array, true)
#4 C:\xampp\htdocs\app\Controllers\MainController.php(304): view('cash-flow/cash-...', Array)
#5 C:\xampp\htdocs\vendor\codeigniter4\framework\system\CodeIgniter.php(931): App\Controllers\MainController->show_cash_flow_list()
#6 C:\xampp\htdocs\vendor\codeigniter4\framework\system\CodeIgniter.php(439): CodeIgniter\CodeIgniter->runController(Object(App\Controllers\MainController))
#7 C:\xampp\htdocs\vendor\codeigniter4\framework\system\CodeIgniter.php(339): CodeIgniter\CodeIgniter->handleRequest(NULL, Object(Config\Cache), false)
#8 C:\xampp\htdocs\public\index.php(44): CodeIgniter\CodeIgniter->run()
#9 {main}
CRITICAL - 2025-07-03 21:20:11 --> Trying to access array offset on value of type int
#0 C:\xampp\htdocs\app\Views\cash-flow\cash-flow-list.php(94): CodeIgniter\Debug\Exceptions->errorHandler(8, 'Trying to acces...', 'C:\\xampp\\htdocs...', 94, Array)
#1 C:\xampp\htdocs\vendor\codeigniter4\framework\system\View\View.php(230): include('C:\\xampp\\htdocs...')
#2 C:\xampp\htdocs\vendor\codeigniter4\framework\system\View\View.php(232): CodeIgniter\View\View->CodeIgniter\View\{closure}()
#3 C:\xampp\htdocs\vendor\codeigniter4\framework\system\Common.php(1250): CodeIgniter\View\View->render('cash-flow/cash-...', Array, true)
#4 C:\xampp\htdocs\app\Controllers\MainController.php(304): view('cash-flow/cash-...', Array)
#5 C:\xampp\htdocs\vendor\codeigniter4\framework\system\CodeIgniter.php(931): App\Controllers\MainController->show_cash_flow_list()
#6 C:\xampp\htdocs\vendor\codeigniter4\framework\system\CodeIgniter.php(439): CodeIgniter\CodeIgniter->runController(Object(App\Controllers\MainController))
#7 C:\xampp\htdocs\vendor\codeigniter4\framework\system\CodeIgniter.php(339): CodeIgniter\CodeIgniter->handleRequest(NULL, Object(Config\Cache), false)
#8 C:\xampp\htdocs\public\index.php(44): CodeIgniter\CodeIgniter->run()
#9 {main}
CRITICAL - 2025-07-03 21:25:35 --> number_format() expects parameter 1 to be float, string given
#0 [internal function]: CodeIgniter\Debug\Exceptions->errorHandler(2, 'number_format()...', 'C:\\xampp\\htdocs...', 106, Array)
#1 C:\xampp\htdocs\app\Views\cash-flow\cash-flow-list.php(106): number_format('', 2)
#2 C:\xampp\htdocs\vendor\codeigniter4\framework\system\View\View.php(230): include('C:\\xampp\\htdocs...')
#3 C:\xampp\htdocs\vendor\codeigniter4\framework\system\View\View.php(232): CodeIgniter\View\View->CodeIgniter\View\{closure}()
#4 C:\xampp\htdocs\vendor\codeigniter4\framework\system\Common.php(1250): CodeIgniter\View\View->render('cash-flow/cash-...', Array, true)
#5 C:\xampp\htdocs\app\Controllers\MainController.php(306): view('cash-flow/cash-...', Array)
#6 C:\xampp\htdocs\vendor\codeigniter4\framework\system\CodeIgniter.php(931): App\Controllers\MainController->show_cash_flow_list()
#7 C:\xampp\htdocs\vendor\codeigniter4\framework\system\CodeIgniter.php(439): CodeIgniter\CodeIgniter->runController(Object(App\Controllers\MainController))
#8 C:\xampp\htdocs\vendor\codeigniter4\framework\system\CodeIgniter.php(339): CodeIgniter\CodeIgniter->handleRequest(NULL, Object(Config\Cache), false)
#9 C:\xampp\htdocs\public\index.php(44): CodeIgniter\CodeIgniter->run()
#10 {main}
CRITICAL - 2025-07-03 22:10:50 --> number_format() expects parameter 1 to be float, string given
#0 [internal function]: CodeIgniter\Debug\Exceptions->errorHandler(2, 'number_format()...', 'C:\\xampp\\htdocs...', 107, Array)
#1 C:\xampp\htdocs\app\Views\cash-flow\cash-flow-list.php(107): number_format('', 2)
#2 C:\xampp\htdocs\vendor\codeigniter4\framework\system\View\View.php(230): include('C:\\xampp\\htdocs...')
#3 C:\xampp\htdocs\vendor\codeigniter4\framework\system\View\View.php(232): CodeIgniter\View\View->CodeIgniter\View\{closure}()
#4 C:\xampp\htdocs\vendor\codeigniter4\framework\system\Common.php(1250): CodeIgniter\View\View->render('cash-flow/cash-...', Array, true)
#5 C:\xampp\htdocs\app\Controllers\MainController.php(307): view('cash-flow/cash-...', Array)
#6 C:\xampp\htdocs\vendor\codeigniter4\framework\system\CodeIgniter.php(931): App\Controllers\MainController->show_cash_flow_list()
#7 C:\xampp\htdocs\vendor\codeigniter4\framework\system\CodeIgniter.php(439): CodeIgniter\CodeIgniter->runController(Object(App\Controllers\MainController))
#8 C:\xampp\htdocs\vendor\codeigniter4\framework\system\CodeIgniter.php(339): CodeIgniter\CodeIgniter->handleRequest(NULL, Object(Config\Cache), false)
#9 C:\xampp\htdocs\public\index.php(44): CodeIgniter\CodeIgniter->run()
#10 {main}
CRITICAL - 2025-07-03 22:11:23 --> number_format() expects parameter 1 to be float, string given
#0 [internal function]: CodeIgniter\Debug\Exceptions->errorHandler(2, 'number_format()...', 'C:\\xampp\\htdocs...', 111, Array)
#1 C:\xampp\htdocs\app\Views\cash-flow\cash-flow-list.php(111): number_format('', 2)
#2 C:\xampp\htdocs\vendor\codeigniter4\framework\system\View\View.php(230): include('C:\\xampp\\htdocs...')
#3 C:\xampp\htdocs\vendor\codeigniter4\framework\system\View\View.php(232): CodeIgniter\View\View->CodeIgniter\View\{closure}()
#4 C:\xampp\htdocs\vendor\codeigniter4\framework\system\Common.php(1250): CodeIgniter\View\View->render('cash-flow/cash-...', Array, true)
#5 C:\xampp\htdocs\app\Controllers\MainController.php(307): view('cash-flow/cash-...', Array)
#6 C:\xampp\htdocs\vendor\codeigniter4\framework\system\CodeIgniter.php(931): App\Controllers\MainController->show_cash_flow_list()
#7 C:\xampp\htdocs\vendor\codeigniter4\framework\system\CodeIgniter.php(439): CodeIgniter\CodeIgniter->runController(Object(App\Controllers\MainController))
#8 C:\xampp\htdocs\vendor\codeigniter4\framework\system\CodeIgniter.php(339): CodeIgniter\CodeIgniter->handleRequest(NULL, Object(Config\Cache), false)
#9 C:\xampp\htdocs\public\index.php(44): CodeIgniter\CodeIgniter->run()
#10 {main}
