CRITICAL - 2024-08-27 08:33:08 --> Invalid file: company/company-history-list.php
#0 /home3/purpura1/public_html/website_d8f418ff/vendor/codeigniter4/framework/system/View/View.php(213): CodeIgniter\Exceptions\FrameworkException::forInvalidFile('company/company...')
#1 /home3/purpura1/public_html/website_d8f418ff/vendor/codeigniter4/framework/system/Common.php(1250): CodeIgniter\View\View->render('company/company...', Array, true)
#2 /home3/purpura1/public_html/website_d8f418ff/app/Controllers/CompanyController.php(71): view('company/company...', Array)
#3 /home3/purpura1/public_html/website_d8f418ff/vendor/codeigniter4/framework/system/CodeIgniter.php(931): App\Controllers\CompanyController->show_company_history_list()
#4 /home3/purpura1/public_html/website_d8f418ff/vendor/codeigniter4/framework/system/CodeIgniter.php(439): CodeIgniter\CodeIgniter->runController(Object(App\Controllers\CompanyController))
#5 /home3/purpura1/public_html/website_d8f418ff/vendor/codeigniter4/framework/system/CodeIgniter.php(339): CodeIgniter\CodeIgniter->handleRequest(NULL, Object(Config\Cache), false)
#6 /home3/purpura1/public_html/website_d8f418ff/public/index.php(44): CodeIgniter\CodeIgniter->run()
#7 {main}
CRITICAL - 2024-08-27 08:38:01 --> You have an error in your SQL syntax; check the manual that corresponds to your MySQL server version for the right syntax to use near '.`id`)
WHERE `user_id` = '5'' at line 3
#0 /home3/purpura1/public_html/website_d8f418ff/vendor/codeigniter4/framework/system/Database/MySQLi/Connection.php(328): mysqli->query('SELECT `busines...')
#1 /home3/purpura1/public_html/website_d8f418ff/vendor/codeigniter4/framework/system/Database/BaseConnection.php(732): CodeIgniter\Database\MySQLi\Connection->execute('SELECT `busines...')
#2 /home3/purpura1/public_html/website_d8f418ff/vendor/codeigniter4/framework/system/Database/BaseConnection.php(647): CodeIgniter\Database\BaseConnection->simpleQuery('SELECT `busines...')
#3 /home3/purpura1/public_html/website_d8f418ff/vendor/codeigniter4/framework/system/Database/BaseBuilder.php(1881): CodeIgniter\Database\BaseConnection->query('SELECT `busines...', Array, false)
#4 /home3/purpura1/public_html/website_d8f418ff/vendor/codeigniter4/framework/system/Model.php(197): CodeIgniter\Database\BaseBuilder->get()
#5 /home3/purpura1/public_html/website_d8f418ff/vendor/codeigniter4/framework/system/BaseModel.php(603): CodeIgniter\Model->doFindAll(0, 0)
#6 /home3/purpura1/public_html/website_d8f418ff/app/Controllers/CompanyController.php(63): CodeIgniter\BaseModel->findAll()
#7 /home3/purpura1/public_html/website_d8f418ff/vendor/codeigniter4/framework/system/CodeIgniter.php(931): App\Controllers\CompanyController->show_company_history_list()
#8 /home3/purpura1/public_html/website_d8f418ff/vendor/codeigniter4/framework/system/CodeIgniter.php(439): CodeIgniter\CodeIgniter->runController(Object(App\Controllers\CompanyController))
#9 /home3/purpura1/public_html/website_d8f418ff/vendor/codeigniter4/framework/system/CodeIgniter.php(339): CodeIgniter\CodeIgniter->handleRequest(NULL, Object(Config\Cache), false)
#10 /home3/purpura1/public_html/website_d8f418ff/public/index.php(44): CodeIgniter\CodeIgniter->run()
#11 {main}
CRITICAL - 2024-08-27 08:38:36 --> You have an error in your SQL syntax; check the manual that corresponds to your MySQL server version for the right syntax to use near '.`id`)
WHERE `business`.`user_id` = '5'' at line 3
#0 /home3/purpura1/public_html/website_d8f418ff/vendor/codeigniter4/framework/system/Database/MySQLi/Connection.php(328): mysqli->query('SELECT `busines...')
#1 /home3/purpura1/public_html/website_d8f418ff/vendor/codeigniter4/framework/system/Database/BaseConnection.php(732): CodeIgniter\Database\MySQLi\Connection->execute('SELECT `busines...')
#2 /home3/purpura1/public_html/website_d8f418ff/vendor/codeigniter4/framework/system/Database/BaseConnection.php(647): CodeIgniter\Database\BaseConnection->simpleQuery('SELECT `busines...')
#3 /home3/purpura1/public_html/website_d8f418ff/vendor/codeigniter4/framework/system/Database/BaseBuilder.php(1881): CodeIgniter\Database\BaseConnection->query('SELECT `busines...', Array, false)
#4 /home3/purpura1/public_html/website_d8f418ff/vendor/codeigniter4/framework/system/Model.php(197): CodeIgniter\Database\BaseBuilder->get()
#5 /home3/purpura1/public_html/website_d8f418ff/vendor/codeigniter4/framework/system/BaseModel.php(603): CodeIgniter\Model->doFindAll(0, 0)
#6 /home3/purpura1/public_html/website_d8f418ff/app/Controllers/CompanyController.php(63): CodeIgniter\BaseModel->findAll()
#7 /home3/purpura1/public_html/website_d8f418ff/vendor/codeigniter4/framework/system/CodeIgniter.php(931): App\Controllers\CompanyController->show_company_history_list()
#8 /home3/purpura1/public_html/website_d8f418ff/vendor/codeigniter4/framework/system/CodeIgniter.php(439): CodeIgniter\CodeIgniter->runController(Object(App\Controllers\CompanyController))
#9 /home3/purpura1/public_html/website_d8f418ff/vendor/codeigniter4/framework/system/CodeIgniter.php(339): CodeIgniter\CodeIgniter->handleRequest(NULL, Object(Config\Cache), false)
#10 /home3/purpura1/public_html/website_d8f418ff/public/index.php(44): CodeIgniter\CodeIgniter->run()
#11 {main}
CRITICAL - 2024-08-27 08:41:07 --> You have an error in your SQL syntax; check the manual that corresponds to your MySQL server version for the right syntax to use near '.`id`)
WHERE `business`.`user_id` = '5'' at line 3
#0 /home3/purpura1/public_html/website_d8f418ff/vendor/codeigniter4/framework/system/Database/MySQLi/Connection.php(328): mysqli->query('SELECT `busines...')
#1 /home3/purpura1/public_html/website_d8f418ff/vendor/codeigniter4/framework/system/Database/BaseConnection.php(732): CodeIgniter\Database\MySQLi\Connection->execute('SELECT `busines...')
#2 /home3/purpura1/public_html/website_d8f418ff/vendor/codeigniter4/framework/system/Database/BaseConnection.php(647): CodeIgniter\Database\BaseConnection->simpleQuery('SELECT `busines...')
#3 /home3/purpura1/public_html/website_d8f418ff/vendor/codeigniter4/framework/system/Database/BaseBuilder.php(1881): CodeIgniter\Database\BaseConnection->query('SELECT `busines...', Array, false)
#4 /home3/purpura1/public_html/website_d8f418ff/vendor/codeigniter4/framework/system/Model.php(197): CodeIgniter\Database\BaseBuilder->get()
#5 /home3/purpura1/public_html/website_d8f418ff/vendor/codeigniter4/framework/system/BaseModel.php(603): CodeIgniter\Model->doFindAll(0, 0)
#6 /home3/purpura1/public_html/website_d8f418ff/app/Controllers/CompanyController.php(65): CodeIgniter\BaseModel->findAll()
#7 /home3/purpura1/public_html/website_d8f418ff/vendor/codeigniter4/framework/system/CodeIgniter.php(931): App\Controllers\CompanyController->show_company_history_list()
#8 /home3/purpura1/public_html/website_d8f418ff/vendor/codeigniter4/framework/system/CodeIgniter.php(439): CodeIgniter\CodeIgniter->runController(Object(App\Controllers\CompanyController))
#9 /home3/purpura1/public_html/website_d8f418ff/vendor/codeigniter4/framework/system/CodeIgniter.php(339): CodeIgniter\CodeIgniter->handleRequest(NULL, Object(Config\Cache), false)
#10 /home3/purpura1/public_html/website_d8f418ff/public/index.php(44): CodeIgniter\CodeIgniter->run()
#11 {main}
CRITICAL - 2024-08-27 08:44:22 --> Undefined variable: companies
#0 /home3/purpura1/public_html/website_d8f418ff/app/Views/company/company-history-list.php(47): CodeIgniter\Debug\Exceptions->errorHandler(8, 'Undefined varia...', '/home3/purpura1...', 47, Array)
#1 /home3/purpura1/public_html/website_d8f418ff/vendor/codeigniter4/framework/system/View/View.php(230): include('/home3/purpura1...')
#2 /home3/purpura1/public_html/website_d8f418ff/vendor/codeigniter4/framework/system/View/View.php(232): CodeIgniter\View\View->CodeIgniter\View\{closure}()
#3 /home3/purpura1/public_html/website_d8f418ff/vendor/codeigniter4/framework/system/Common.php(1250): CodeIgniter\View\View->render('company/company...', Array, true)
#4 /home3/purpura1/public_html/website_d8f418ff/app/Controllers/CompanyController.php(71): view('company/company...', Array)
#5 /home3/purpura1/public_html/website_d8f418ff/vendor/codeigniter4/framework/system/CodeIgniter.php(931): App\Controllers\CompanyController->show_company_history_list()
#6 /home3/purpura1/public_html/website_d8f418ff/vendor/codeigniter4/framework/system/CodeIgniter.php(439): CodeIgniter\CodeIgniter->runController(Object(App\Controllers\CompanyController))
#7 /home3/purpura1/public_html/website_d8f418ff/vendor/codeigniter4/framework/system/CodeIgniter.php(339): CodeIgniter\CodeIgniter->handleRequest(NULL, Object(Config\Cache), false)
#8 /home3/purpura1/public_html/website_d8f418ff/public/index.php(44): CodeIgniter\CodeIgniter->run()
#9 {main}
CRITICAL - 2024-08-27 09:03:07 --> Undefined index: businesstypedocument
#0 /home3/purpura1/public_html/website_d8f418ff/app/Views/company/company-history-list.php(50): CodeIgniter\Debug\Exceptions->errorHandler(8, 'Undefined index...', '/home3/purpura1...', 50, Array)
#1 /home3/purpura1/public_html/website_d8f418ff/vendor/codeigniter4/framework/system/View/View.php(230): include('/home3/purpura1...')
#2 /home3/purpura1/public_html/website_d8f418ff/vendor/codeigniter4/framework/system/View/View.php(232): CodeIgniter\View\View->CodeIgniter\View\{closure}()
#3 /home3/purpura1/public_html/website_d8f418ff/vendor/codeigniter4/framework/system/Common.php(1250): CodeIgniter\View\View->render('company/company...', Array, true)
#4 /home3/purpura1/public_html/website_d8f418ff/app/Controllers/CompanyController.php(80): view('company/company...', Array)
#5 /home3/purpura1/public_html/website_d8f418ff/vendor/codeigniter4/framework/system/CodeIgniter.php(931): App\Controllers\CompanyController->show_company_history_list()
#6 /home3/purpura1/public_html/website_d8f418ff/vendor/codeigniter4/framework/system/CodeIgniter.php(439): CodeIgniter\CodeIgniter->runController(Object(App\Controllers\CompanyController))
#7 /home3/purpura1/public_html/website_d8f418ff/vendor/codeigniter4/framework/system/CodeIgniter.php(339): CodeIgniter\CodeIgniter->handleRequest(NULL, Object(Config\Cache), false)
#8 /home3/purpura1/public_html/website_d8f418ff/public/index.php(44): CodeIgniter\CodeIgniter->run()
#9 {main}
