CRITICAL - 2025-01-07 09:04:55 --> Invalid file: /public/job-offer-list-catalog.php
#0 /home2/wmlobzmc/public_html/grupolozamora/intranet/vendor/codeigniter4/framework/system/View/View.php(213): CodeIgniter\Exceptions\FrameworkException::forInvalidFile('/public/job-off...')
#1 /home2/wmlobzmc/public_html/grupolozamora/intranet/vendor/codeigniter4/framework/system/Common.php(1250): CodeIgniter\View\View->render('/public/job-off...', Array, true)
#2 /home2/wmlobzmc/public_html/grupolozamora/intranet/app/Controllers/AuthController.php(156): view('/public/job-off...')
#3 /home2/wmlobzmc/public_html/grupolozamora/intranet/vendor/codeigniter4/framework/system/CodeIgniter.php(931): App\Controllers\AuthController->login()
#4 /home2/wmlobzmc/public_html/grupolozamora/intranet/vendor/codeigniter4/framework/system/CodeIgniter.php(439): CodeIgniter\CodeIgniter->runController(Object(App\Controllers\AuthController))
#5 /home2/wmlobzmc/public_html/grupolozamora/intranet/vendor/codeigniter4/framework/system/CodeIgniter.php(339): CodeIgniter\CodeIgniter->handleRequest(NULL, Object(Config\Cache), false)
#6 /home2/wmlobzmc/public_html/grupolozamora/intranet/public/index.php(44): CodeIgniter\CodeIgniter->run()
#7 {main}
CRITICAL - 2025-01-07 10:04:24 --> Undefined offset: 0
#0 /home2/wmlobzmc/public_html/grupolozamora/intranet/app/Controllers/JobOfferController.php(1263): CodeIgniter\Debug\Exceptions->errorHandler(8, 'Undefined offse...', '/home2/wmlobzmc...', 1263, Array)
#1 /home2/wmlobzmc/public_html/grupolozamora/intranet/vendor/codeigniter4/framework/system/CodeIgniter.php(931): App\Controllers\JobOfferController->show_job_offer_applicant_details('3')
#2 /home2/wmlobzmc/public_html/grupolozamora/intranet/vendor/codeigniter4/framework/system/CodeIgniter.php(439): CodeIgniter\CodeIgniter->runController(Object(App\Controllers\JobOfferController))
#3 /home2/wmlobzmc/public_html/grupolozamora/intranet/vendor/codeigniter4/framework/system/CodeIgniter.php(339): CodeIgniter\CodeIgniter->handleRequest(NULL, Object(Config\Cache), false)
#4 /home2/wmlobzmc/public_html/grupolozamora/intranet/public/index.php(44): CodeIgniter\CodeIgniter->run()
#5 {main}
CRITICAL - 2025-01-07 15:11:01 --> Undefined index: alias
#0 /home2/wmlobzmc/public_html/grupolozamora/intranet/app/Views/partials/horizontal.php(1011): CodeIgniter\Debug\Exceptions->errorHandler(8, 'Undefined index...', '/home2/wmlobzmc...', 1011, Array)
#1 /home2/wmlobzmc/public_html/grupolozamora/intranet/vendor/codeigniter4/framework/system/View/View.php(230): include('/home2/wmlobzmc...')
#2 /home2/wmlobzmc/public_html/grupolozamora/intranet/vendor/codeigniter4/framework/system/View/View.php(232): CodeIgniter\View\View->CodeIgniter\View\{closure}()
#3 /home2/wmlobzmc/public_html/grupolozamora/intranet/vendor/codeigniter4/framework/system/View/View.php(487): CodeIgniter\View\View->render('partials/horizo...', NULL, true)
#4 /home2/wmlobzmc/public_html/grupolozamora/intranet/app/Views/partials/menu.php(1): CodeIgniter\View\View->include('partials/horizo...')
#5 /home2/wmlobzmc/public_html/grupolozamora/intranet/vendor/codeigniter4/framework/system/View/View.php(230): include('/home2/wmlobzmc...')
#6 /home2/wmlobzmc/public_html/grupolozamora/intranet/vendor/codeigniter4/framework/system/View/View.php(232): CodeIgniter\View\View->CodeIgniter\View\{closure}()
#7 /home2/wmlobzmc/public_html/grupolozamora/intranet/vendor/codeigniter4/framework/system/View/View.php(487): CodeIgniter\View\View->render('partials/menu', NULL, true)
#8 /home2/wmlobzmc/public_html/grupolozamora/intranet/app/Views/Front/index.php(27): CodeIgniter\View\View->include('partials/menu')
#9 /home2/wmlobzmc/public_html/grupolozamora/intranet/vendor/codeigniter4/framework/system/View/View.php(230): include('/home2/wmlobzmc...')
#10 /home2/wmlobzmc/public_html/grupolozamora/intranet/vendor/codeigniter4/framework/system/View/View.php(232): CodeIgniter\View\View->CodeIgniter\View\{closure}()
#11 /home2/wmlobzmc/public_html/grupolozamora/intranet/vendor/codeigniter4/framework/system/Common.php(1250): CodeIgniter\View\View->render('Front/index', Array, true)
#12 /home2/wmlobzmc/public_html/grupolozamora/intranet/app/Controllers/Front.php(60): view('Front/index', Array)
#13 /home2/wmlobzmc/public_html/grupolozamora/intranet/vendor/codeigniter4/framework/system/CodeIgniter.php(931): App\Controllers\Front->index()
#14 /home2/wmlobzmc/public_html/grupolozamora/intranet/vendor/codeigniter4/framework/system/CodeIgniter.php(439): CodeIgniter\CodeIgniter->runController(Object(App\Controllers\Front))
#15 /home2/wmlobzmc/public_html/grupolozamora/intranet/vendor/codeigniter4/framework/system/CodeIgniter.php(339): CodeIgniter\CodeIgniter->handleRequest(NULL, Object(Config\Cache), false)
#16 /home2/wmlobzmc/public_html/grupolozamora/intranet/public/index.php(44): CodeIgniter\CodeIgniter->run()
#17 {main}
CRITICAL - 2025-01-07 15:11:14 --> Undefined index: alias
#0 /home2/wmlobzmc/public_html/grupolozamora/intranet/app/Views/partials/horizontal.php(1011): CodeIgniter\Debug\Exceptions->errorHandler(8, 'Undefined index...', '/home2/wmlobzmc...', 1011, Array)
#1 /home2/wmlobzmc/public_html/grupolozamora/intranet/vendor/codeigniter4/framework/system/View/View.php(230): include('/home2/wmlobzmc...')
#2 /home2/wmlobzmc/public_html/grupolozamora/intranet/vendor/codeigniter4/framework/system/View/View.php(232): CodeIgniter\View\View->CodeIgniter\View\{closure}()
#3 /home2/wmlobzmc/public_html/grupolozamora/intranet/vendor/codeigniter4/framework/system/View/View.php(487): CodeIgniter\View\View->render('partials/horizo...', NULL, true)
#4 /home2/wmlobzmc/public_html/grupolozamora/intranet/app/Views/partials/menu.php(1): CodeIgniter\View\View->include('partials/horizo...')
#5 /home2/wmlobzmc/public_html/grupolozamora/intranet/vendor/codeigniter4/framework/system/View/View.php(230): include('/home2/wmlobzmc...')
#6 /home2/wmlobzmc/public_html/grupolozamora/intranet/vendor/codeigniter4/framework/system/View/View.php(232): CodeIgniter\View\View->CodeIgniter\View\{closure}()
#7 /home2/wmlobzmc/public_html/grupolozamora/intranet/vendor/codeigniter4/framework/system/View/View.php(487): CodeIgniter\View\View->render('partials/menu', NULL, true)
#8 /home2/wmlobzmc/public_html/grupolozamora/intranet/app/Views/Front/index.php(27): CodeIgniter\View\View->include('partials/menu')
#9 /home2/wmlobzmc/public_html/grupolozamora/intranet/vendor/codeigniter4/framework/system/View/View.php(230): include('/home2/wmlobzmc...')
#10 /home2/wmlobzmc/public_html/grupolozamora/intranet/vendor/codeigniter4/framework/system/View/View.php(232): CodeIgniter\View\View->CodeIgniter\View\{closure}()
#11 /home2/wmlobzmc/public_html/grupolozamora/intranet/vendor/codeigniter4/framework/system/Common.php(1250): CodeIgniter\View\View->render('Front/index', Array, true)
#12 /home2/wmlobzmc/public_html/grupolozamora/intranet/app/Controllers/Front.php(60): view('Front/index', Array)
#13 /home2/wmlobzmc/public_html/grupolozamora/intranet/vendor/codeigniter4/framework/system/CodeIgniter.php(931): App\Controllers\Front->index()
#14 /home2/wmlobzmc/public_html/grupolozamora/intranet/vendor/codeigniter4/framework/system/CodeIgniter.php(439): CodeIgniter\CodeIgniter->runController(Object(App\Controllers\Front))
#15 /home2/wmlobzmc/public_html/grupolozamora/intranet/vendor/codeigniter4/framework/system/CodeIgniter.php(339): CodeIgniter\CodeIgniter->handleRequest(NULL, Object(Config\Cache), false)
#16 /home2/wmlobzmc/public_html/grupolozamora/intranet/public/index.php(44): CodeIgniter\CodeIgniter->run()
#17 {main}
CRITICAL - 2025-01-07 15:14:27 --> Undefined index: alias
#0 /home2/wmlobzmc/public_html/grupolozamora/intranet/app/Views/partials/horizontal.php(1011): CodeIgniter\Debug\Exceptions->errorHandler(8, 'Undefined index...', '/home2/wmlobzmc...', 1011, Array)
#1 /home2/wmlobzmc/public_html/grupolozamora/intranet/vendor/codeigniter4/framework/system/View/View.php(230): include('/home2/wmlobzmc...')
#2 /home2/wmlobzmc/public_html/grupolozamora/intranet/vendor/codeigniter4/framework/system/View/View.php(232): CodeIgniter\View\View->CodeIgniter\View\{closure}()
#3 /home2/wmlobzmc/public_html/grupolozamora/intranet/vendor/codeigniter4/framework/system/View/View.php(487): CodeIgniter\View\View->render('partials/horizo...', NULL, true)
#4 /home2/wmlobzmc/public_html/grupolozamora/intranet/app/Views/partials/menu.php(1): CodeIgniter\View\View->include('partials/horizo...')
#5 /home2/wmlobzmc/public_html/grupolozamora/intranet/vendor/codeigniter4/framework/system/View/View.php(230): include('/home2/wmlobzmc...')
#6 /home2/wmlobzmc/public_html/grupolozamora/intranet/vendor/codeigniter4/framework/system/View/View.php(232): CodeIgniter\View\View->CodeIgniter\View\{closure}()
#7 /home2/wmlobzmc/public_html/grupolozamora/intranet/vendor/codeigniter4/framework/system/View/View.php(487): CodeIgniter\View\View->render('partials/menu', NULL, true)
#8 /home2/wmlobzmc/public_html/grupolozamora/intranet/app/Views/Front/index.php(27): CodeIgniter\View\View->include('partials/menu')
#9 /home2/wmlobzmc/public_html/grupolozamora/intranet/vendor/codeigniter4/framework/system/View/View.php(230): include('/home2/wmlobzmc...')
#10 /home2/wmlobzmc/public_html/grupolozamora/intranet/vendor/codeigniter4/framework/system/View/View.php(232): CodeIgniter\View\View->CodeIgniter\View\{closure}()
#11 /home2/wmlobzmc/public_html/grupolozamora/intranet/vendor/codeigniter4/framework/system/Common.php(1250): CodeIgniter\View\View->render('Front/index', Array, true)
#12 /home2/wmlobzmc/public_html/grupolozamora/intranet/app/Controllers/Front.php(60): view('Front/index', Array)
#13 /home2/wmlobzmc/public_html/grupolozamora/intranet/vendor/codeigniter4/framework/system/CodeIgniter.php(931): App\Controllers\Front->index()
#14 /home2/wmlobzmc/public_html/grupolozamora/intranet/vendor/codeigniter4/framework/system/CodeIgniter.php(439): CodeIgniter\CodeIgniter->runController(Object(App\Controllers\Front))
#15 /home2/wmlobzmc/public_html/grupolozamora/intranet/vendor/codeigniter4/framework/system/CodeIgniter.php(339): CodeIgniter\CodeIgniter->handleRequest(NULL, Object(Config\Cache), false)
#16 /home2/wmlobzmc/public_html/grupolozamora/intranet/public/index.php(44): CodeIgniter\CodeIgniter->run()
#17 {main}
CRITICAL - 2025-01-07 15:14:29 --> Undefined index: alias
#0 /home2/wmlobzmc/public_html/grupolozamora/intranet/app/Views/partials/horizontal.php(1011): CodeIgniter\Debug\Exceptions->errorHandler(8, 'Undefined index...', '/home2/wmlobzmc...', 1011, Array)
#1 /home2/wmlobzmc/public_html/grupolozamora/intranet/vendor/codeigniter4/framework/system/View/View.php(230): include('/home2/wmlobzmc...')
#2 /home2/wmlobzmc/public_html/grupolozamora/intranet/vendor/codeigniter4/framework/system/View/View.php(232): CodeIgniter\View\View->CodeIgniter\View\{closure}()
#3 /home2/wmlobzmc/public_html/grupolozamora/intranet/vendor/codeigniter4/framework/system/View/View.php(487): CodeIgniter\View\View->render('partials/horizo...', NULL, true)
#4 /home2/wmlobzmc/public_html/grupolozamora/intranet/app/Views/partials/menu.php(1): CodeIgniter\View\View->include('partials/horizo...')
#5 /home2/wmlobzmc/public_html/grupolozamora/intranet/vendor/codeigniter4/framework/system/View/View.php(230): include('/home2/wmlobzmc...')
#6 /home2/wmlobzmc/public_html/grupolozamora/intranet/vendor/codeigniter4/framework/system/View/View.php(232): CodeIgniter\View\View->CodeIgniter\View\{closure}()
#7 /home2/wmlobzmc/public_html/grupolozamora/intranet/vendor/codeigniter4/framework/system/View/View.php(487): CodeIgniter\View\View->render('partials/menu', NULL, true)
#8 /home2/wmlobzmc/public_html/grupolozamora/intranet/app/Views/Front/index.php(27): CodeIgniter\View\View->include('partials/menu')
#9 /home2/wmlobzmc/public_html/grupolozamora/intranet/vendor/codeigniter4/framework/system/View/View.php(230): include('/home2/wmlobzmc...')
#10 /home2/wmlobzmc/public_html/grupolozamora/intranet/vendor/codeigniter4/framework/system/View/View.php(232): CodeIgniter\View\View->CodeIgniter\View\{closure}()
#11 /home2/wmlobzmc/public_html/grupolozamora/intranet/vendor/codeigniter4/framework/system/Common.php(1250): CodeIgniter\View\View->render('Front/index', Array, true)
#12 /home2/wmlobzmc/public_html/grupolozamora/intranet/app/Controllers/Front.php(60): view('Front/index', Array)
#13 /home2/wmlobzmc/public_html/grupolozamora/intranet/vendor/codeigniter4/framework/system/CodeIgniter.php(931): App\Controllers\Front->index()
#14 /home2/wmlobzmc/public_html/grupolozamora/intranet/vendor/codeigniter4/framework/system/CodeIgniter.php(439): CodeIgniter\CodeIgniter->runController(Object(App\Controllers\Front))
#15 /home2/wmlobzmc/public_html/grupolozamora/intranet/vendor/codeigniter4/framework/system/CodeIgniter.php(339): CodeIgniter\CodeIgniter->handleRequest(NULL, Object(Config\Cache), false)
#16 /home2/wmlobzmc/public_html/grupolozamora/intranet/public/index.php(44): CodeIgniter\CodeIgniter->run()
#17 {main}
CRITICAL - 2025-01-07 15:14:59 --> Undefined index: alias
#0 /home2/wmlobzmc/public_html/grupolozamora/intranet/app/Views/partials/horizontal.php(1011): CodeIgniter\Debug\Exceptions->errorHandler(8, 'Undefined index...', '/home2/wmlobzmc...', 1011, Array)
#1 /home2/wmlobzmc/public_html/grupolozamora/intranet/vendor/codeigniter4/framework/system/View/View.php(230): include('/home2/wmlobzmc...')
#2 /home2/wmlobzmc/public_html/grupolozamora/intranet/vendor/codeigniter4/framework/system/View/View.php(232): CodeIgniter\View\View->CodeIgniter\View\{closure}()
#3 /home2/wmlobzmc/public_html/grupolozamora/intranet/vendor/codeigniter4/framework/system/View/View.php(487): CodeIgniter\View\View->render('partials/horizo...', NULL, true)
#4 /home2/wmlobzmc/public_html/grupolozamora/intranet/app/Views/partials/menu.php(1): CodeIgniter\View\View->include('partials/horizo...')
#5 /home2/wmlobzmc/public_html/grupolozamora/intranet/vendor/codeigniter4/framework/system/View/View.php(230): include('/home2/wmlobzmc...')
#6 /home2/wmlobzmc/public_html/grupolozamora/intranet/vendor/codeigniter4/framework/system/View/View.php(232): CodeIgniter\View\View->CodeIgniter\View\{closure}()
#7 /home2/wmlobzmc/public_html/grupolozamora/intranet/vendor/codeigniter4/framework/system/View/View.php(487): CodeIgniter\View\View->render('partials/menu', NULL, true)
#8 /home2/wmlobzmc/public_html/grupolozamora/intranet/app/Views/Front/index.php(27): CodeIgniter\View\View->include('partials/menu')
#9 /home2/wmlobzmc/public_html/grupolozamora/intranet/vendor/codeigniter4/framework/system/View/View.php(230): include('/home2/wmlobzmc...')
#10 /home2/wmlobzmc/public_html/grupolozamora/intranet/vendor/codeigniter4/framework/system/View/View.php(232): CodeIgniter\View\View->CodeIgniter\View\{closure}()
#11 /home2/wmlobzmc/public_html/grupolozamora/intranet/vendor/codeigniter4/framework/system/Common.php(1250): CodeIgniter\View\View->render('Front/index', Array, true)
#12 /home2/wmlobzmc/public_html/grupolozamora/intranet/app/Controllers/Front.php(60): view('Front/index', Array)
#13 /home2/wmlobzmc/public_html/grupolozamora/intranet/vendor/codeigniter4/framework/system/CodeIgniter.php(931): App\Controllers\Front->index()
#14 /home2/wmlobzmc/public_html/grupolozamora/intranet/vendor/codeigniter4/framework/system/CodeIgniter.php(439): CodeIgniter\CodeIgniter->runController(Object(App\Controllers\Front))
#15 /home2/wmlobzmc/public_html/grupolozamora/intranet/vendor/codeigniter4/framework/system/CodeIgniter.php(339): CodeIgniter\CodeIgniter->handleRequest(NULL, Object(Config\Cache), false)
#16 /home2/wmlobzmc/public_html/grupolozamora/intranet/public/index.php(44): CodeIgniter\CodeIgniter->run()
#17 {main}
CRITICAL - 2025-01-07 15:16:16 --> Undefined index: alias
#0 /home2/wmlobzmc/public_html/grupolozamora/intranet/app/Views/partials/horizontal.php(1011): CodeIgniter\Debug\Exceptions->errorHandler(8, 'Undefined index...', '/home2/wmlobzmc...', 1011, Array)
#1 /home2/wmlobzmc/public_html/grupolozamora/intranet/vendor/codeigniter4/framework/system/View/View.php(230): include('/home2/wmlobzmc...')
#2 /home2/wmlobzmc/public_html/grupolozamora/intranet/vendor/codeigniter4/framework/system/View/View.php(232): CodeIgniter\View\View->CodeIgniter\View\{closure}()
#3 /home2/wmlobzmc/public_html/grupolozamora/intranet/vendor/codeigniter4/framework/system/View/View.php(487): CodeIgniter\View\View->render('partials/horizo...', NULL, true)
#4 /home2/wmlobzmc/public_html/grupolozamora/intranet/app/Views/partials/menu.php(1): CodeIgniter\View\View->include('partials/horizo...')
#5 /home2/wmlobzmc/public_html/grupolozamora/intranet/vendor/codeigniter4/framework/system/View/View.php(230): include('/home2/wmlobzmc...')
#6 /home2/wmlobzmc/public_html/grupolozamora/intranet/vendor/codeigniter4/framework/system/View/View.php(232): CodeIgniter\View\View->CodeIgniter\View\{closure}()
#7 /home2/wmlobzmc/public_html/grupolozamora/intranet/vendor/codeigniter4/framework/system/View/View.php(487): CodeIgniter\View\View->render('partials/menu', NULL, true)
#8 /home2/wmlobzmc/public_html/grupolozamora/intranet/app/Views/user/user-list.php(18): CodeIgniter\View\View->include('partials/menu')
#9 /home2/wmlobzmc/public_html/grupolozamora/intranet/vendor/codeigniter4/framework/system/View/View.php(230): include('/home2/wmlobzmc...')
#10 /home2/wmlobzmc/public_html/grupolozamora/intranet/vendor/codeigniter4/framework/system/View/View.php(232): CodeIgniter\View\View->CodeIgniter\View\{closure}()
#11 /home2/wmlobzmc/public_html/grupolozamora/intranet/vendor/codeigniter4/framework/system/Common.php(1250): CodeIgniter\View\View->render('user/user-list', Array, true)
#12 /home2/wmlobzmc/public_html/grupolozamora/intranet/app/Controllers/UserController.php(46): view('user/user-list', Array)
#13 /home2/wmlobzmc/public_html/grupolozamora/intranet/vendor/codeigniter4/framework/system/CodeIgniter.php(931): App\Controllers\UserController->show_user_list()
#14 /home2/wmlobzmc/public_html/grupolozamora/intranet/vendor/codeigniter4/framework/system/CodeIgniter.php(439): CodeIgniter\CodeIgniter->runController(Object(App\Controllers\UserController))
#15 /home2/wmlobzmc/public_html/grupolozamora/intranet/vendor/codeigniter4/framework/system/CodeIgniter.php(339): CodeIgniter\CodeIgniter->handleRequest(NULL, Object(Config\Cache), false)
#16 /home2/wmlobzmc/public_html/grupolozamora/intranet/public/index.php(44): CodeIgniter\CodeIgniter->run()
#17 {main}
CRITICAL - 2025-01-07 15:16:19 --> Undefined index: alias
#0 /home2/wmlobzmc/public_html/grupolozamora/intranet/app/Views/partials/horizontal.php(1011): CodeIgniter\Debug\Exceptions->errorHandler(8, 'Undefined index...', '/home2/wmlobzmc...', 1011, Array)
#1 /home2/wmlobzmc/public_html/grupolozamora/intranet/vendor/codeigniter4/framework/system/View/View.php(230): include('/home2/wmlobzmc...')
#2 /home2/wmlobzmc/public_html/grupolozamora/intranet/vendor/codeigniter4/framework/system/View/View.php(232): CodeIgniter\View\View->CodeIgniter\View\{closure}()
#3 /home2/wmlobzmc/public_html/grupolozamora/intranet/vendor/codeigniter4/framework/system/View/View.php(487): CodeIgniter\View\View->render('partials/horizo...', NULL, true)
#4 /home2/wmlobzmc/public_html/grupolozamora/intranet/app/Views/partials/menu.php(1): CodeIgniter\View\View->include('partials/horizo...')
#5 /home2/wmlobzmc/public_html/grupolozamora/intranet/vendor/codeigniter4/framework/system/View/View.php(230): include('/home2/wmlobzmc...')
#6 /home2/wmlobzmc/public_html/grupolozamora/intranet/vendor/codeigniter4/framework/system/View/View.php(232): CodeIgniter\View\View->CodeIgniter\View\{closure}()
#7 /home2/wmlobzmc/public_html/grupolozamora/intranet/vendor/codeigniter4/framework/system/View/View.php(487): CodeIgniter\View\View->render('partials/menu', NULL, true)
#8 /home2/wmlobzmc/public_html/grupolozamora/intranet/app/Views/job-offers/job-offer-list-catalog.php(321): CodeIgniter\View\View->include('partials/menu')
#9 /home2/wmlobzmc/public_html/grupolozamora/intranet/vendor/codeigniter4/framework/system/View/View.php(230): include('/home2/wmlobzmc...')
#10 /home2/wmlobzmc/public_html/grupolozamora/intranet/vendor/codeigniter4/framework/system/View/View.php(232): CodeIgniter\View\View->CodeIgniter\View\{closure}()
#11 /home2/wmlobzmc/public_html/grupolozamora/intranet/vendor/codeigniter4/framework/system/Common.php(1250): CodeIgniter\View\View->render('job-offers/job-...', Array, true)
#12 /home2/wmlobzmc/public_html/grupolozamora/intranet/app/Controllers/JobOfferController.php(865): view('job-offers/job-...', Array)
#13 /home2/wmlobzmc/public_html/grupolozamora/intranet/vendor/codeigniter4/framework/system/CodeIgniter.php(931): App\Controllers\JobOfferController->show_job_offer_list_catalog()
#14 /home2/wmlobzmc/public_html/grupolozamora/intranet/vendor/codeigniter4/framework/system/CodeIgniter.php(439): CodeIgniter\CodeIgniter->runController(Object(App\Controllers\JobOfferController))
#15 /home2/wmlobzmc/public_html/grupolozamora/intranet/vendor/codeigniter4/framework/system/CodeIgniter.php(339): CodeIgniter\CodeIgniter->handleRequest(NULL, Object(Config\Cache), false)
#16 /home2/wmlobzmc/public_html/grupolozamora/intranet/public/index.php(44): CodeIgniter\CodeIgniter->run()
#17 {main}
CRITICAL - 2025-01-07 15:16:21 --> Undefined index: alias
#0 /home2/wmlobzmc/public_html/grupolozamora/intranet/app/Views/partials/horizontal.php(1011): CodeIgniter\Debug\Exceptions->errorHandler(8, 'Undefined index...', '/home2/wmlobzmc...', 1011, Array)
#1 /home2/wmlobzmc/public_html/grupolozamora/intranet/vendor/codeigniter4/framework/system/View/View.php(230): include('/home2/wmlobzmc...')
#2 /home2/wmlobzmc/public_html/grupolozamora/intranet/vendor/codeigniter4/framework/system/View/View.php(232): CodeIgniter\View\View->CodeIgniter\View\{closure}()
#3 /home2/wmlobzmc/public_html/grupolozamora/intranet/vendor/codeigniter4/framework/system/View/View.php(487): CodeIgniter\View\View->render('partials/horizo...', NULL, true)
#4 /home2/wmlobzmc/public_html/grupolozamora/intranet/app/Views/partials/menu.php(1): CodeIgniter\View\View->include('partials/horizo...')
#5 /home2/wmlobzmc/public_html/grupolozamora/intranet/vendor/codeigniter4/framework/system/View/View.php(230): include('/home2/wmlobzmc...')
#6 /home2/wmlobzmc/public_html/grupolozamora/intranet/vendor/codeigniter4/framework/system/View/View.php(232): CodeIgniter\View\View->CodeIgniter\View\{closure}()
#7 /home2/wmlobzmc/public_html/grupolozamora/intranet/vendor/codeigniter4/framework/system/View/View.php(487): CodeIgniter\View\View->render('partials/menu', NULL, true)
#8 /home2/wmlobzmc/public_html/grupolozamora/intranet/app/Views/user/user-list.php(18): CodeIgniter\View\View->include('partials/menu')
#9 /home2/wmlobzmc/public_html/grupolozamora/intranet/vendor/codeigniter4/framework/system/View/View.php(230): include('/home2/wmlobzmc...')
#10 /home2/wmlobzmc/public_html/grupolozamora/intranet/vendor/codeigniter4/framework/system/View/View.php(232): CodeIgniter\View\View->CodeIgniter\View\{closure}()
#11 /home2/wmlobzmc/public_html/grupolozamora/intranet/vendor/codeigniter4/framework/system/Common.php(1250): CodeIgniter\View\View->render('user/user-list', Array, true)
#12 /home2/wmlobzmc/public_html/grupolozamora/intranet/app/Controllers/UserController.php(46): view('user/user-list', Array)
#13 /home2/wmlobzmc/public_html/grupolozamora/intranet/vendor/codeigniter4/framework/system/CodeIgniter.php(931): App\Controllers\UserController->show_user_list()
#14 /home2/wmlobzmc/public_html/grupolozamora/intranet/vendor/codeigniter4/framework/system/CodeIgniter.php(439): CodeIgniter\CodeIgniter->runController(Object(App\Controllers\UserController))
#15 /home2/wmlobzmc/public_html/grupolozamora/intranet/vendor/codeigniter4/framework/system/CodeIgniter.php(339): CodeIgniter\CodeIgniter->handleRequest(NULL, Object(Config\Cache), false)
#16 /home2/wmlobzmc/public_html/grupolozamora/intranet/public/index.php(44): CodeIgniter\CodeIgniter->run()
#17 {main}
CRITICAL - 2025-01-07 15:16:25 --> Undefined index: alias
#0 /home2/wmlobzmc/public_html/grupolozamora/intranet/app/Views/partials/horizontal.php(1011): CodeIgniter\Debug\Exceptions->errorHandler(8, 'Undefined index...', '/home2/wmlobzmc...', 1011, Array)
#1 /home2/wmlobzmc/public_html/grupolozamora/intranet/vendor/codeigniter4/framework/system/View/View.php(230): include('/home2/wmlobzmc...')
#2 /home2/wmlobzmc/public_html/grupolozamora/intranet/vendor/codeigniter4/framework/system/View/View.php(232): CodeIgniter\View\View->CodeIgniter\View\{closure}()
#3 /home2/wmlobzmc/public_html/grupolozamora/intranet/vendor/codeigniter4/framework/system/View/View.php(487): CodeIgniter\View\View->render('partials/horizo...', NULL, true)
#4 /home2/wmlobzmc/public_html/grupolozamora/intranet/app/Views/partials/menu.php(1): CodeIgniter\View\View->include('partials/horizo...')
#5 /home2/wmlobzmc/public_html/grupolozamora/intranet/vendor/codeigniter4/framework/system/View/View.php(230): include('/home2/wmlobzmc...')
#6 /home2/wmlobzmc/public_html/grupolozamora/intranet/vendor/codeigniter4/framework/system/View/View.php(232): CodeIgniter\View\View->CodeIgniter\View\{closure}()
#7 /home2/wmlobzmc/public_html/grupolozamora/intranet/vendor/codeigniter4/framework/system/View/View.php(487): CodeIgniter\View\View->render('partials/menu', NULL, true)
#8 /home2/wmlobzmc/public_html/grupolozamora/intranet/app/Views/job-offers/job-offer-list-catalog.php(321): CodeIgniter\View\View->include('partials/menu')
#9 /home2/wmlobzmc/public_html/grupolozamora/intranet/vendor/codeigniter4/framework/system/View/View.php(230): include('/home2/wmlobzmc...')
#10 /home2/wmlobzmc/public_html/grupolozamora/intranet/vendor/codeigniter4/framework/system/View/View.php(232): CodeIgniter\View\View->CodeIgniter\View\{closure}()
#11 /home2/wmlobzmc/public_html/grupolozamora/intranet/vendor/codeigniter4/framework/system/Common.php(1250): CodeIgniter\View\View->render('job-offers/job-...', Array, true)
#12 /home2/wmlobzmc/public_html/grupolozamora/intranet/app/Controllers/JobOfferController.php(865): view('job-offers/job-...', Array)
#13 /home2/wmlobzmc/public_html/grupolozamora/intranet/vendor/codeigniter4/framework/system/CodeIgniter.php(931): App\Controllers\JobOfferController->show_job_offer_list_catalog()
#14 /home2/wmlobzmc/public_html/grupolozamora/intranet/vendor/codeigniter4/framework/system/CodeIgniter.php(439): CodeIgniter\CodeIgniter->runController(Object(App\Controllers\JobOfferController))
#15 /home2/wmlobzmc/public_html/grupolozamora/intranet/vendor/codeigniter4/framework/system/CodeIgniter.php(339): CodeIgniter\CodeIgniter->handleRequest(NULL, Object(Config\Cache), false)
#16 /home2/wmlobzmc/public_html/grupolozamora/intranet/public/index.php(44): CodeIgniter\CodeIgniter->run()
#17 {main}
CRITICAL - 2025-01-07 15:16:26 --> Undefined index: alias
#0 /home2/wmlobzmc/public_html/grupolozamora/intranet/app/Views/partials/horizontal.php(1011): CodeIgniter\Debug\Exceptions->errorHandler(8, 'Undefined index...', '/home2/wmlobzmc...', 1011, Array)
#1 /home2/wmlobzmc/public_html/grupolozamora/intranet/vendor/codeigniter4/framework/system/View/View.php(230): include('/home2/wmlobzmc...')
#2 /home2/wmlobzmc/public_html/grupolozamora/intranet/vendor/codeigniter4/framework/system/View/View.php(232): CodeIgniter\View\View->CodeIgniter\View\{closure}()
#3 /home2/wmlobzmc/public_html/grupolozamora/intranet/vendor/codeigniter4/framework/system/View/View.php(487): CodeIgniter\View\View->render('partials/horizo...', NULL, true)
#4 /home2/wmlobzmc/public_html/grupolozamora/intranet/app/Views/partials/menu.php(1): CodeIgniter\View\View->include('partials/horizo...')
#5 /home2/wmlobzmc/public_html/grupolozamora/intranet/vendor/codeigniter4/framework/system/View/View.php(230): include('/home2/wmlobzmc...')
#6 /home2/wmlobzmc/public_html/grupolozamora/intranet/vendor/codeigniter4/framework/system/View/View.php(232): CodeIgniter\View\View->CodeIgniter\View\{closure}()
#7 /home2/wmlobzmc/public_html/grupolozamora/intranet/vendor/codeigniter4/framework/system/View/View.php(487): CodeIgniter\View\View->render('partials/menu', NULL, true)
#8 /home2/wmlobzmc/public_html/grupolozamora/intranet/app/Views/Front/index.php(27): CodeIgniter\View\View->include('partials/menu')
#9 /home2/wmlobzmc/public_html/grupolozamora/intranet/vendor/codeigniter4/framework/system/View/View.php(230): include('/home2/wmlobzmc...')
#10 /home2/wmlobzmc/public_html/grupolozamora/intranet/vendor/codeigniter4/framework/system/View/View.php(232): CodeIgniter\View\View->CodeIgniter\View\{closure}()
#11 /home2/wmlobzmc/public_html/grupolozamora/intranet/vendor/codeigniter4/framework/system/Common.php(1250): CodeIgniter\View\View->render('Front/index', Array, true)
#12 /home2/wmlobzmc/public_html/grupolozamora/intranet/app/Controllers/Front.php(60): view('Front/index', Array)
#13 /home2/wmlobzmc/public_html/grupolozamora/intranet/vendor/codeigniter4/framework/system/CodeIgniter.php(931): App\Controllers\Front->index()
#14 /home2/wmlobzmc/public_html/grupolozamora/intranet/vendor/codeigniter4/framework/system/CodeIgniter.php(439): CodeIgniter\CodeIgniter->runController(Object(App\Controllers\Front))
#15 /home2/wmlobzmc/public_html/grupolozamora/intranet/vendor/codeigniter4/framework/system/CodeIgniter.php(339): CodeIgniter\CodeIgniter->handleRequest(NULL, Object(Config\Cache), false)
#16 /home2/wmlobzmc/public_html/grupolozamora/intranet/public/index.php(44): CodeIgniter\CodeIgniter->run()
#17 {main}
CRITICAL - 2025-01-07 15:16:33 --> Undefined index: alias
#0 /home2/wmlobzmc/public_html/grupolozamora/intranet/app/Views/partials/horizontal.php(1011): CodeIgniter\Debug\Exceptions->errorHandler(8, 'Undefined index...', '/home2/wmlobzmc...', 1011, Array)
#1 /home2/wmlobzmc/public_html/grupolozamora/intranet/vendor/codeigniter4/framework/system/View/View.php(230): include('/home2/wmlobzmc...')
#2 /home2/wmlobzmc/public_html/grupolozamora/intranet/vendor/codeigniter4/framework/system/View/View.php(232): CodeIgniter\View\View->CodeIgniter\View\{closure}()
#3 /home2/wmlobzmc/public_html/grupolozamora/intranet/vendor/codeigniter4/framework/system/View/View.php(487): CodeIgniter\View\View->render('partials/horizo...', NULL, true)
#4 /home2/wmlobzmc/public_html/grupolozamora/intranet/app/Views/partials/menu.php(1): CodeIgniter\View\View->include('partials/horizo...')
#5 /home2/wmlobzmc/public_html/grupolozamora/intranet/vendor/codeigniter4/framework/system/View/View.php(230): include('/home2/wmlobzmc...')
#6 /home2/wmlobzmc/public_html/grupolozamora/intranet/vendor/codeigniter4/framework/system/View/View.php(232): CodeIgniter\View\View->CodeIgniter\View\{closure}()
#7 /home2/wmlobzmc/public_html/grupolozamora/intranet/vendor/codeigniter4/framework/system/View/View.php(487): CodeIgniter\View\View->render('partials/menu', NULL, true)
#8 /home2/wmlobzmc/public_html/grupolozamora/intranet/app/Views/Front/index.php(27): CodeIgniter\View\View->include('partials/menu')
#9 /home2/wmlobzmc/public_html/grupolozamora/intranet/vendor/codeigniter4/framework/system/View/View.php(230): include('/home2/wmlobzmc...')
#10 /home2/wmlobzmc/public_html/grupolozamora/intranet/vendor/codeigniter4/framework/system/View/View.php(232): CodeIgniter\View\View->CodeIgniter\View\{closure}()
#11 /home2/wmlobzmc/public_html/grupolozamora/intranet/vendor/codeigniter4/framework/system/Common.php(1250): CodeIgniter\View\View->render('Front/index', Array, true)
#12 /home2/wmlobzmc/public_html/grupolozamora/intranet/app/Controllers/Front.php(60): view('Front/index', Array)
#13 /home2/wmlobzmc/public_html/grupolozamora/intranet/vendor/codeigniter4/framework/system/CodeIgniter.php(931): App\Controllers\Front->index()
#14 /home2/wmlobzmc/public_html/grupolozamora/intranet/vendor/codeigniter4/framework/system/CodeIgniter.php(439): CodeIgniter\CodeIgniter->runController(Object(App\Controllers\Front))
#15 /home2/wmlobzmc/public_html/grupolozamora/intranet/vendor/codeigniter4/framework/system/CodeIgniter.php(339): CodeIgniter\CodeIgniter->handleRequest(NULL, Object(Config\Cache), false)
#16 /home2/wmlobzmc/public_html/grupolozamora/intranet/public/index.php(44): CodeIgniter\CodeIgniter->run()
#17 {main}
CRITICAL - 2025-01-07 15:16:34 --> Undefined index: alias
#0 /home2/wmlobzmc/public_html/grupolozamora/intranet/app/Views/partials/horizontal.php(1011): CodeIgniter\Debug\Exceptions->errorHandler(8, 'Undefined index...', '/home2/wmlobzmc...', 1011, Array)
#1 /home2/wmlobzmc/public_html/grupolozamora/intranet/vendor/codeigniter4/framework/system/View/View.php(230): include('/home2/wmlobzmc...')
#2 /home2/wmlobzmc/public_html/grupolozamora/intranet/vendor/codeigniter4/framework/system/View/View.php(232): CodeIgniter\View\View->CodeIgniter\View\{closure}()
#3 /home2/wmlobzmc/public_html/grupolozamora/intranet/vendor/codeigniter4/framework/system/View/View.php(487): CodeIgniter\View\View->render('partials/horizo...', NULL, true)
#4 /home2/wmlobzmc/public_html/grupolozamora/intranet/app/Views/partials/menu.php(1): CodeIgniter\View\View->include('partials/horizo...')
#5 /home2/wmlobzmc/public_html/grupolozamora/intranet/vendor/codeigniter4/framework/system/View/View.php(230): include('/home2/wmlobzmc...')
#6 /home2/wmlobzmc/public_html/grupolozamora/intranet/vendor/codeigniter4/framework/system/View/View.php(232): CodeIgniter\View\View->CodeIgniter\View\{closure}()
#7 /home2/wmlobzmc/public_html/grupolozamora/intranet/vendor/codeigniter4/framework/system/View/View.php(487): CodeIgniter\View\View->render('partials/menu', NULL, true)
#8 /home2/wmlobzmc/public_html/grupolozamora/intranet/app/Views/Front/index.php(27): CodeIgniter\View\View->include('partials/menu')
#9 /home2/wmlobzmc/public_html/grupolozamora/intranet/vendor/codeigniter4/framework/system/View/View.php(230): include('/home2/wmlobzmc...')
#10 /home2/wmlobzmc/public_html/grupolozamora/intranet/vendor/codeigniter4/framework/system/View/View.php(232): CodeIgniter\View\View->CodeIgniter\View\{closure}()
#11 /home2/wmlobzmc/public_html/grupolozamora/intranet/vendor/codeigniter4/framework/system/Common.php(1250): CodeIgniter\View\View->render('Front/index', Array, true)
#12 /home2/wmlobzmc/public_html/grupolozamora/intranet/app/Controllers/Front.php(60): view('Front/index', Array)
#13 /home2/wmlobzmc/public_html/grupolozamora/intranet/vendor/codeigniter4/framework/system/CodeIgniter.php(931): App\Controllers\Front->index()
#14 /home2/wmlobzmc/public_html/grupolozamora/intranet/vendor/codeigniter4/framework/system/CodeIgniter.php(439): CodeIgniter\CodeIgniter->runController(Object(App\Controllers\Front))
#15 /home2/wmlobzmc/public_html/grupolozamora/intranet/vendor/codeigniter4/framework/system/CodeIgniter.php(339): CodeIgniter\CodeIgniter->handleRequest(NULL, Object(Config\Cache), false)
#16 /home2/wmlobzmc/public_html/grupolozamora/intranet/public/index.php(44): CodeIgniter\CodeIgniter->run()
#17 {main}
CRITICAL - 2025-01-07 15:17:15 --> Undefined index: alias
#0 /home2/wmlobzmc/public_html/grupolozamora/intranet/app/Views/partials/horizontal.php(1011): CodeIgniter\Debug\Exceptions->errorHandler(8, 'Undefined index...', '/home2/wmlobzmc...', 1011, Array)
#1 /home2/wmlobzmc/public_html/grupolozamora/intranet/vendor/codeigniter4/framework/system/View/View.php(230): include('/home2/wmlobzmc...')
#2 /home2/wmlobzmc/public_html/grupolozamora/intranet/vendor/codeigniter4/framework/system/View/View.php(232): CodeIgniter\View\View->CodeIgniter\View\{closure}()
#3 /home2/wmlobzmc/public_html/grupolozamora/intranet/vendor/codeigniter4/framework/system/View/View.php(487): CodeIgniter\View\View->render('partials/horizo...', NULL, true)
#4 /home2/wmlobzmc/public_html/grupolozamora/intranet/app/Views/partials/menu.php(1): CodeIgniter\View\View->include('partials/horizo...')
#5 /home2/wmlobzmc/public_html/grupolozamora/intranet/vendor/codeigniter4/framework/system/View/View.php(230): include('/home2/wmlobzmc...')
#6 /home2/wmlobzmc/public_html/grupolozamora/intranet/vendor/codeigniter4/framework/system/View/View.php(232): CodeIgniter\View\View->CodeIgniter\View\{closure}()
#7 /home2/wmlobzmc/public_html/grupolozamora/intranet/vendor/codeigniter4/framework/system/View/View.php(487): CodeIgniter\View\View->render('partials/menu', NULL, true)
#8 /home2/wmlobzmc/public_html/grupolozamora/intranet/app/Views/Front/index.php(27): CodeIgniter\View\View->include('partials/menu')
#9 /home2/wmlobzmc/public_html/grupolozamora/intranet/vendor/codeigniter4/framework/system/View/View.php(230): include('/home2/wmlobzmc...')
#10 /home2/wmlobzmc/public_html/grupolozamora/intranet/vendor/codeigniter4/framework/system/View/View.php(232): CodeIgniter\View\View->CodeIgniter\View\{closure}()
#11 /home2/wmlobzmc/public_html/grupolozamora/intranet/vendor/codeigniter4/framework/system/Common.php(1250): CodeIgniter\View\View->render('Front/index', Array, true)
#12 /home2/wmlobzmc/public_html/grupolozamora/intranet/app/Controllers/Front.php(60): view('Front/index', Array)
#13 /home2/wmlobzmc/public_html/grupolozamora/intranet/vendor/codeigniter4/framework/system/CodeIgniter.php(931): App\Controllers\Front->index()
#14 /home2/wmlobzmc/public_html/grupolozamora/intranet/vendor/codeigniter4/framework/system/CodeIgniter.php(439): CodeIgniter\CodeIgniter->runController(Object(App\Controllers\Front))
#15 /home2/wmlobzmc/public_html/grupolozamora/intranet/vendor/codeigniter4/framework/system/CodeIgniter.php(339): CodeIgniter\CodeIgniter->handleRequest(NULL, Object(Config\Cache), false)
#16 /home2/wmlobzmc/public_html/grupolozamora/intranet/public/index.php(44): CodeIgniter\CodeIgniter->run()
#17 {main}
CRITICAL - 2025-01-07 15:17:34 --> Undefined index: alias
#0 /home2/wmlobzmc/public_html/grupolozamora/intranet/app/Views/partials/horizontal.php(1011): CodeIgniter\Debug\Exceptions->errorHandler(8, 'Undefined index...', '/home2/wmlobzmc...', 1011, Array)
#1 /home2/wmlobzmc/public_html/grupolozamora/intranet/vendor/codeigniter4/framework/system/View/View.php(230): include('/home2/wmlobzmc...')
#2 /home2/wmlobzmc/public_html/grupolozamora/intranet/vendor/codeigniter4/framework/system/View/View.php(232): CodeIgniter\View\View->CodeIgniter\View\{closure}()
#3 /home2/wmlobzmc/public_html/grupolozamora/intranet/vendor/codeigniter4/framework/system/View/View.php(487): CodeIgniter\View\View->render('partials/horizo...', NULL, true)
#4 /home2/wmlobzmc/public_html/grupolozamora/intranet/app/Views/partials/menu.php(1): CodeIgniter\View\View->include('partials/horizo...')
#5 /home2/wmlobzmc/public_html/grupolozamora/intranet/vendor/codeigniter4/framework/system/View/View.php(230): include('/home2/wmlobzmc...')
#6 /home2/wmlobzmc/public_html/grupolozamora/intranet/vendor/codeigniter4/framework/system/View/View.php(232): CodeIgniter\View\View->CodeIgniter\View\{closure}()
#7 /home2/wmlobzmc/public_html/grupolozamora/intranet/vendor/codeigniter4/framework/system/View/View.php(487): CodeIgniter\View\View->render('partials/menu', NULL, true)
#8 /home2/wmlobzmc/public_html/grupolozamora/intranet/app/Views/Front/index.php(27): CodeIgniter\View\View->include('partials/menu')
#9 /home2/wmlobzmc/public_html/grupolozamora/intranet/vendor/codeigniter4/framework/system/View/View.php(230): include('/home2/wmlobzmc...')
#10 /home2/wmlobzmc/public_html/grupolozamora/intranet/vendor/codeigniter4/framework/system/View/View.php(232): CodeIgniter\View\View->CodeIgniter\View\{closure}()
#11 /home2/wmlobzmc/public_html/grupolozamora/intranet/vendor/codeigniter4/framework/system/Common.php(1250): CodeIgniter\View\View->render('Front/index', Array, true)
#12 /home2/wmlobzmc/public_html/grupolozamora/intranet/app/Controllers/Front.php(60): view('Front/index', Array)
#13 /home2/wmlobzmc/public_html/grupolozamora/intranet/vendor/codeigniter4/framework/system/CodeIgniter.php(931): App\Controllers\Front->index()
#14 /home2/wmlobzmc/public_html/grupolozamora/intranet/vendor/codeigniter4/framework/system/CodeIgniter.php(439): CodeIgniter\CodeIgniter->runController(Object(App\Controllers\Front))
#15 /home2/wmlobzmc/public_html/grupolozamora/intranet/vendor/codeigniter4/framework/system/CodeIgniter.php(339): CodeIgniter\CodeIgniter->handleRequest(NULL, Object(Config\Cache), false)
#16 /home2/wmlobzmc/public_html/grupolozamora/intranet/public/index.php(44): CodeIgniter\CodeIgniter->run()
#17 {main}
CRITICAL - 2025-01-07 15:17:34 --> Undefined index: alias
#0 /home2/wmlobzmc/public_html/grupolozamora/intranet/app/Views/partials/horizontal.php(1011): CodeIgniter\Debug\Exceptions->errorHandler(8, 'Undefined index...', '/home2/wmlobzmc...', 1011, Array)
#1 /home2/wmlobzmc/public_html/grupolozamora/intranet/vendor/codeigniter4/framework/system/View/View.php(230): include('/home2/wmlobzmc...')
#2 /home2/wmlobzmc/public_html/grupolozamora/intranet/vendor/codeigniter4/framework/system/View/View.php(232): CodeIgniter\View\View->CodeIgniter\View\{closure}()
#3 /home2/wmlobzmc/public_html/grupolozamora/intranet/vendor/codeigniter4/framework/system/View/View.php(487): CodeIgniter\View\View->render('partials/horizo...', NULL, true)
#4 /home2/wmlobzmc/public_html/grupolozamora/intranet/app/Views/partials/menu.php(1): CodeIgniter\View\View->include('partials/horizo...')
#5 /home2/wmlobzmc/public_html/grupolozamora/intranet/vendor/codeigniter4/framework/system/View/View.php(230): include('/home2/wmlobzmc...')
#6 /home2/wmlobzmc/public_html/grupolozamora/intranet/vendor/codeigniter4/framework/system/View/View.php(232): CodeIgniter\View\View->CodeIgniter\View\{closure}()
#7 /home2/wmlobzmc/public_html/grupolozamora/intranet/vendor/codeigniter4/framework/system/View/View.php(487): CodeIgniter\View\View->render('partials/menu', NULL, true)
#8 /home2/wmlobzmc/public_html/grupolozamora/intranet/app/Views/Front/index.php(27): CodeIgniter\View\View->include('partials/menu')
#9 /home2/wmlobzmc/public_html/grupolozamora/intranet/vendor/codeigniter4/framework/system/View/View.php(230): include('/home2/wmlobzmc...')
#10 /home2/wmlobzmc/public_html/grupolozamora/intranet/vendor/codeigniter4/framework/system/View/View.php(232): CodeIgniter\View\View->CodeIgniter\View\{closure}()
#11 /home2/wmlobzmc/public_html/grupolozamora/intranet/vendor/codeigniter4/framework/system/Common.php(1250): CodeIgniter\View\View->render('Front/index', Array, true)
#12 /home2/wmlobzmc/public_html/grupolozamora/intranet/app/Controllers/Front.php(60): view('Front/index', Array)
#13 /home2/wmlobzmc/public_html/grupolozamora/intranet/vendor/codeigniter4/framework/system/CodeIgniter.php(931): App\Controllers\Front->index()
#14 /home2/wmlobzmc/public_html/grupolozamora/intranet/vendor/codeigniter4/framework/system/CodeIgniter.php(439): CodeIgniter\CodeIgniter->runController(Object(App\Controllers\Front))
#15 /home2/wmlobzmc/public_html/grupolozamora/intranet/vendor/codeigniter4/framework/system/CodeIgniter.php(339): CodeIgniter\CodeIgniter->handleRequest(NULL, Object(Config\Cache), false)
#16 /home2/wmlobzmc/public_html/grupolozamora/intranet/public/index.php(44): CodeIgniter\CodeIgniter->run()
#17 {main}
CRITICAL - 2025-01-07 15:18:11 --> Undefined index: alias
#0 /home2/wmlobzmc/public_html/grupolozamora/intranet/app/Views/partials/horizontal.php(1011): CodeIgniter\Debug\Exceptions->errorHandler(8, 'Undefined index...', '/home2/wmlobzmc...', 1011, Array)
#1 /home2/wmlobzmc/public_html/grupolozamora/intranet/vendor/codeigniter4/framework/system/View/View.php(230): include('/home2/wmlobzmc...')
#2 /home2/wmlobzmc/public_html/grupolozamora/intranet/vendor/codeigniter4/framework/system/View/View.php(232): CodeIgniter\View\View->CodeIgniter\View\{closure}()
#3 /home2/wmlobzmc/public_html/grupolozamora/intranet/vendor/codeigniter4/framework/system/View/View.php(487): CodeIgniter\View\View->render('partials/horizo...', NULL, true)
#4 /home2/wmlobzmc/public_html/grupolozamora/intranet/app/Views/partials/menu.php(1): CodeIgniter\View\View->include('partials/horizo...')
#5 /home2/wmlobzmc/public_html/grupolozamora/intranet/vendor/codeigniter4/framework/system/View/View.php(230): include('/home2/wmlobzmc...')
#6 /home2/wmlobzmc/public_html/grupolozamora/intranet/vendor/codeigniter4/framework/system/View/View.php(232): CodeIgniter\View\View->CodeIgniter\View\{closure}()
#7 /home2/wmlobzmc/public_html/grupolozamora/intranet/vendor/codeigniter4/framework/system/View/View.php(487): CodeIgniter\View\View->render('partials/menu', NULL, true)
#8 /home2/wmlobzmc/public_html/grupolozamora/intranet/app/Views/Front/index.php(27): CodeIgniter\View\View->include('partials/menu')
#9 /home2/wmlobzmc/public_html/grupolozamora/intranet/vendor/codeigniter4/framework/system/View/View.php(230): include('/home2/wmlobzmc...')
#10 /home2/wmlobzmc/public_html/grupolozamora/intranet/vendor/codeigniter4/framework/system/View/View.php(232): CodeIgniter\View\View->CodeIgniter\View\{closure}()
#11 /home2/wmlobzmc/public_html/grupolozamora/intranet/vendor/codeigniter4/framework/system/Common.php(1250): CodeIgniter\View\View->render('Front/index', Array, true)
#12 /home2/wmlobzmc/public_html/grupolozamora/intranet/app/Controllers/Front.php(60): view('Front/index', Array)
#13 /home2/wmlobzmc/public_html/grupolozamora/intranet/vendor/codeigniter4/framework/system/CodeIgniter.php(931): App\Controllers\Front->index()
#14 /home2/wmlobzmc/public_html/grupolozamora/intranet/vendor/codeigniter4/framework/system/CodeIgniter.php(439): CodeIgniter\CodeIgniter->runController(Object(App\Controllers\Front))
#15 /home2/wmlobzmc/public_html/grupolozamora/intranet/vendor/codeigniter4/framework/system/CodeIgniter.php(339): CodeIgniter\CodeIgniter->handleRequest(NULL, Object(Config\Cache), false)
#16 /home2/wmlobzmc/public_html/grupolozamora/intranet/public/index.php(44): CodeIgniter\CodeIgniter->run()
#17 {main}
CRITICAL - 2025-01-07 15:18:11 --> Undefined index: alias
#0 /home2/wmlobzmc/public_html/grupolozamora/intranet/app/Views/partials/horizontal.php(1011): CodeIgniter\Debug\Exceptions->errorHandler(8, 'Undefined index...', '/home2/wmlobzmc...', 1011, Array)
#1 /home2/wmlobzmc/public_html/grupolozamora/intranet/vendor/codeigniter4/framework/system/View/View.php(230): include('/home2/wmlobzmc...')
#2 /home2/wmlobzmc/public_html/grupolozamora/intranet/vendor/codeigniter4/framework/system/View/View.php(232): CodeIgniter\View\View->CodeIgniter\View\{closure}()
#3 /home2/wmlobzmc/public_html/grupolozamora/intranet/vendor/codeigniter4/framework/system/View/View.php(487): CodeIgniter\View\View->render('partials/horizo...', NULL, true)
#4 /home2/wmlobzmc/public_html/grupolozamora/intranet/app/Views/partials/menu.php(1): CodeIgniter\View\View->include('partials/horizo...')
#5 /home2/wmlobzmc/public_html/grupolozamora/intranet/vendor/codeigniter4/framework/system/View/View.php(230): include('/home2/wmlobzmc...')
#6 /home2/wmlobzmc/public_html/grupolozamora/intranet/vendor/codeigniter4/framework/system/View/View.php(232): CodeIgniter\View\View->CodeIgniter\View\{closure}()
#7 /home2/wmlobzmc/public_html/grupolozamora/intranet/vendor/codeigniter4/framework/system/View/View.php(487): CodeIgniter\View\View->render('partials/menu', NULL, true)
#8 /home2/wmlobzmc/public_html/grupolozamora/intranet/app/Views/Front/index.php(27): CodeIgniter\View\View->include('partials/menu')
#9 /home2/wmlobzmc/public_html/grupolozamora/intranet/vendor/codeigniter4/framework/system/View/View.php(230): include('/home2/wmlobzmc...')
#10 /home2/wmlobzmc/public_html/grupolozamora/intranet/vendor/codeigniter4/framework/system/View/View.php(232): CodeIgniter\View\View->CodeIgniter\View\{closure}()
#11 /home2/wmlobzmc/public_html/grupolozamora/intranet/vendor/codeigniter4/framework/system/Common.php(1250): CodeIgniter\View\View->render('Front/index', Array, true)
#12 /home2/wmlobzmc/public_html/grupolozamora/intranet/app/Controllers/Front.php(60): view('Front/index', Array)
#13 /home2/wmlobzmc/public_html/grupolozamora/intranet/vendor/codeigniter4/framework/system/CodeIgniter.php(931): App\Controllers\Front->index()
#14 /home2/wmlobzmc/public_html/grupolozamora/intranet/vendor/codeigniter4/framework/system/CodeIgniter.php(439): CodeIgniter\CodeIgniter->runController(Object(App\Controllers\Front))
#15 /home2/wmlobzmc/public_html/grupolozamora/intranet/vendor/codeigniter4/framework/system/CodeIgniter.php(339): CodeIgniter\CodeIgniter->handleRequest(NULL, Object(Config\Cache), false)
#16 /home2/wmlobzmc/public_html/grupolozamora/intranet/public/index.php(44): CodeIgniter\CodeIgniter->run()
#17 {main}
CRITICAL - 2025-01-07 15:18:58 --> Undefined index: alias
#0 /home2/wmlobzmc/public_html/grupolozamora/intranet/app/Views/partials/horizontal.php(1011): CodeIgniter\Debug\Exceptions->errorHandler(8, 'Undefined index...', '/home2/wmlobzmc...', 1011, Array)
#1 /home2/wmlobzmc/public_html/grupolozamora/intranet/vendor/codeigniter4/framework/system/View/View.php(230): include('/home2/wmlobzmc...')
#2 /home2/wmlobzmc/public_html/grupolozamora/intranet/vendor/codeigniter4/framework/system/View/View.php(232): CodeIgniter\View\View->CodeIgniter\View\{closure}()
#3 /home2/wmlobzmc/public_html/grupolozamora/intranet/vendor/codeigniter4/framework/system/View/View.php(487): CodeIgniter\View\View->render('partials/horizo...', NULL, true)
#4 /home2/wmlobzmc/public_html/grupolozamora/intranet/app/Views/partials/menu.php(1): CodeIgniter\View\View->include('partials/horizo...')
#5 /home2/wmlobzmc/public_html/grupolozamora/intranet/vendor/codeigniter4/framework/system/View/View.php(230): include('/home2/wmlobzmc...')
#6 /home2/wmlobzmc/public_html/grupolozamora/intranet/vendor/codeigniter4/framework/system/View/View.php(232): CodeIgniter\View\View->CodeIgniter\View\{closure}()
#7 /home2/wmlobzmc/public_html/grupolozamora/intranet/vendor/codeigniter4/framework/system/View/View.php(487): CodeIgniter\View\View->render('partials/menu', NULL, true)
#8 /home2/wmlobzmc/public_html/grupolozamora/intranet/app/Views/Front/index.php(27): CodeIgniter\View\View->include('partials/menu')
#9 /home2/wmlobzmc/public_html/grupolozamora/intranet/vendor/codeigniter4/framework/system/View/View.php(230): include('/home2/wmlobzmc...')
#10 /home2/wmlobzmc/public_html/grupolozamora/intranet/vendor/codeigniter4/framework/system/View/View.php(232): CodeIgniter\View\View->CodeIgniter\View\{closure}()
#11 /home2/wmlobzmc/public_html/grupolozamora/intranet/vendor/codeigniter4/framework/system/Common.php(1250): CodeIgniter\View\View->render('Front/index', Array, true)
#12 /home2/wmlobzmc/public_html/grupolozamora/intranet/app/Controllers/Front.php(60): view('Front/index', Array)
#13 /home2/wmlobzmc/public_html/grupolozamora/intranet/vendor/codeigniter4/framework/system/CodeIgniter.php(931): App\Controllers\Front->index()
#14 /home2/wmlobzmc/public_html/grupolozamora/intranet/vendor/codeigniter4/framework/system/CodeIgniter.php(439): CodeIgniter\CodeIgniter->runController(Object(App\Controllers\Front))
#15 /home2/wmlobzmc/public_html/grupolozamora/intranet/vendor/codeigniter4/framework/system/CodeIgniter.php(339): CodeIgniter\CodeIgniter->handleRequest(NULL, Object(Config\Cache), false)
#16 /home2/wmlobzmc/public_html/grupolozamora/intranet/public/index.php(44): CodeIgniter\CodeIgniter->run()
#17 {main}
CRITICAL - 2025-01-07 15:18:59 --> Undefined index: alias
#0 /home2/wmlobzmc/public_html/grupolozamora/intranet/app/Views/partials/horizontal.php(1011): CodeIgniter\Debug\Exceptions->errorHandler(8, 'Undefined index...', '/home2/wmlobzmc...', 1011, Array)
#1 /home2/wmlobzmc/public_html/grupolozamora/intranet/vendor/codeigniter4/framework/system/View/View.php(230): include('/home2/wmlobzmc...')
#2 /home2/wmlobzmc/public_html/grupolozamora/intranet/vendor/codeigniter4/framework/system/View/View.php(232): CodeIgniter\View\View->CodeIgniter\View\{closure}()
#3 /home2/wmlobzmc/public_html/grupolozamora/intranet/vendor/codeigniter4/framework/system/View/View.php(487): CodeIgniter\View\View->render('partials/horizo...', NULL, true)
#4 /home2/wmlobzmc/public_html/grupolozamora/intranet/app/Views/partials/menu.php(1): CodeIgniter\View\View->include('partials/horizo...')
#5 /home2/wmlobzmc/public_html/grupolozamora/intranet/vendor/codeigniter4/framework/system/View/View.php(230): include('/home2/wmlobzmc...')
#6 /home2/wmlobzmc/public_html/grupolozamora/intranet/vendor/codeigniter4/framework/system/View/View.php(232): CodeIgniter\View\View->CodeIgniter\View\{closure}()
#7 /home2/wmlobzmc/public_html/grupolozamora/intranet/vendor/codeigniter4/framework/system/View/View.php(487): CodeIgniter\View\View->render('partials/menu', NULL, true)
#8 /home2/wmlobzmc/public_html/grupolozamora/intranet/app/Views/Front/index.php(27): CodeIgniter\View\View->include('partials/menu')
#9 /home2/wmlobzmc/public_html/grupolozamora/intranet/vendor/codeigniter4/framework/system/View/View.php(230): include('/home2/wmlobzmc...')
#10 /home2/wmlobzmc/public_html/grupolozamora/intranet/vendor/codeigniter4/framework/system/View/View.php(232): CodeIgniter\View\View->CodeIgniter\View\{closure}()
#11 /home2/wmlobzmc/public_html/grupolozamora/intranet/vendor/codeigniter4/framework/system/Common.php(1250): CodeIgniter\View\View->render('Front/index', Array, true)
#12 /home2/wmlobzmc/public_html/grupolozamora/intranet/app/Controllers/Front.php(60): view('Front/index', Array)
#13 /home2/wmlobzmc/public_html/grupolozamora/intranet/vendor/codeigniter4/framework/system/CodeIgniter.php(931): App\Controllers\Front->index()
#14 /home2/wmlobzmc/public_html/grupolozamora/intranet/vendor/codeigniter4/framework/system/CodeIgniter.php(439): CodeIgniter\CodeIgniter->runController(Object(App\Controllers\Front))
#15 /home2/wmlobzmc/public_html/grupolozamora/intranet/vendor/codeigniter4/framework/system/CodeIgniter.php(339): CodeIgniter\CodeIgniter->handleRequest(NULL, Object(Config\Cache), false)
#16 /home2/wmlobzmc/public_html/grupolozamora/intranet/public/index.php(44): CodeIgniter\CodeIgniter->run()
#17 {main}
CRITICAL - 2025-01-07 15:39:44 --> Undefined index: alias
#0 /home2/wmlobzmc/public_html/grupolozamora/intranet/app/Views/partials/horizontal.php(1011): CodeIgniter\Debug\Exceptions->errorHandler(8, 'Undefined index...', '/home2/wmlobzmc...', 1011, Array)
#1 /home2/wmlobzmc/public_html/grupolozamora/intranet/vendor/codeigniter4/framework/system/View/View.php(230): include('/home2/wmlobzmc...')
#2 /home2/wmlobzmc/public_html/grupolozamora/intranet/vendor/codeigniter4/framework/system/View/View.php(232): CodeIgniter\View\View->CodeIgniter\View\{closure}()
#3 /home2/wmlobzmc/public_html/grupolozamora/intranet/vendor/codeigniter4/framework/system/View/View.php(487): CodeIgniter\View\View->render('partials/horizo...', NULL, true)
#4 /home2/wmlobzmc/public_html/grupolozamora/intranet/app/Views/partials/menu.php(1): CodeIgniter\View\View->include('partials/horizo...')
#5 /home2/wmlobzmc/public_html/grupolozamora/intranet/vendor/codeigniter4/framework/system/View/View.php(230): include('/home2/wmlobzmc...')
#6 /home2/wmlobzmc/public_html/grupolozamora/intranet/vendor/codeigniter4/framework/system/View/View.php(232): CodeIgniter\View\View->CodeIgniter\View\{closure}()
#7 /home2/wmlobzmc/public_html/grupolozamora/intranet/vendor/codeigniter4/framework/system/View/View.php(487): CodeIgniter\View\View->render('partials/menu', NULL, true)
#8 /home2/wmlobzmc/public_html/grupolozamora/intranet/app/Views/Front/index.php(27): CodeIgniter\View\View->include('partials/menu')
#9 /home2/wmlobzmc/public_html/grupolozamora/intranet/vendor/codeigniter4/framework/system/View/View.php(230): include('/home2/wmlobzmc...')
#10 /home2/wmlobzmc/public_html/grupolozamora/intranet/vendor/codeigniter4/framework/system/View/View.php(232): CodeIgniter\View\View->CodeIgniter\View\{closure}()
#11 /home2/wmlobzmc/public_html/grupolozamora/intranet/vendor/codeigniter4/framework/system/Common.php(1250): CodeIgniter\View\View->render('Front/index', Array, true)
#12 /home2/wmlobzmc/public_html/grupolozamora/intranet/app/Controllers/Front.php(60): view('Front/index', Array)
#13 /home2/wmlobzmc/public_html/grupolozamora/intranet/vendor/codeigniter4/framework/system/CodeIgniter.php(931): App\Controllers\Front->index()
#14 /home2/wmlobzmc/public_html/grupolozamora/intranet/vendor/codeigniter4/framework/system/CodeIgniter.php(439): CodeIgniter\CodeIgniter->runController(Object(App\Controllers\Front))
#15 /home2/wmlobzmc/public_html/grupolozamora/intranet/vendor/codeigniter4/framework/system/CodeIgniter.php(339): CodeIgniter\CodeIgniter->handleRequest(NULL, Object(Config\Cache), false)
#16 /home2/wmlobzmc/public_html/grupolozamora/intranet/public/index.php(44): CodeIgniter\CodeIgniter->run()
#17 {main}
CRITICAL - 2025-01-07 15:39:45 --> Undefined index: alias
#0 /home2/wmlobzmc/public_html/grupolozamora/intranet/app/Views/partials/horizontal.php(1011): CodeIgniter\Debug\Exceptions->errorHandler(8, 'Undefined index...', '/home2/wmlobzmc...', 1011, Array)
#1 /home2/wmlobzmc/public_html/grupolozamora/intranet/vendor/codeigniter4/framework/system/View/View.php(230): include('/home2/wmlobzmc...')
#2 /home2/wmlobzmc/public_html/grupolozamora/intranet/vendor/codeigniter4/framework/system/View/View.php(232): CodeIgniter\View\View->CodeIgniter\View\{closure}()
#3 /home2/wmlobzmc/public_html/grupolozamora/intranet/vendor/codeigniter4/framework/system/View/View.php(487): CodeIgniter\View\View->render('partials/horizo...', NULL, true)
#4 /home2/wmlobzmc/public_html/grupolozamora/intranet/app/Views/partials/menu.php(1): CodeIgniter\View\View->include('partials/horizo...')
#5 /home2/wmlobzmc/public_html/grupolozamora/intranet/vendor/codeigniter4/framework/system/View/View.php(230): include('/home2/wmlobzmc...')
#6 /home2/wmlobzmc/public_html/grupolozamora/intranet/vendor/codeigniter4/framework/system/View/View.php(232): CodeIgniter\View\View->CodeIgniter\View\{closure}()
#7 /home2/wmlobzmc/public_html/grupolozamora/intranet/vendor/codeigniter4/framework/system/View/View.php(487): CodeIgniter\View\View->render('partials/menu', NULL, true)
#8 /home2/wmlobzmc/public_html/grupolozamora/intranet/app/Views/Front/index.php(27): CodeIgniter\View\View->include('partials/menu')
#9 /home2/wmlobzmc/public_html/grupolozamora/intranet/vendor/codeigniter4/framework/system/View/View.php(230): include('/home2/wmlobzmc...')
#10 /home2/wmlobzmc/public_html/grupolozamora/intranet/vendor/codeigniter4/framework/system/View/View.php(232): CodeIgniter\View\View->CodeIgniter\View\{closure}()
#11 /home2/wmlobzmc/public_html/grupolozamora/intranet/vendor/codeigniter4/framework/system/Common.php(1250): CodeIgniter\View\View->render('Front/index', Array, true)
#12 /home2/wmlobzmc/public_html/grupolozamora/intranet/app/Controllers/Front.php(60): view('Front/index', Array)
#13 /home2/wmlobzmc/public_html/grupolozamora/intranet/vendor/codeigniter4/framework/system/CodeIgniter.php(931): App\Controllers\Front->index()
#14 /home2/wmlobzmc/public_html/grupolozamora/intranet/vendor/codeigniter4/framework/system/CodeIgniter.php(439): CodeIgniter\CodeIgniter->runController(Object(App\Controllers\Front))
#15 /home2/wmlobzmc/public_html/grupolozamora/intranet/vendor/codeigniter4/framework/system/CodeIgniter.php(339): CodeIgniter\CodeIgniter->handleRequest(NULL, Object(Config\Cache), false)
#16 /home2/wmlobzmc/public_html/grupolozamora/intranet/public/index.php(44): CodeIgniter\CodeIgniter->run()
#17 {main}
CRITICAL - 2025-01-07 16:38:43 --> Undefined index: alias
#0 /home2/wmlobzmc/public_html/grupolozamora/intranet/app/Views/partials/horizontal.php(1011): CodeIgniter\Debug\Exceptions->errorHandler(8, 'Undefined index...', '/home2/wmlobzmc...', 1011, Array)
#1 /home2/wmlobzmc/public_html/grupolozamora/intranet/vendor/codeigniter4/framework/system/View/View.php(230): include('/home2/wmlobzmc...')
#2 /home2/wmlobzmc/public_html/grupolozamora/intranet/vendor/codeigniter4/framework/system/View/View.php(232): CodeIgniter\View\View->CodeIgniter\View\{closure}()
#3 /home2/wmlobzmc/public_html/grupolozamora/intranet/vendor/codeigniter4/framework/system/View/View.php(487): CodeIgniter\View\View->render('partials/horizo...', NULL, true)
#4 /home2/wmlobzmc/public_html/grupolozamora/intranet/app/Views/partials/menu.php(1): CodeIgniter\View\View->include('partials/horizo...')
#5 /home2/wmlobzmc/public_html/grupolozamora/intranet/vendor/codeigniter4/framework/system/View/View.php(230): include('/home2/wmlobzmc...')
#6 /home2/wmlobzmc/public_html/grupolozamora/intranet/vendor/codeigniter4/framework/system/View/View.php(232): CodeIgniter\View\View->CodeIgniter\View\{closure}()
#7 /home2/wmlobzmc/public_html/grupolozamora/intranet/vendor/codeigniter4/framework/system/View/View.php(487): CodeIgniter\View\View->render('partials/menu', NULL, true)
#8 /home2/wmlobzmc/public_html/grupolozamora/intranet/app/Views/Front/index.php(27): CodeIgniter\View\View->include('partials/menu')
#9 /home2/wmlobzmc/public_html/grupolozamora/intranet/vendor/codeigniter4/framework/system/View/View.php(230): include('/home2/wmlobzmc...')
#10 /home2/wmlobzmc/public_html/grupolozamora/intranet/vendor/codeigniter4/framework/system/View/View.php(232): CodeIgniter\View\View->CodeIgniter\View\{closure}()
#11 /home2/wmlobzmc/public_html/grupolozamora/intranet/vendor/codeigniter4/framework/system/Common.php(1250): CodeIgniter\View\View->render('Front/index', Array, true)
#12 /home2/wmlobzmc/public_html/grupolozamora/intranet/app/Controllers/Front.php(60): view('Front/index', Array)
#13 /home2/wmlobzmc/public_html/grupolozamora/intranet/vendor/codeigniter4/framework/system/CodeIgniter.php(931): App\Controllers\Front->index()
#14 /home2/wmlobzmc/public_html/grupolozamora/intranet/vendor/codeigniter4/framework/system/CodeIgniter.php(439): CodeIgniter\CodeIgniter->runController(Object(App\Controllers\Front))
#15 /home2/wmlobzmc/public_html/grupolozamora/intranet/vendor/codeigniter4/framework/system/CodeIgniter.php(339): CodeIgniter\CodeIgniter->handleRequest(NULL, Object(Config\Cache), false)
#16 /home2/wmlobzmc/public_html/grupolozamora/intranet/public/index.php(44): CodeIgniter\CodeIgniter->run()
#17 {main}
CRITICAL - 2025-01-07 16:38:43 --> Undefined index: alias
#0 /home2/wmlobzmc/public_html/grupolozamora/intranet/app/Views/partials/horizontal.php(1011): CodeIgniter\Debug\Exceptions->errorHandler(8, 'Undefined index...', '/home2/wmlobzmc...', 1011, Array)
#1 /home2/wmlobzmc/public_html/grupolozamora/intranet/vendor/codeigniter4/framework/system/View/View.php(230): include('/home2/wmlobzmc...')
#2 /home2/wmlobzmc/public_html/grupolozamora/intranet/vendor/codeigniter4/framework/system/View/View.php(232): CodeIgniter\View\View->CodeIgniter\View\{closure}()
#3 /home2/wmlobzmc/public_html/grupolozamora/intranet/vendor/codeigniter4/framework/system/View/View.php(487): CodeIgniter\View\View->render('partials/horizo...', NULL, true)
#4 /home2/wmlobzmc/public_html/grupolozamora/intranet/app/Views/partials/menu.php(1): CodeIgniter\View\View->include('partials/horizo...')
#5 /home2/wmlobzmc/public_html/grupolozamora/intranet/vendor/codeigniter4/framework/system/View/View.php(230): include('/home2/wmlobzmc...')
#6 /home2/wmlobzmc/public_html/grupolozamora/intranet/vendor/codeigniter4/framework/system/View/View.php(232): CodeIgniter\View\View->CodeIgniter\View\{closure}()
#7 /home2/wmlobzmc/public_html/grupolozamora/intranet/vendor/codeigniter4/framework/system/View/View.php(487): CodeIgniter\View\View->render('partials/menu', NULL, true)
#8 /home2/wmlobzmc/public_html/grupolozamora/intranet/app/Views/Front/index.php(27): CodeIgniter\View\View->include('partials/menu')
#9 /home2/wmlobzmc/public_html/grupolozamora/intranet/vendor/codeigniter4/framework/system/View/View.php(230): include('/home2/wmlobzmc...')
#10 /home2/wmlobzmc/public_html/grupolozamora/intranet/vendor/codeigniter4/framework/system/View/View.php(232): CodeIgniter\View\View->CodeIgniter\View\{closure}()
#11 /home2/wmlobzmc/public_html/grupolozamora/intranet/vendor/codeigniter4/framework/system/Common.php(1250): CodeIgniter\View\View->render('Front/index', Array, true)
#12 /home2/wmlobzmc/public_html/grupolozamora/intranet/app/Controllers/Front.php(60): view('Front/index', Array)
#13 /home2/wmlobzmc/public_html/grupolozamora/intranet/vendor/codeigniter4/framework/system/CodeIgniter.php(931): App\Controllers\Front->index()
#14 /home2/wmlobzmc/public_html/grupolozamora/intranet/vendor/codeigniter4/framework/system/CodeIgniter.php(439): CodeIgniter\CodeIgniter->runController(Object(App\Controllers\Front))
#15 /home2/wmlobzmc/public_html/grupolozamora/intranet/vendor/codeigniter4/framework/system/CodeIgniter.php(339): CodeIgniter\CodeIgniter->handleRequest(NULL, Object(Config\Cache), false)
#16 /home2/wmlobzmc/public_html/grupolozamora/intranet/public/index.php(44): CodeIgniter\CodeIgniter->run()
#17 {main}
CRITICAL - 2025-01-07 16:39:29 --> Undefined index: alias
#0 /home2/wmlobzmc/public_html/grupolozamora/intranet/app/Views/partials/horizontal.php(1011): CodeIgniter\Debug\Exceptions->errorHandler(8, 'Undefined index...', '/home2/wmlobzmc...', 1011, Array)
#1 /home2/wmlobzmc/public_html/grupolozamora/intranet/vendor/codeigniter4/framework/system/View/View.php(230): include('/home2/wmlobzmc...')
#2 /home2/wmlobzmc/public_html/grupolozamora/intranet/vendor/codeigniter4/framework/system/View/View.php(232): CodeIgniter\View\View->CodeIgniter\View\{closure}()
#3 /home2/wmlobzmc/public_html/grupolozamora/intranet/vendor/codeigniter4/framework/system/View/View.php(487): CodeIgniter\View\View->render('partials/horizo...', NULL, true)
#4 /home2/wmlobzmc/public_html/grupolozamora/intranet/app/Views/partials/menu.php(1): CodeIgniter\View\View->include('partials/horizo...')
#5 /home2/wmlobzmc/public_html/grupolozamora/intranet/vendor/codeigniter4/framework/system/View/View.php(230): include('/home2/wmlobzmc...')
#6 /home2/wmlobzmc/public_html/grupolozamora/intranet/vendor/codeigniter4/framework/system/View/View.php(232): CodeIgniter\View\View->CodeIgniter\View\{closure}()
#7 /home2/wmlobzmc/public_html/grupolozamora/intranet/vendor/codeigniter4/framework/system/View/View.php(487): CodeIgniter\View\View->render('partials/menu', NULL, true)
#8 /home2/wmlobzmc/public_html/grupolozamora/intranet/app/Views/Front/index.php(27): CodeIgniter\View\View->include('partials/menu')
#9 /home2/wmlobzmc/public_html/grupolozamora/intranet/vendor/codeigniter4/framework/system/View/View.php(230): include('/home2/wmlobzmc...')
#10 /home2/wmlobzmc/public_html/grupolozamora/intranet/vendor/codeigniter4/framework/system/View/View.php(232): CodeIgniter\View\View->CodeIgniter\View\{closure}()
#11 /home2/wmlobzmc/public_html/grupolozamora/intranet/vendor/codeigniter4/framework/system/Common.php(1250): CodeIgniter\View\View->render('Front/index', Array, true)
#12 /home2/wmlobzmc/public_html/grupolozamora/intranet/app/Controllers/Front.php(60): view('Front/index', Array)
#13 /home2/wmlobzmc/public_html/grupolozamora/intranet/vendor/codeigniter4/framework/system/CodeIgniter.php(931): App\Controllers\Front->index()
#14 /home2/wmlobzmc/public_html/grupolozamora/intranet/vendor/codeigniter4/framework/system/CodeIgniter.php(439): CodeIgniter\CodeIgniter->runController(Object(App\Controllers\Front))
#15 /home2/wmlobzmc/public_html/grupolozamora/intranet/vendor/codeigniter4/framework/system/CodeIgniter.php(339): CodeIgniter\CodeIgniter->handleRequest(NULL, Object(Config\Cache), false)
#16 /home2/wmlobzmc/public_html/grupolozamora/intranet/public/index.php(44): CodeIgniter\CodeIgniter->run()
#17 {main}
CRITICAL - 2025-01-07 16:39:31 --> Undefined index: alias
#0 /home2/wmlobzmc/public_html/grupolozamora/intranet/app/Views/partials/horizontal.php(1011): CodeIgniter\Debug\Exceptions->errorHandler(8, 'Undefined index...', '/home2/wmlobzmc...', 1011, Array)
#1 /home2/wmlobzmc/public_html/grupolozamora/intranet/vendor/codeigniter4/framework/system/View/View.php(230): include('/home2/wmlobzmc...')
#2 /home2/wmlobzmc/public_html/grupolozamora/intranet/vendor/codeigniter4/framework/system/View/View.php(232): CodeIgniter\View\View->CodeIgniter\View\{closure}()
#3 /home2/wmlobzmc/public_html/grupolozamora/intranet/vendor/codeigniter4/framework/system/View/View.php(487): CodeIgniter\View\View->render('partials/horizo...', NULL, true)
#4 /home2/wmlobzmc/public_html/grupolozamora/intranet/app/Views/partials/menu.php(1): CodeIgniter\View\View->include('partials/horizo...')
#5 /home2/wmlobzmc/public_html/grupolozamora/intranet/vendor/codeigniter4/framework/system/View/View.php(230): include('/home2/wmlobzmc...')
#6 /home2/wmlobzmc/public_html/grupolozamora/intranet/vendor/codeigniter4/framework/system/View/View.php(232): CodeIgniter\View\View->CodeIgniter\View\{closure}()
#7 /home2/wmlobzmc/public_html/grupolozamora/intranet/vendor/codeigniter4/framework/system/View/View.php(487): CodeIgniter\View\View->render('partials/menu', NULL, true)
#8 /home2/wmlobzmc/public_html/grupolozamora/intranet/app/Views/Front/index.php(27): CodeIgniter\View\View->include('partials/menu')
#9 /home2/wmlobzmc/public_html/grupolozamora/intranet/vendor/codeigniter4/framework/system/View/View.php(230): include('/home2/wmlobzmc...')
#10 /home2/wmlobzmc/public_html/grupolozamora/intranet/vendor/codeigniter4/framework/system/View/View.php(232): CodeIgniter\View\View->CodeIgniter\View\{closure}()
#11 /home2/wmlobzmc/public_html/grupolozamora/intranet/vendor/codeigniter4/framework/system/Common.php(1250): CodeIgniter\View\View->render('Front/index', Array, true)
#12 /home2/wmlobzmc/public_html/grupolozamora/intranet/app/Controllers/Front.php(60): view('Front/index', Array)
#13 /home2/wmlobzmc/public_html/grupolozamora/intranet/vendor/codeigniter4/framework/system/CodeIgniter.php(931): App\Controllers\Front->index()
#14 /home2/wmlobzmc/public_html/grupolozamora/intranet/vendor/codeigniter4/framework/system/CodeIgniter.php(439): CodeIgniter\CodeIgniter->runController(Object(App\Controllers\Front))
#15 /home2/wmlobzmc/public_html/grupolozamora/intranet/vendor/codeigniter4/framework/system/CodeIgniter.php(339): CodeIgniter\CodeIgniter->handleRequest(NULL, Object(Config\Cache), false)
#16 /home2/wmlobzmc/public_html/grupolozamora/intranet/public/index.php(44): CodeIgniter\CodeIgniter->run()
#17 {main}
CRITICAL - 2025-01-07 16:39:36 --> Undefined index: alias
#0 /home2/wmlobzmc/public_html/grupolozamora/intranet/app/Views/partials/horizontal.php(1011): CodeIgniter\Debug\Exceptions->errorHandler(8, 'Undefined index...', '/home2/wmlobzmc...', 1011, Array)
#1 /home2/wmlobzmc/public_html/grupolozamora/intranet/vendor/codeigniter4/framework/system/View/View.php(230): include('/home2/wmlobzmc...')
#2 /home2/wmlobzmc/public_html/grupolozamora/intranet/vendor/codeigniter4/framework/system/View/View.php(232): CodeIgniter\View\View->CodeIgniter\View\{closure}()
#3 /home2/wmlobzmc/public_html/grupolozamora/intranet/vendor/codeigniter4/framework/system/View/View.php(487): CodeIgniter\View\View->render('partials/horizo...', NULL, true)
#4 /home2/wmlobzmc/public_html/grupolozamora/intranet/app/Views/partials/menu.php(1): CodeIgniter\View\View->include('partials/horizo...')
#5 /home2/wmlobzmc/public_html/grupolozamora/intranet/vendor/codeigniter4/framework/system/View/View.php(230): include('/home2/wmlobzmc...')
#6 /home2/wmlobzmc/public_html/grupolozamora/intranet/vendor/codeigniter4/framework/system/View/View.php(232): CodeIgniter\View\View->CodeIgniter\View\{closure}()
#7 /home2/wmlobzmc/public_html/grupolozamora/intranet/vendor/codeigniter4/framework/system/View/View.php(487): CodeIgniter\View\View->render('partials/menu', NULL, true)
#8 /home2/wmlobzmc/public_html/grupolozamora/intranet/app/Views/job-offers/job-offer-list-catalog.php(321): CodeIgniter\View\View->include('partials/menu')
#9 /home2/wmlobzmc/public_html/grupolozamora/intranet/vendor/codeigniter4/framework/system/View/View.php(230): include('/home2/wmlobzmc...')
#10 /home2/wmlobzmc/public_html/grupolozamora/intranet/vendor/codeigniter4/framework/system/View/View.php(232): CodeIgniter\View\View->CodeIgniter\View\{closure}()
#11 /home2/wmlobzmc/public_html/grupolozamora/intranet/vendor/codeigniter4/framework/system/Common.php(1250): CodeIgniter\View\View->render('job-offers/job-...', Array, true)
#12 /home2/wmlobzmc/public_html/grupolozamora/intranet/app/Controllers/JobOfferController.php(865): view('job-offers/job-...', Array)
#13 /home2/wmlobzmc/public_html/grupolozamora/intranet/vendor/codeigniter4/framework/system/CodeIgniter.php(931): App\Controllers\JobOfferController->show_job_offer_list_catalog()
#14 /home2/wmlobzmc/public_html/grupolozamora/intranet/vendor/codeigniter4/framework/system/CodeIgniter.php(439): CodeIgniter\CodeIgniter->runController(Object(App\Controllers\JobOfferController))
#15 /home2/wmlobzmc/public_html/grupolozamora/intranet/vendor/codeigniter4/framework/system/CodeIgniter.php(339): CodeIgniter\CodeIgniter->handleRequest(NULL, Object(Config\Cache), false)
#16 /home2/wmlobzmc/public_html/grupolozamora/intranet/public/index.php(44): CodeIgniter\CodeIgniter->run()
#17 {main}
CRITICAL - 2025-01-07 16:39:37 --> Undefined index: alias
#0 /home2/wmlobzmc/public_html/grupolozamora/intranet/app/Views/partials/horizontal.php(1011): CodeIgniter\Debug\Exceptions->errorHandler(8, 'Undefined index...', '/home2/wmlobzmc...', 1011, Array)
#1 /home2/wmlobzmc/public_html/grupolozamora/intranet/vendor/codeigniter4/framework/system/View/View.php(230): include('/home2/wmlobzmc...')
#2 /home2/wmlobzmc/public_html/grupolozamora/intranet/vendor/codeigniter4/framework/system/View/View.php(232): CodeIgniter\View\View->CodeIgniter\View\{closure}()
#3 /home2/wmlobzmc/public_html/grupolozamora/intranet/vendor/codeigniter4/framework/system/View/View.php(487): CodeIgniter\View\View->render('partials/horizo...', NULL, true)
#4 /home2/wmlobzmc/public_html/grupolozamora/intranet/app/Views/partials/menu.php(1): CodeIgniter\View\View->include('partials/horizo...')
#5 /home2/wmlobzmc/public_html/grupolozamora/intranet/vendor/codeigniter4/framework/system/View/View.php(230): include('/home2/wmlobzmc...')
#6 /home2/wmlobzmc/public_html/grupolozamora/intranet/vendor/codeigniter4/framework/system/View/View.php(232): CodeIgniter\View\View->CodeIgniter\View\{closure}()
#7 /home2/wmlobzmc/public_html/grupolozamora/intranet/vendor/codeigniter4/framework/system/View/View.php(487): CodeIgniter\View\View->render('partials/menu', NULL, true)
#8 /home2/wmlobzmc/public_html/grupolozamora/intranet/app/Views/job-offers/job-offer-list-catalog.php(321): CodeIgniter\View\View->include('partials/menu')
#9 /home2/wmlobzmc/public_html/grupolozamora/intranet/vendor/codeigniter4/framework/system/View/View.php(230): include('/home2/wmlobzmc...')
#10 /home2/wmlobzmc/public_html/grupolozamora/intranet/vendor/codeigniter4/framework/system/View/View.php(232): CodeIgniter\View\View->CodeIgniter\View\{closure}()
#11 /home2/wmlobzmc/public_html/grupolozamora/intranet/vendor/codeigniter4/framework/system/Common.php(1250): CodeIgniter\View\View->render('job-offers/job-...', Array, true)
#12 /home2/wmlobzmc/public_html/grupolozamora/intranet/app/Controllers/JobOfferController.php(865): view('job-offers/job-...', Array)
#13 /home2/wmlobzmc/public_html/grupolozamora/intranet/vendor/codeigniter4/framework/system/CodeIgniter.php(931): App\Controllers\JobOfferController->show_job_offer_list_catalog()
#14 /home2/wmlobzmc/public_html/grupolozamora/intranet/vendor/codeigniter4/framework/system/CodeIgniter.php(439): CodeIgniter\CodeIgniter->runController(Object(App\Controllers\JobOfferController))
#15 /home2/wmlobzmc/public_html/grupolozamora/intranet/vendor/codeigniter4/framework/system/CodeIgniter.php(339): CodeIgniter\CodeIgniter->handleRequest(NULL, Object(Config\Cache), false)
#16 /home2/wmlobzmc/public_html/grupolozamora/intranet/public/index.php(44): CodeIgniter\CodeIgniter->run()
#17 {main}
CRITICAL - 2025-01-07 16:39:41 --> Undefined index: alias
#0 /home2/wmlobzmc/public_html/grupolozamora/intranet/app/Views/partials/horizontal.php(1011): CodeIgniter\Debug\Exceptions->errorHandler(8, 'Undefined index...', '/home2/wmlobzmc...', 1011, Array)
#1 /home2/wmlobzmc/public_html/grupolozamora/intranet/vendor/codeigniter4/framework/system/View/View.php(230): include('/home2/wmlobzmc...')
#2 /home2/wmlobzmc/public_html/grupolozamora/intranet/vendor/codeigniter4/framework/system/View/View.php(232): CodeIgniter\View\View->CodeIgniter\View\{closure}()
#3 /home2/wmlobzmc/public_html/grupolozamora/intranet/vendor/codeigniter4/framework/system/View/View.php(487): CodeIgniter\View\View->render('partials/horizo...', NULL, true)
#4 /home2/wmlobzmc/public_html/grupolozamora/intranet/app/Views/partials/menu.php(1): CodeIgniter\View\View->include('partials/horizo...')
#5 /home2/wmlobzmc/public_html/grupolozamora/intranet/vendor/codeigniter4/framework/system/View/View.php(230): include('/home2/wmlobzmc...')
#6 /home2/wmlobzmc/public_html/grupolozamora/intranet/vendor/codeigniter4/framework/system/View/View.php(232): CodeIgniter\View\View->CodeIgniter\View\{closure}()
#7 /home2/wmlobzmc/public_html/grupolozamora/intranet/vendor/codeigniter4/framework/system/View/View.php(487): CodeIgniter\View\View->render('partials/menu', NULL, true)
#8 /home2/wmlobzmc/public_html/grupolozamora/intranet/app/Views/job-offers/job-offer-list-catalog.php(321): CodeIgniter\View\View->include('partials/menu')
#9 /home2/wmlobzmc/public_html/grupolozamora/intranet/vendor/codeigniter4/framework/system/View/View.php(230): include('/home2/wmlobzmc...')
#10 /home2/wmlobzmc/public_html/grupolozamora/intranet/vendor/codeigniter4/framework/system/View/View.php(232): CodeIgniter\View\View->CodeIgniter\View\{closure}()
#11 /home2/wmlobzmc/public_html/grupolozamora/intranet/vendor/codeigniter4/framework/system/Common.php(1250): CodeIgniter\View\View->render('job-offers/job-...', Array, true)
#12 /home2/wmlobzmc/public_html/grupolozamora/intranet/app/Controllers/JobOfferController.php(865): view('job-offers/job-...', Array)
#13 /home2/wmlobzmc/public_html/grupolozamora/intranet/vendor/codeigniter4/framework/system/CodeIgniter.php(931): App\Controllers\JobOfferController->show_job_offer_list_catalog()
#14 /home2/wmlobzmc/public_html/grupolozamora/intranet/vendor/codeigniter4/framework/system/CodeIgniter.php(439): CodeIgniter\CodeIgniter->runController(Object(App\Controllers\JobOfferController))
#15 /home2/wmlobzmc/public_html/grupolozamora/intranet/vendor/codeigniter4/framework/system/CodeIgniter.php(339): CodeIgniter\CodeIgniter->handleRequest(NULL, Object(Config\Cache), false)
#16 /home2/wmlobzmc/public_html/grupolozamora/intranet/public/index.php(44): CodeIgniter\CodeIgniter->run()
#17 {main}
CRITICAL - 2025-01-07 16:51:59 --> Undefined index: alias
#0 /home2/wmlobzmc/public_html/grupolozamora/intranet/app/Views/partials/horizontal.php(1011): CodeIgniter\Debug\Exceptions->errorHandler(8, 'Undefined index...', '/home2/wmlobzmc...', 1011, Array)
#1 /home2/wmlobzmc/public_html/grupolozamora/intranet/vendor/codeigniter4/framework/system/View/View.php(230): include('/home2/wmlobzmc...')
#2 /home2/wmlobzmc/public_html/grupolozamora/intranet/vendor/codeigniter4/framework/system/View/View.php(232): CodeIgniter\View\View->CodeIgniter\View\{closure}()
#3 /home2/wmlobzmc/public_html/grupolozamora/intranet/vendor/codeigniter4/framework/system/View/View.php(487): CodeIgniter\View\View->render('partials/horizo...', NULL, true)
#4 /home2/wmlobzmc/public_html/grupolozamora/intranet/app/Views/partials/menu.php(1): CodeIgniter\View\View->include('partials/horizo...')
#5 /home2/wmlobzmc/public_html/grupolozamora/intranet/vendor/codeigniter4/framework/system/View/View.php(230): include('/home2/wmlobzmc...')
#6 /home2/wmlobzmc/public_html/grupolozamora/intranet/vendor/codeigniter4/framework/system/View/View.php(232): CodeIgniter\View\View->CodeIgniter\View\{closure}()
#7 /home2/wmlobzmc/public_html/grupolozamora/intranet/vendor/codeigniter4/framework/system/View/View.php(487): CodeIgniter\View\View->render('partials/menu', NULL, true)
#8 /home2/wmlobzmc/public_html/grupolozamora/intranet/app/Views/Front/index.php(27): CodeIgniter\View\View->include('partials/menu')
#9 /home2/wmlobzmc/public_html/grupolozamora/intranet/vendor/codeigniter4/framework/system/View/View.php(230): include('/home2/wmlobzmc...')
#10 /home2/wmlobzmc/public_html/grupolozamora/intranet/vendor/codeigniter4/framework/system/View/View.php(232): CodeIgniter\View\View->CodeIgniter\View\{closure}()
#11 /home2/wmlobzmc/public_html/grupolozamora/intranet/vendor/codeigniter4/framework/system/Common.php(1250): CodeIgniter\View\View->render('Front/index', Array, true)
#12 /home2/wmlobzmc/public_html/grupolozamora/intranet/app/Controllers/Front.php(60): view('Front/index', Array)
#13 /home2/wmlobzmc/public_html/grupolozamora/intranet/vendor/codeigniter4/framework/system/CodeIgniter.php(931): App\Controllers\Front->index()
#14 /home2/wmlobzmc/public_html/grupolozamora/intranet/vendor/codeigniter4/framework/system/CodeIgniter.php(439): CodeIgniter\CodeIgniter->runController(Object(App\Controllers\Front))
#15 /home2/wmlobzmc/public_html/grupolozamora/intranet/vendor/codeigniter4/framework/system/CodeIgniter.php(339): CodeIgniter\CodeIgniter->handleRequest(NULL, Object(Config\Cache), false)
#16 /home2/wmlobzmc/public_html/grupolozamora/intranet/public/index.php(44): CodeIgniter\CodeIgniter->run()
#17 {main}
CRITICAL - 2025-01-07 16:52:00 --> Undefined index: alias
#0 /home2/wmlobzmc/public_html/grupolozamora/intranet/app/Views/partials/horizontal.php(1011): CodeIgniter\Debug\Exceptions->errorHandler(8, 'Undefined index...', '/home2/wmlobzmc...', 1011, Array)
#1 /home2/wmlobzmc/public_html/grupolozamora/intranet/vendor/codeigniter4/framework/system/View/View.php(230): include('/home2/wmlobzmc...')
#2 /home2/wmlobzmc/public_html/grupolozamora/intranet/vendor/codeigniter4/framework/system/View/View.php(232): CodeIgniter\View\View->CodeIgniter\View\{closure}()
#3 /home2/wmlobzmc/public_html/grupolozamora/intranet/vendor/codeigniter4/framework/system/View/View.php(487): CodeIgniter\View\View->render('partials/horizo...', NULL, true)
#4 /home2/wmlobzmc/public_html/grupolozamora/intranet/app/Views/partials/menu.php(1): CodeIgniter\View\View->include('partials/horizo...')
#5 /home2/wmlobzmc/public_html/grupolozamora/intranet/vendor/codeigniter4/framework/system/View/View.php(230): include('/home2/wmlobzmc...')
#6 /home2/wmlobzmc/public_html/grupolozamora/intranet/vendor/codeigniter4/framework/system/View/View.php(232): CodeIgniter\View\View->CodeIgniter\View\{closure}()
#7 /home2/wmlobzmc/public_html/grupolozamora/intranet/vendor/codeigniter4/framework/system/View/View.php(487): CodeIgniter\View\View->render('partials/menu', NULL, true)
#8 /home2/wmlobzmc/public_html/grupolozamora/intranet/app/Views/Front/index.php(27): CodeIgniter\View\View->include('partials/menu')
#9 /home2/wmlobzmc/public_html/grupolozamora/intranet/vendor/codeigniter4/framework/system/View/View.php(230): include('/home2/wmlobzmc...')
#10 /home2/wmlobzmc/public_html/grupolozamora/intranet/vendor/codeigniter4/framework/system/View/View.php(232): CodeIgniter\View\View->CodeIgniter\View\{closure}()
#11 /home2/wmlobzmc/public_html/grupolozamora/intranet/vendor/codeigniter4/framework/system/Common.php(1250): CodeIgniter\View\View->render('Front/index', Array, true)
#12 /home2/wmlobzmc/public_html/grupolozamora/intranet/app/Controllers/Front.php(60): view('Front/index', Array)
#13 /home2/wmlobzmc/public_html/grupolozamora/intranet/vendor/codeigniter4/framework/system/CodeIgniter.php(931): App\Controllers\Front->index()
#14 /home2/wmlobzmc/public_html/grupolozamora/intranet/vendor/codeigniter4/framework/system/CodeIgniter.php(439): CodeIgniter\CodeIgniter->runController(Object(App\Controllers\Front))
#15 /home2/wmlobzmc/public_html/grupolozamora/intranet/vendor/codeigniter4/framework/system/CodeIgniter.php(339): CodeIgniter\CodeIgniter->handleRequest(NULL, Object(Config\Cache), false)
#16 /home2/wmlobzmc/public_html/grupolozamora/intranet/public/index.php(44): CodeIgniter\CodeIgniter->run()
#17 {main}
