CRITICAL - 2024-09-05 11:51:28 --> Allowed memory size of 33554432 bytes exhausted (tried to allocate 442368 bytes)
#0 [internal function]: CodeIgniter\Debug\Exceptions->shutdownHandler()
#1 {main}
CRITICAL - 2024-09-05 11:52:22 --> Allowed memory size of 33554432 bytes exhausted (tried to allocate 442368 bytes)
#0 [internal function]: CodeIgniter\Debug\Exceptions->shutdownHandler()
#1 {main}
CRITICAL - 2024-09-05 12:34:46 --> unlink(/home2/wmlobzmc/public_html/grupolozamora/chambeo/writable/debugbar/debugbar_1725557180.json): No such file or directory
#0 [internal function]: CodeIgniter\Debug\Exceptions->errorHandler(2, 'unlink(/home2/w...', '/home2/wmlobzmc...', 78, Array)
#1 /home2/wmlobzmc/public_html/grupolozamora/chambeo/vendor/codeigniter4/framework/system/Debug/Toolbar/Collectors/History.php(78): unlink('/home2/wmlobzmc...')
#2 /home2/wmlobzmc/public_html/grupolozamora/chambeo/vendor/codeigniter4/framework/system/Debug/Toolbar.php(480): CodeIgniter\Debug\Toolbar\Collectors\History->setFiles(1725557682, 20)
#3 /home2/wmlobzmc/public_html/grupolozamora/chambeo/vendor/codeigniter4/framework/system/Debug/Toolbar.php(452): CodeIgniter\Debug\Toolbar->format(Array, 'html')
#4 /home2/wmlobzmc/public_html/grupolozamora/chambeo/app/Config/Events.php(50): CodeIgniter\Debug\Toolbar->respond()
#5 [internal function]: CodeIgniter\Events\Events::Config\{closure}()
#6 /home2/wmlobzmc/public_html/grupolozamora/chambeo/vendor/codeigniter4/framework/system/Events/Events.php(166): call_user_func(Object(Closure))
#7 /home2/wmlobzmc/public_html/grupolozamora/chambeo/vendor/codeigniter4/framework/system/CodeIgniter.php(319): CodeIgniter\Events\Events::trigger('pre_system')
#8 /home2/wmlobzmc/public_html/grupolozamora/chambeo/public/index.php(44): CodeIgniter\CodeIgniter->run()
#9 {main}
CRITICAL - 2024-09-05 12:36:41 --> Undefined index: document
#0 /home2/wmlobzmc/public_html/grupolozamora/chambeo/app/Views/company/company-create.php(112): CodeIgniter\Debug\Exceptions->errorHandler(8, 'Undefined index...', '/home2/wmlobzmc...', 112, Array)
#1 /home2/wmlobzmc/public_html/grupolozamora/chambeo/vendor/codeigniter4/framework/system/View/View.php(230): include('/home2/wmlobzmc...')
#2 /home2/wmlobzmc/public_html/grupolozamora/chambeo/vendor/codeigniter4/framework/system/View/View.php(232): CodeIgniter\View\View->CodeIgniter\View\{closure}()
#3 /home2/wmlobzmc/public_html/grupolozamora/chambeo/vendor/codeigniter4/framework/system/Common.php(1250): CodeIgniter\View\View->render('company/company...', Array, true)
#4 /home2/wmlobzmc/public_html/grupolozamora/chambeo/app/Controllers/CompanyController.php(231): view('company/company...', Array)
#5 /home2/wmlobzmc/public_html/grupolozamora/chambeo/vendor/codeigniter4/framework/system/CodeIgniter.php(931): App\Controllers\CompanyController->show_company_create()
#6 /home2/wmlobzmc/public_html/grupolozamora/chambeo/vendor/codeigniter4/framework/system/CodeIgniter.php(439): CodeIgniter\CodeIgniter->runController(Object(App\Controllers\CompanyController))
#7 /home2/wmlobzmc/public_html/grupolozamora/chambeo/vendor/codeigniter4/framework/system/CodeIgniter.php(339): CodeIgniter\CodeIgniter->handleRequest(NULL, Object(Config\Cache), false)
#8 /home2/wmlobzmc/public_html/grupolozamora/chambeo/public/index.php(44): CodeIgniter\CodeIgniter->run()
#9 {main}
CRITICAL - 2024-09-05 12:37:13 --> Undefined index: document
#0 /home2/wmlobzmc/public_html/grupolozamora/chambeo/app/Views/company/company-create.php(112): CodeIgniter\Debug\Exceptions->errorHandler(8, 'Undefined index...', '/home2/wmlobzmc...', 112, Array)
#1 /home2/wmlobzmc/public_html/grupolozamora/chambeo/vendor/codeigniter4/framework/system/View/View.php(230): include('/home2/wmlobzmc...')
#2 /home2/wmlobzmc/public_html/grupolozamora/chambeo/vendor/codeigniter4/framework/system/View/View.php(232): CodeIgniter\View\View->CodeIgniter\View\{closure}()
#3 /home2/wmlobzmc/public_html/grupolozamora/chambeo/vendor/codeigniter4/framework/system/Common.php(1250): CodeIgniter\View\View->render('company/company...', Array, true)
#4 /home2/wmlobzmc/public_html/grupolozamora/chambeo/app/Controllers/CompanyController.php(231): view('company/company...', Array)
#5 /home2/wmlobzmc/public_html/grupolozamora/chambeo/vendor/codeigniter4/framework/system/CodeIgniter.php(931): App\Controllers\CompanyController->show_company_create()
#6 /home2/wmlobzmc/public_html/grupolozamora/chambeo/vendor/codeigniter4/framework/system/CodeIgniter.php(439): CodeIgniter\CodeIgniter->runController(Object(App\Controllers\CompanyController))
#7 /home2/wmlobzmc/public_html/grupolozamora/chambeo/vendor/codeigniter4/framework/system/CodeIgniter.php(339): CodeIgniter\CodeIgniter->handleRequest(NULL, Object(Config\Cache), false)
#8 /home2/wmlobzmc/public_html/grupolozamora/chambeo/public/index.php(44): CodeIgniter\CodeIgniter->run()
#9 {main}
CRITICAL - 2024-09-05 12:37:28 --> Undefined index: document
#0 /home2/wmlobzmc/public_html/grupolozamora/chambeo/app/Views/company/company-create.php(112): CodeIgniter\Debug\Exceptions->errorHandler(8, 'Undefined index...', '/home2/wmlobzmc...', 112, Array)
#1 /home2/wmlobzmc/public_html/grupolozamora/chambeo/vendor/codeigniter4/framework/system/View/View.php(230): include('/home2/wmlobzmc...')
#2 /home2/wmlobzmc/public_html/grupolozamora/chambeo/vendor/codeigniter4/framework/system/View/View.php(232): CodeIgniter\View\View->CodeIgniter\View\{closure}()
#3 /home2/wmlobzmc/public_html/grupolozamora/chambeo/vendor/codeigniter4/framework/system/Common.php(1250): CodeIgniter\View\View->render('company/company...', Array, true)
#4 /home2/wmlobzmc/public_html/grupolozamora/chambeo/app/Controllers/CompanyController.php(231): view('company/company...', Array)
#5 /home2/wmlobzmc/public_html/grupolozamora/chambeo/vendor/codeigniter4/framework/system/CodeIgniter.php(931): App\Controllers\CompanyController->show_company_create()
#6 /home2/wmlobzmc/public_html/grupolozamora/chambeo/vendor/codeigniter4/framework/system/CodeIgniter.php(439): CodeIgniter\CodeIgniter->runController(Object(App\Controllers\CompanyController))
#7 /home2/wmlobzmc/public_html/grupolozamora/chambeo/vendor/codeigniter4/framework/system/CodeIgniter.php(339): CodeIgniter\CodeIgniter->handleRequest(NULL, Object(Config\Cache), false)
#8 /home2/wmlobzmc/public_html/grupolozamora/chambeo/public/index.php(44): CodeIgniter\CodeIgniter->run()
#9 {main}
CRITICAL - 2024-09-05 14:48:26 --> Undefined variable: totalTime
#0 /home2/wmlobzmc/public_html/grupolozamora/chambeo/vendor/codeigniter4/framework/system/Debug/Toolbar/Views/toolbar.tpl.php(41): CodeIgniter\Debug\Exceptions->errorHandler(8, 'Undefined varia...', '/home2/wmlobzmc...', 41, Array)
#1 /home2/wmlobzmc/public_html/grupolozamora/chambeo/vendor/codeigniter4/framework/system/Debug/Toolbar.php(495): include('/home2/wmlobzmc...')
#2 /home2/wmlobzmc/public_html/grupolozamora/chambeo/vendor/codeigniter4/framework/system/Debug/Toolbar.php(452): CodeIgniter\Debug\Toolbar->format(Array, 'html')
#3 /home2/wmlobzmc/public_html/grupolozamora/chambeo/app/Config/Events.php(50): CodeIgniter\Debug\Toolbar->respond()
#4 [internal function]: CodeIgniter\Events\Events::Config\{closure}()
#5 /home2/wmlobzmc/public_html/grupolozamora/chambeo/vendor/codeigniter4/framework/system/Events/Events.php(166): call_user_func(Object(Closure))
#6 /home2/wmlobzmc/public_html/grupolozamora/chambeo/vendor/codeigniter4/framework/system/CodeIgniter.php(319): CodeIgniter\Events\Events::trigger('pre_system')
#7 /home2/wmlobzmc/public_html/grupolozamora/chambeo/public/index.php(44): CodeIgniter\CodeIgniter->run()
#8 {main}
CRITICAL - 2024-09-05 15:47:39 --> Undefined variable: totalTime
#0 /home2/wmlobzmc/public_html/grupolozamora/chambeo/vendor/codeigniter4/framework/system/Debug/Toolbar/Views/toolbar.tpl.php(41): CodeIgniter\Debug\Exceptions->errorHandler(8, 'Undefined varia...', '/home2/wmlobzmc...', 41, Array)
#1 /home2/wmlobzmc/public_html/grupolozamora/chambeo/vendor/codeigniter4/framework/system/Debug/Toolbar.php(495): include('/home2/wmlobzmc...')
#2 /home2/wmlobzmc/public_html/grupolozamora/chambeo/vendor/codeigniter4/framework/system/Debug/Toolbar.php(452): CodeIgniter\Debug\Toolbar->format(Array, 'html')
#3 /home2/wmlobzmc/public_html/grupolozamora/chambeo/app/Config/Events.php(50): CodeIgniter\Debug\Toolbar->respond()
#4 [internal function]: CodeIgniter\Events\Events::Config\{closure}()
#5 /home2/wmlobzmc/public_html/grupolozamora/chambeo/vendor/codeigniter4/framework/system/Events/Events.php(166): call_user_func(Object(Closure))
#6 /home2/wmlobzmc/public_html/grupolozamora/chambeo/vendor/codeigniter4/framework/system/CodeIgniter.php(319): CodeIgniter\Events\Events::trigger('pre_system')
#7 /home2/wmlobzmc/public_html/grupolozamora/chambeo/public/index.php(44): CodeIgniter\CodeIgniter->run()
#8 {main}
CRITICAL - 2024-09-05 16:37:19 --> Undefined variable: totalTime
#0 /home2/wmlobzmc/public_html/grupolozamora/chambeo/vendor/codeigniter4/framework/system/Debug/Toolbar/Views/toolbar.tpl.php(41): CodeIgniter\Debug\Exceptions->errorHandler(8, 'Undefined varia...', '/home2/wmlobzmc...', 41, Array)
#1 /home2/wmlobzmc/public_html/grupolozamora/chambeo/vendor/codeigniter4/framework/system/Debug/Toolbar.php(495): include('/home2/wmlobzmc...')
#2 /home2/wmlobzmc/public_html/grupolozamora/chambeo/vendor/codeigniter4/framework/system/Debug/Toolbar.php(452): CodeIgniter\Debug\Toolbar->format(Array, 'html')
#3 /home2/wmlobzmc/public_html/grupolozamora/chambeo/app/Config/Events.php(50): CodeIgniter\Debug\Toolbar->respond()
#4 [internal function]: CodeIgniter\Events\Events::Config\{closure}()
#5 /home2/wmlobzmc/public_html/grupolozamora/chambeo/vendor/codeigniter4/framework/system/Events/Events.php(166): call_user_func(Object(Closure))
#6 /home2/wmlobzmc/public_html/grupolozamora/chambeo/vendor/codeigniter4/framework/system/CodeIgniter.php(319): CodeIgniter\Events\Events::trigger('pre_system')
#7 /home2/wmlobzmc/public_html/grupolozamora/chambeo/public/index.php(44): CodeIgniter\CodeIgniter->run()
#8 {main}
CRITICAL - 2024-09-05 17:17:51 --> Undefined variable: totalTime
#0 /home2/wmlobzmc/public_html/grupolozamora/chambeo/vendor/codeigniter4/framework/system/Debug/Toolbar/Views/toolbar.tpl.php(41): CodeIgniter\Debug\Exceptions->errorHandler(8, 'Undefined varia...', '/home2/wmlobzmc...', 41, Array)
#1 /home2/wmlobzmc/public_html/grupolozamora/chambeo/vendor/codeigniter4/framework/system/Debug/Toolbar.php(495): include('/home2/wmlobzmc...')
#2 /home2/wmlobzmc/public_html/grupolozamora/chambeo/vendor/codeigniter4/framework/system/Debug/Toolbar.php(452): CodeIgniter\Debug\Toolbar->format(Array, 'html')
#3 /home2/wmlobzmc/public_html/grupolozamora/chambeo/app/Config/Events.php(50): CodeIgniter\Debug\Toolbar->respond()
#4 [internal function]: CodeIgniter\Events\Events::Config\{closure}()
#5 /home2/wmlobzmc/public_html/grupolozamora/chambeo/vendor/codeigniter4/framework/system/Events/Events.php(166): call_user_func(Object(Closure))
#6 /home2/wmlobzmc/public_html/grupolozamora/chambeo/vendor/codeigniter4/framework/system/CodeIgniter.php(319): CodeIgniter\Events\Events::trigger('pre_system')
#7 /home2/wmlobzmc/public_html/grupolozamora/chambeo/public/index.php(44): CodeIgniter\CodeIgniter->run()
#8 {main}
CRITICAL - 2024-09-05 17:17:51 --> unlink(/home2/wmlobzmc/public_html/grupolozamora/chambeo/writable/debugbar/debugbar_1725573129.json): No such file or directory
#0 [internal function]: CodeIgniter\Debug\Exceptions->errorHandler(2, 'unlink(/home2/w...', '/home2/wmlobzmc...', 78, Array)
#1 /home2/wmlobzmc/public_html/grupolozamora/chambeo/vendor/codeigniter4/framework/system/Debug/Toolbar/Collectors/History.php(78): unlink('/home2/wmlobzmc...')
#2 /home2/wmlobzmc/public_html/grupolozamora/chambeo/vendor/codeigniter4/framework/system/Debug/Toolbar.php(480): CodeIgniter\Debug\Toolbar\Collectors\History->setFiles(1725574669, 20)
#3 /home2/wmlobzmc/public_html/grupolozamora/chambeo/vendor/codeigniter4/framework/system/Debug/Toolbar.php(452): CodeIgniter\Debug\Toolbar->format(NULL, 'html')
#4 /home2/wmlobzmc/public_html/grupolozamora/chambeo/app/Config/Events.php(50): CodeIgniter\Debug\Toolbar->respond()
#5 [internal function]: CodeIgniter\Events\Events::Config\{closure}()
#6 /home2/wmlobzmc/public_html/grupolozamora/chambeo/vendor/codeigniter4/framework/system/Events/Events.php(166): call_user_func(Object(Closure))
#7 /home2/wmlobzmc/public_html/grupolozamora/chambeo/vendor/codeigniter4/framework/system/CodeIgniter.php(319): CodeIgniter\Events\Events::trigger('pre_system')
#8 /home2/wmlobzmc/public_html/grupolozamora/chambeo/public/index.php(44): CodeIgniter\CodeIgniter->run()
#9 {main}
CRITICAL - 2024-09-05 17:34:07 --> Undefined variable: totalTime
#0 /home2/wmlobzmc/public_html/grupolozamora/chambeo/vendor/codeigniter4/framework/system/Debug/Toolbar/Views/toolbar.tpl.php(41): CodeIgniter\Debug\Exceptions->errorHandler(8, 'Undefined varia...', '/home2/wmlobzmc...', 41, Array)
#1 /home2/wmlobzmc/public_html/grupolozamora/chambeo/vendor/codeigniter4/framework/system/Debug/Toolbar.php(495): include('/home2/wmlobzmc...')
#2 /home2/wmlobzmc/public_html/grupolozamora/chambeo/vendor/codeigniter4/framework/system/Debug/Toolbar.php(452): CodeIgniter\Debug\Toolbar->format(Array, 'html')
#3 /home2/wmlobzmc/public_html/grupolozamora/chambeo/app/Config/Events.php(50): CodeIgniter\Debug\Toolbar->respond()
#4 [internal function]: CodeIgniter\Events\Events::Config\{closure}()
#5 /home2/wmlobzmc/public_html/grupolozamora/chambeo/vendor/codeigniter4/framework/system/Events/Events.php(166): call_user_func(Object(Closure))
#6 /home2/wmlobzmc/public_html/grupolozamora/chambeo/vendor/codeigniter4/framework/system/CodeIgniter.php(319): CodeIgniter\Events\Events::trigger('pre_system')
#7 /home2/wmlobzmc/public_html/grupolozamora/chambeo/public/index.php(44): CodeIgniter\CodeIgniter->run()
#8 {main}
CRITICAL - 2024-09-05 17:34:09 --> Undefined variable: totalTime
#0 /home2/wmlobzmc/public_html/grupolozamora/chambeo/vendor/codeigniter4/framework/system/Debug/Toolbar/Views/toolbar.tpl.php(41): CodeIgniter\Debug\Exceptions->errorHandler(8, 'Undefined varia...', '/home2/wmlobzmc...', 41, Array)
#1 /home2/wmlobzmc/public_html/grupolozamora/chambeo/vendor/codeigniter4/framework/system/Debug/Toolbar.php(495): include('/home2/wmlobzmc...')
#2 /home2/wmlobzmc/public_html/grupolozamora/chambeo/vendor/codeigniter4/framework/system/Debug/Toolbar.php(452): CodeIgniter\Debug\Toolbar->format(Array, 'html')
#3 /home2/wmlobzmc/public_html/grupolozamora/chambeo/app/Config/Events.php(50): CodeIgniter\Debug\Toolbar->respond()
#4 [internal function]: CodeIgniter\Events\Events::Config\{closure}()
#5 /home2/wmlobzmc/public_html/grupolozamora/chambeo/vendor/codeigniter4/framework/system/Events/Events.php(166): call_user_func(Object(Closure))
#6 /home2/wmlobzmc/public_html/grupolozamora/chambeo/vendor/codeigniter4/framework/system/CodeIgniter.php(319): CodeIgniter\Events\Events::trigger('pre_system')
#7 /home2/wmlobzmc/public_html/grupolozamora/chambeo/public/index.php(44): CodeIgniter\CodeIgniter->run()
#8 {main}
