CRITICAL - 2024-11-25 12:42:07 --> Column 'curriculum' cannot be null
#0 /home2/wmlobzmc/public_html/grupolozamora/intranet/vendor/codeigniter4/framework/system/Database/MySQLi/Connection.php(328): mysqli->query('INSERT INTO `jo...')
#1 /home2/wmlobzmc/public_html/grupolozamora/intranet/vendor/codeigniter4/framework/system/Database/BaseConnection.php(732): CodeIgniter\Database\MySQLi\Connection->execute('INSERT INTO `jo...')
#2 /home2/wmlobzmc/public_html/grupolozamora/intranet/vendor/codeigniter4/framework/system/Database/BaseConnection.php(647): CodeIgniter\Database\BaseConnection->simpleQuery('INSERT INTO `jo...')
#3 /home2/wmlobzmc/public_html/grupolozamora/intranet/vendor/codeigniter4/framework/system/Database/BaseBuilder.php(2277): CodeIgniter\Database\BaseConnection->query('INSERT INTO `jo...', Array, false)
#4 /home2/wmlobzmc/public_html/grupolozamora/intranet/vendor/codeigniter4/framework/system/Model.php(259): CodeIgniter\Database\BaseBuilder->insert()
#5 /home2/wmlobzmc/public_html/grupolozamora/intranet/vendor/codeigniter4/framework/system/BaseModel.php(774): CodeIgniter\Model->doInsert(Array)
#6 /home2/wmlobzmc/public_html/grupolozamora/intranet/vendor/codeigniter4/framework/system/Model.php(686): CodeIgniter\BaseModel->insert(Array, true)
#7 /home2/wmlobzmc/public_html/grupolozamora/intranet/app/Controllers/JobOfferController.php(877): CodeIgniter\Model->insert(Array)
#8 /home2/wmlobzmc/public_html/grupolozamora/intranet/vendor/codeigniter4/framework/system/CodeIgniter.php(931): App\Controllers\JobOfferController->show_job_offer_applicant_create('31')
#9 /home2/wmlobzmc/public_html/grupolozamora/intranet/vendor/codeigniter4/framework/system/CodeIgniter.php(439): CodeIgniter\CodeIgniter->runController(Object(App\Controllers\JobOfferController))
#10 /home2/wmlobzmc/public_html/grupolozamora/intranet/vendor/codeigniter4/framework/system/CodeIgniter.php(339): CodeIgniter\CodeIgniter->handleRequest(NULL, Object(Config\Cache), false)
#11 /home2/wmlobzmc/public_html/grupolozamora/intranet/public/index.php(44): CodeIgniter\CodeIgniter->run()
#12 {main}
CRITICAL - 2024-11-25 15:35:04 --> Column 'curriculum' cannot be null
#0 /home2/wmlobzmc/public_html/grupolozamora/intranet/vendor/codeigniter4/framework/system/Database/MySQLi/Connection.php(328): mysqli->query('INSERT INTO `jo...')
#1 /home2/wmlobzmc/public_html/grupolozamora/intranet/vendor/codeigniter4/framework/system/Database/BaseConnection.php(732): CodeIgniter\Database\MySQLi\Connection->execute('INSERT INTO `jo...')
#2 /home2/wmlobzmc/public_html/grupolozamora/intranet/vendor/codeigniter4/framework/system/Database/BaseConnection.php(647): CodeIgniter\Database\BaseConnection->simpleQuery('INSERT INTO `jo...')
#3 /home2/wmlobzmc/public_html/grupolozamora/intranet/vendor/codeigniter4/framework/system/Database/BaseBuilder.php(2277): CodeIgniter\Database\BaseConnection->query('INSERT INTO `jo...', Array, false)
#4 /home2/wmlobzmc/public_html/grupolozamora/intranet/vendor/codeigniter4/framework/system/Model.php(259): CodeIgniter\Database\BaseBuilder->insert()
#5 /home2/wmlobzmc/public_html/grupolozamora/intranet/vendor/codeigniter4/framework/system/BaseModel.php(774): CodeIgniter\Model->doInsert(Array)
#6 /home2/wmlobzmc/public_html/grupolozamora/intranet/vendor/codeigniter4/framework/system/Model.php(686): CodeIgniter\BaseModel->insert(Array, true)
#7 /home2/wmlobzmc/public_html/grupolozamora/intranet/app/Controllers/JobOfferController.php(877): CodeIgniter\Model->insert(Array)
#8 /home2/wmlobzmc/public_html/grupolozamora/intranet/vendor/codeigniter4/framework/system/CodeIgniter.php(931): App\Controllers\JobOfferController->show_job_offer_applicant_create('43')
#9 /home2/wmlobzmc/public_html/grupolozamora/intranet/vendor/codeigniter4/framework/system/CodeIgniter.php(439): CodeIgniter\CodeIgniter->runController(Object(App\Controllers\JobOfferController))
#10 /home2/wmlobzmc/public_html/grupolozamora/intranet/vendor/codeigniter4/framework/system/CodeIgniter.php(339): CodeIgniter\CodeIgniter->handleRequest(NULL, Object(Config\Cache), false)
#11 /home2/wmlobzmc/public_html/grupolozamora/intranet/public/index.php(44): CodeIgniter\CodeIgniter->run()
#12 {main}
CRITICAL - 2024-11-25 15:38:29 --> Column 'curriculum' cannot be null
#0 /home2/wmlobzmc/public_html/grupolozamora/intranet/vendor/codeigniter4/framework/system/Database/MySQLi/Connection.php(328): mysqli->query('INSERT INTO `jo...')
#1 /home2/wmlobzmc/public_html/grupolozamora/intranet/vendor/codeigniter4/framework/system/Database/BaseConnection.php(732): CodeIgniter\Database\MySQLi\Connection->execute('INSERT INTO `jo...')
#2 /home2/wmlobzmc/public_html/grupolozamora/intranet/vendor/codeigniter4/framework/system/Database/BaseConnection.php(647): CodeIgniter\Database\BaseConnection->simpleQuery('INSERT INTO `jo...')
#3 /home2/wmlobzmc/public_html/grupolozamora/intranet/vendor/codeigniter4/framework/system/Database/BaseBuilder.php(2277): CodeIgniter\Database\BaseConnection->query('INSERT INTO `jo...', Array, false)
#4 /home2/wmlobzmc/public_html/grupolozamora/intranet/vendor/codeigniter4/framework/system/Model.php(259): CodeIgniter\Database\BaseBuilder->insert()
#5 /home2/wmlobzmc/public_html/grupolozamora/intranet/vendor/codeigniter4/framework/system/BaseModel.php(774): CodeIgniter\Model->doInsert(Array)
#6 /home2/wmlobzmc/public_html/grupolozamora/intranet/vendor/codeigniter4/framework/system/Model.php(686): CodeIgniter\BaseModel->insert(Array, true)
#7 /home2/wmlobzmc/public_html/grupolozamora/intranet/app/Controllers/JobOfferController.php(877): CodeIgniter\Model->insert(Array)
#8 /home2/wmlobzmc/public_html/grupolozamora/intranet/vendor/codeigniter4/framework/system/CodeIgniter.php(931): App\Controllers\JobOfferController->show_job_offer_applicant_create('43')
#9 /home2/wmlobzmc/public_html/grupolozamora/intranet/vendor/codeigniter4/framework/system/CodeIgniter.php(439): CodeIgniter\CodeIgniter->runController(Object(App\Controllers\JobOfferController))
#10 /home2/wmlobzmc/public_html/grupolozamora/intranet/vendor/codeigniter4/framework/system/CodeIgniter.php(339): CodeIgniter\CodeIgniter->handleRequest(NULL, Object(Config\Cache), false)
#11 /home2/wmlobzmc/public_html/grupolozamora/intranet/public/index.php(44): CodeIgniter\CodeIgniter->run()
#12 {main}
