CRITICAL - 2024-09-19 12:57:56 --> Creation of dynamic property Config\Cache::$file is deprecated
#0 /home2/wmlobzmc/public_html/grupolozamora/intranet/vendor/codeigniter4/framework/system/Cache/Handlers/FileHandler.php(57): CodeIgniter\Debug\Exceptions->errorHandler(8192, 'Creation of dyn...', '/home2/wmlobzmc...', 57)
#1 /home2/wmlobzmc/public_html/grupolozamora/intranet/vendor/codeigniter4/framework/system/Cache/CacheFactory.php(55): CodeIgniter\Cache\Handlers\FileHandler->__construct(Object(Config\Cache))
#2 /home2/wmlobzmc/public_html/grupolozamora/intranet/vendor/codeigniter4/framework/system/Config/Services.php(110): CodeIgniter\Cache\CacheFactory::getHandler(Object(Config\Cache))
#3 /home2/wmlobzmc/public_html/grupolozamora/intranet/vendor/codeigniter4/framework/system/Config/BaseService.php(192): CodeIgniter\Config\Services::cache(Object(Config\Cache), false)
#4 /home2/wmlobzmc/public_html/grupolozamora/intranet/vendor/codeigniter4/framework/system/Config/Services.php(105): CodeIgniter\Config\BaseService::getSharedInstance('cache', NULL)
#5 /home2/wmlobzmc/public_html/grupolozamora/intranet/vendor/codeigniter4/framework/system/Common.php(74): CodeIgniter\Config\Services::cache()
#6 /home2/wmlobzmc/public_html/grupolozamora/intranet/vendor/codeigniter4/framework/system/CodeIgniter.php(654): cache()
#7 /home2/wmlobzmc/public_html/grupolozamora/intranet/vendor/codeigniter4/framework/system/CodeIgniter.php(324): CodeIgniter\CodeIgniter->displayCache(Object(Config\Cache))
#8 /home2/wmlobzmc/public_html/grupolozamora/intranet/public/index.php(44): CodeIgniter\CodeIgniter->run()
#9 {main}
CRITICAL - 2024-09-19 12:57:56 --> Uncaught ErrorException: Cannot modify header information - headers already sent by (output started at /home2/wmlobzmc/public_html/grupolozamora/intranet/vendor/codeigniter4/framework/system/Cookie/Cookie.php:39) in /home2/wmlobzmc/public_html/grupolozamora/intranet/vendor/codeigniter4/framework/system/Debug/Exceptions.php:137
Stack trace:
#0 [internal function]: CodeIgniter\Debug\Exceptions->errorHandler(2, 'Cannot modify h...', '/home2/wmlobzmc...', 137)
#1 /home2/wmlobzmc/public_html/grupolozamora/intranet/vendor/codeigniter4/framework/system/Debug/Exceptions.php(137): header('HTTP/1.1 500 In...', true, 500)
#2 [internal function]: CodeIgniter\Debug\Exceptions->exceptionHandler(Object(ErrorException))
#3 {main}
  thrown
#0 [internal function]: CodeIgniter\Debug\Exceptions->shutdownHandler()
#1 {main}
CRITICAL - 2024-09-19 12:57:56 --> Creation of dynamic property Config\Cache::$file is deprecated
#0 /home2/wmlobzmc/public_html/grupolozamora/intranet/vendor/codeigniter4/framework/system/Cache/Handlers/FileHandler.php(57): CodeIgniter\Debug\Exceptions->errorHandler(8192, 'Creation of dyn...', '/home2/wmlobzmc...', 57)
#1 /home2/wmlobzmc/public_html/grupolozamora/intranet/vendor/codeigniter4/framework/system/Cache/CacheFactory.php(55): CodeIgniter\Cache\Handlers\FileHandler->__construct(Object(Config\Cache))
#2 /home2/wmlobzmc/public_html/grupolozamora/intranet/vendor/codeigniter4/framework/system/Config/Services.php(110): CodeIgniter\Cache\CacheFactory::getHandler(Object(Config\Cache))
#3 /home2/wmlobzmc/public_html/grupolozamora/intranet/vendor/codeigniter4/framework/system/Config/BaseService.php(192): CodeIgniter\Config\Services::cache(Object(Config\Cache), false)
#4 /home2/wmlobzmc/public_html/grupolozamora/intranet/vendor/codeigniter4/framework/system/Config/Services.php(105): CodeIgniter\Config\BaseService::getSharedInstance('cache', NULL)
#5 /home2/wmlobzmc/public_html/grupolozamora/intranet/vendor/codeigniter4/framework/system/Common.php(74): CodeIgniter\Config\Services::cache()
#6 /home2/wmlobzmc/public_html/grupolozamora/intranet/vendor/codeigniter4/framework/system/CodeIgniter.php(654): cache()
#7 /home2/wmlobzmc/public_html/grupolozamora/intranet/vendor/codeigniter4/framework/system/CodeIgniter.php(324): CodeIgniter\CodeIgniter->displayCache(Object(Config\Cache))
#8 /home2/wmlobzmc/public_html/grupolozamora/intranet/public/index.php(44): CodeIgniter\CodeIgniter->run()
#9 {main}
CRITICAL - 2024-09-19 12:57:56 --> Uncaught ErrorException: Cannot modify header information - headers already sent by (output started at /home2/wmlobzmc/public_html/grupolozamora/intranet/vendor/codeigniter4/framework/system/Cookie/Cookie.php:39) in /home2/wmlobzmc/public_html/grupolozamora/intranet/vendor/codeigniter4/framework/system/Debug/Exceptions.php:137
Stack trace:
#0 [internal function]: CodeIgniter\Debug\Exceptions->errorHandler(2, 'Cannot modify h...', '/home2/wmlobzmc...', 137)
#1 /home2/wmlobzmc/public_html/grupolozamora/intranet/vendor/codeigniter4/framework/system/Debug/Exceptions.php(137): header('HTTP/1.1 500 In...', true, 500)
#2 [internal function]: CodeIgniter\Debug\Exceptions->exceptionHandler(Object(ErrorException))
#3 {main}
  thrown
#0 [internal function]: CodeIgniter\Debug\Exceptions->shutdownHandler()
#1 {main}
