CRITICAL - 2024-08-12 12:12:51 --> Trying to access array offset on value of type null
#0 /home3/purpura1/public_html/website_d8f418ff/app/Views/partials/sidebar.php(59): CodeIgniter\Debug\Exceptions->errorHandler(8, 'Trying to acces...', '/home3/purpura1...', 59, Array)
#1 /home3/purpura1/public_html/website_d8f418ff/vendor/codeigniter4/framework/system/View/View.php(230): include('/home3/purpura1...')
#2 /home3/purpura1/public_html/website_d8f418ff/vendor/codeigniter4/framework/system/View/View.php(232): CodeIgniter\View\View->CodeIgniter\View\{closure}()
#3 /home3/purpura1/public_html/website_d8f418ff/vendor/codeigniter4/framework/system/View/View.php(487): CodeIgniter\View\View->render('partials/sideba...', NULL, true)
#4 /home3/purpura1/public_html/website_d8f418ff/app/Views/partials/menu.php(3): CodeIgniter\View\View->include('partials/sideba...')
#5 /home3/purpura1/public_html/website_d8f418ff/vendor/codeigniter4/framework/system/View/View.php(230): include('/home3/purpura1...')
#6 /home3/purpura1/public_html/website_d8f418ff/vendor/codeigniter4/framework/system/View/View.php(232): CodeIgniter\View\View->CodeIgniter\View\{closure}()
#7 /home3/purpura1/public_html/website_d8f418ff/vendor/codeigniter4/framework/system/View/View.php(487): CodeIgniter\View\View->render('partials/menu', NULL, true)
#8 /home3/purpura1/public_html/website_d8f418ff/app/Views/Front/index.php(17): CodeIgniter\View\View->include('partials/menu')
#9 /home3/purpura1/public_html/website_d8f418ff/vendor/codeigniter4/framework/system/View/View.php(230): include('/home3/purpura1...')
#10 /home3/purpura1/public_html/website_d8f418ff/vendor/codeigniter4/framework/system/View/View.php(232): CodeIgniter\View\View->CodeIgniter\View\{closure}()
#11 /home3/purpura1/public_html/website_d8f418ff/vendor/codeigniter4/framework/system/Common.php(1250): CodeIgniter\View\View->render('Front/index', Array, true)
#12 /home3/purpura1/public_html/website_d8f418ff/app/Controllers/Front.php(11): view('Front/index', Array)
#13 /home3/purpura1/public_html/website_d8f418ff/vendor/codeigniter4/framework/system/CodeIgniter.php(931): App\Controllers\Front->index()
#14 /home3/purpura1/public_html/website_d8f418ff/vendor/codeigniter4/framework/system/CodeIgniter.php(439): CodeIgniter\CodeIgniter->runController(Object(App\Controllers\Front))
#15 /home3/purpura1/public_html/website_d8f418ff/vendor/codeigniter4/framework/system/CodeIgniter.php(339): CodeIgniter\CodeIgniter->handleRequest(NULL, Object(Config\Cache), false)
#16 /home3/purpura1/public_html/website_d8f418ff/public/index.php(44): CodeIgniter\CodeIgniter->run()
#17 {main}
CRITICAL - 2024-08-12 16:57:55 --> Trying to access array offset on value of type null
#0 /home3/purpura1/public_html/website_d8f418ff/app/Views/company/company-contact.php(216): CodeIgniter\Debug\Exceptions->errorHandler(8, 'Trying to acces...', '/home3/purpura1...', 216, Array)
#1 /home3/purpura1/public_html/website_d8f418ff/vendor/codeigniter4/framework/system/View/View.php(230): include('/home3/purpura1...')
#2 /home3/purpura1/public_html/website_d8f418ff/vendor/codeigniter4/framework/system/View/View.php(232): CodeIgniter\View\View->CodeIgniter\View\{closure}()
#3 /home3/purpura1/public_html/website_d8f418ff/vendor/codeigniter4/framework/system/Common.php(1250): CodeIgniter\View\View->render('company/company...', Array, true)
#4 /home3/purpura1/public_html/website_d8f418ff/app/Controllers/CompanyController.php(293): view('company/company...', Array)
#5 /home3/purpura1/public_html/website_d8f418ff/vendor/codeigniter4/framework/system/CodeIgniter.php(931): App\Controllers\CompanyController->show_company_contact('5')
#6 /home3/purpura1/public_html/website_d8f418ff/vendor/codeigniter4/framework/system/CodeIgniter.php(439): CodeIgniter\CodeIgniter->runController(Object(App\Controllers\CompanyController))
#7 /home3/purpura1/public_html/website_d8f418ff/vendor/codeigniter4/framework/system/CodeIgniter.php(339): CodeIgniter\CodeIgniter->handleRequest(NULL, Object(Config\Cache), false)
#8 /home3/purpura1/public_html/website_d8f418ff/public/index.php(44): CodeIgniter\CodeIgniter->run()
#9 {main}
