CRITICAL - 2025-01-02 16:10:33 --> syntax error, unexpected '$session' (T_VARIABLE)
#0 /home2/wmlobzmc/public_html/grupolozamora/intranet/vendor/codeigniter4/framework/system/View/View.php(232): CodeIgniter\View\View->CodeIgniter\View\{closure}()
#1 /home2/wmlobzmc/public_html/grupolozamora/intranet/vendor/codeigniter4/framework/system/Common.php(1250): CodeIgniter\View\View->render('job-offers/job-...', Array, true)
#2 /home2/wmlobzmc/public_html/grupolozamora/intranet/app/Controllers/JobOfferController.php(1226): view('job-offers/job-...', Array)
#3 /home2/wmlobzmc/public_html/grupolozamora/intranet/vendor/codeigniter4/framework/system/CodeIgniter.php(931): App\Controllers\JobOfferController->show_job_offer_my_postulations('189')
#4 /home2/wmlobzmc/public_html/grupolozamora/intranet/vendor/codeigniter4/framework/system/CodeIgniter.php(439): CodeIgniter\CodeIgniter->runController(Object(App\Controllers\JobOfferController))
#5 /home2/wmlobzmc/public_html/grupolozamora/intranet/vendor/codeigniter4/framework/system/CodeIgniter.php(339): CodeIgniter\CodeIgniter->handleRequest(NULL, Object(Config\Cache), false)
#6 /home2/wmlobzmc/public_html/grupolozamora/intranet/public/index.php(44): CodeIgniter\CodeIgniter->run()
#7 {main}
CRITICAL - 2025-01-02 16:10:43 --> syntax error, unexpected '$session' (T_VARIABLE)
#0 /home2/wmlobzmc/public_html/grupolozamora/intranet/vendor/codeigniter4/framework/system/View/View.php(232): CodeIgniter\View\View->CodeIgniter\View\{closure}()
#1 /home2/wmlobzmc/public_html/grupolozamora/intranet/vendor/codeigniter4/framework/system/Common.php(1250): CodeIgniter\View\View->render('job-offers/job-...', Array, true)
#2 /home2/wmlobzmc/public_html/grupolozamora/intranet/app/Controllers/JobOfferController.php(1226): view('job-offers/job-...', Array)
#3 /home2/wmlobzmc/public_html/grupolozamora/intranet/vendor/codeigniter4/framework/system/CodeIgniter.php(931): App\Controllers\JobOfferController->show_job_offer_my_postulations('1')
#4 /home2/wmlobzmc/public_html/grupolozamora/intranet/vendor/codeigniter4/framework/system/CodeIgniter.php(439): CodeIgniter\CodeIgniter->runController(Object(App\Controllers\JobOfferController))
#5 /home2/wmlobzmc/public_html/grupolozamora/intranet/vendor/codeigniter4/framework/system/CodeIgniter.php(339): CodeIgniter\CodeIgniter->handleRequest(NULL, Object(Config\Cache), false)
#6 /home2/wmlobzmc/public_html/grupolozamora/intranet/public/index.php(44): CodeIgniter\CodeIgniter->run()
#7 {main}
CRITICAL - 2025-01-02 16:11:04 --> syntax error, unexpected '$session' (T_VARIABLE)
#0 /home2/wmlobzmc/public_html/grupolozamora/intranet/vendor/codeigniter4/framework/system/View/View.php(232): CodeIgniter\View\View->CodeIgniter\View\{closure}()
#1 /home2/wmlobzmc/public_html/grupolozamora/intranet/vendor/codeigniter4/framework/system/Common.php(1250): CodeIgniter\View\View->render('job-offers/job-...', Array, true)
#2 /home2/wmlobzmc/public_html/grupolozamora/intranet/app/Controllers/JobOfferController.php(1226): view('job-offers/job-...', Array)
#3 /home2/wmlobzmc/public_html/grupolozamora/intranet/vendor/codeigniter4/framework/system/CodeIgniter.php(931): App\Controllers\JobOfferController->show_job_offer_my_postulations('1')
#4 /home2/wmlobzmc/public_html/grupolozamora/intranet/vendor/codeigniter4/framework/system/CodeIgniter.php(439): CodeIgniter\CodeIgniter->runController(Object(App\Controllers\JobOfferController))
#5 /home2/wmlobzmc/public_html/grupolozamora/intranet/vendor/codeigniter4/framework/system/CodeIgniter.php(339): CodeIgniter\CodeIgniter->handleRequest(NULL, Object(Config\Cache), false)
#6 /home2/wmlobzmc/public_html/grupolozamora/intranet/public/index.php(44): CodeIgniter\CodeIgniter->run()
#7 {main}
CRITICAL - 2025-01-02 16:11:56 --> syntax error, unexpected '$session' (T_VARIABLE)
#0 /home2/wmlobzmc/public_html/grupolozamora/intranet/vendor/codeigniter4/framework/system/View/View.php(232): CodeIgniter\View\View->CodeIgniter\View\{closure}()
#1 /home2/wmlobzmc/public_html/grupolozamora/intranet/vendor/codeigniter4/framework/system/Common.php(1250): CodeIgniter\View\View->render('job-offers/job-...', Array, true)
#2 /home2/wmlobzmc/public_html/grupolozamora/intranet/app/Controllers/JobOfferController.php(1226): view('job-offers/job-...', Array)
#3 /home2/wmlobzmc/public_html/grupolozamora/intranet/vendor/codeigniter4/framework/system/CodeIgniter.php(931): App\Controllers\JobOfferController->show_job_offer_my_postulations('1')
#4 /home2/wmlobzmc/public_html/grupolozamora/intranet/vendor/codeigniter4/framework/system/CodeIgniter.php(439): CodeIgniter\CodeIgniter->runController(Object(App\Controllers\JobOfferController))
#5 /home2/wmlobzmc/public_html/grupolozamora/intranet/vendor/codeigniter4/framework/system/CodeIgniter.php(339): CodeIgniter\CodeIgniter->handleRequest(NULL, Object(Config\Cache), false)
#6 /home2/wmlobzmc/public_html/grupolozamora/intranet/public/index.php(44): CodeIgniter\CodeIgniter->run()
#7 {main}
CRITICAL - 2025-01-02 16:12:50 --> syntax error, unexpected '$session' (T_VARIABLE)
#0 /home2/wmlobzmc/public_html/grupolozamora/intranet/vendor/codeigniter4/framework/system/View/View.php(232): CodeIgniter\View\View->CodeIgniter\View\{closure}()
#1 /home2/wmlobzmc/public_html/grupolozamora/intranet/vendor/codeigniter4/framework/system/Common.php(1250): CodeIgniter\View\View->render('job-offers/job-...', Array, true)
#2 /home2/wmlobzmc/public_html/grupolozamora/intranet/app/Controllers/JobOfferController.php(1226): view('job-offers/job-...', Array)
#3 /home2/wmlobzmc/public_html/grupolozamora/intranet/vendor/codeigniter4/framework/system/CodeIgniter.php(931): App\Controllers\JobOfferController->show_job_offer_my_postulations('1')
#4 /home2/wmlobzmc/public_html/grupolozamora/intranet/vendor/codeigniter4/framework/system/CodeIgniter.php(439): CodeIgniter\CodeIgniter->runController(Object(App\Controllers\JobOfferController))
#5 /home2/wmlobzmc/public_html/grupolozamora/intranet/vendor/codeigniter4/framework/system/CodeIgniter.php(339): CodeIgniter\CodeIgniter->handleRequest(NULL, Object(Config\Cache), false)
#6 /home2/wmlobzmc/public_html/grupolozamora/intranet/public/index.php(44): CodeIgniter\CodeIgniter->run()
#7 {main}
CRITICAL - 2025-01-02 16:17:51 --> syntax error, unexpected '$session' (T_VARIABLE)
#0 /home2/wmlobzmc/public_html/grupolozamora/intranet/vendor/codeigniter4/framework/system/View/View.php(232): CodeIgniter\View\View->CodeIgniter\View\{closure}()
#1 /home2/wmlobzmc/public_html/grupolozamora/intranet/vendor/codeigniter4/framework/system/Common.php(1250): CodeIgniter\View\View->render('job-offers/job-...', Array, true)
#2 /home2/wmlobzmc/public_html/grupolozamora/intranet/app/Controllers/JobOfferController.php(1226): view('job-offers/job-...', Array)
#3 /home2/wmlobzmc/public_html/grupolozamora/intranet/vendor/codeigniter4/framework/system/CodeIgniter.php(931): App\Controllers\JobOfferController->show_job_offer_my_postulations('1')
#4 /home2/wmlobzmc/public_html/grupolozamora/intranet/vendor/codeigniter4/framework/system/CodeIgniter.php(439): CodeIgniter\CodeIgniter->runController(Object(App\Controllers\JobOfferController))
#5 /home2/wmlobzmc/public_html/grupolozamora/intranet/vendor/codeigniter4/framework/system/CodeIgniter.php(339): CodeIgniter\CodeIgniter->handleRequest(NULL, Object(Config\Cache), false)
#6 /home2/wmlobzmc/public_html/grupolozamora/intranet/public/index.php(44): CodeIgniter\CodeIgniter->run()
#7 {main}
CRITICAL - 2025-01-02 16:19:09 --> syntax error, unexpected '$session' (T_VARIABLE)
#0 /home2/wmlobzmc/public_html/grupolozamora/intranet/vendor/codeigniter4/framework/system/View/View.php(232): CodeIgniter\View\View->CodeIgniter\View\{closure}()
#1 /home2/wmlobzmc/public_html/grupolozamora/intranet/vendor/codeigniter4/framework/system/Common.php(1250): CodeIgniter\View\View->render('job-offers/job-...', Array, true)
#2 /home2/wmlobzmc/public_html/grupolozamora/intranet/app/Controllers/JobOfferController.php(1226): view('job-offers/job-...', Array)
#3 /home2/wmlobzmc/public_html/grupolozamora/intranet/vendor/codeigniter4/framework/system/CodeIgniter.php(931): App\Controllers\JobOfferController->show_job_offer_my_postulations('1')
#4 /home2/wmlobzmc/public_html/grupolozamora/intranet/vendor/codeigniter4/framework/system/CodeIgniter.php(439): CodeIgniter\CodeIgniter->runController(Object(App\Controllers\JobOfferController))
#5 /home2/wmlobzmc/public_html/grupolozamora/intranet/vendor/codeigniter4/framework/system/CodeIgniter.php(339): CodeIgniter\CodeIgniter->handleRequest(NULL, Object(Config\Cache), false)
#6 /home2/wmlobzmc/public_html/grupolozamora/intranet/public/index.php(44): CodeIgniter\CodeIgniter->run()
#7 {main}
CRITICAL - 2025-01-02 16:23:08 --> syntax error, unexpected '$session' (T_VARIABLE)
#0 /home2/wmlobzmc/public_html/grupolozamora/intranet/vendor/codeigniter4/framework/system/View/View.php(232): CodeIgniter\View\View->CodeIgniter\View\{closure}()
#1 /home2/wmlobzmc/public_html/grupolozamora/intranet/vendor/codeigniter4/framework/system/Common.php(1250): CodeIgniter\View\View->render('job-offers/job-...', Array, true)
#2 /home2/wmlobzmc/public_html/grupolozamora/intranet/app/Controllers/JobOfferController.php(1226): view('job-offers/job-...', Array)
#3 /home2/wmlobzmc/public_html/grupolozamora/intranet/vendor/codeigniter4/framework/system/CodeIgniter.php(931): App\Controllers\JobOfferController->show_job_offer_my_postulations('1')
#4 /home2/wmlobzmc/public_html/grupolozamora/intranet/vendor/codeigniter4/framework/system/CodeIgniter.php(439): CodeIgniter\CodeIgniter->runController(Object(App\Controllers\JobOfferController))
#5 /home2/wmlobzmc/public_html/grupolozamora/intranet/vendor/codeigniter4/framework/system/CodeIgniter.php(339): CodeIgniter\CodeIgniter->handleRequest(NULL, Object(Config\Cache), false)
#6 /home2/wmlobzmc/public_html/grupolozamora/intranet/public/index.php(44): CodeIgniter\CodeIgniter->run()
#7 {main}
