CRITICAL - 2024-09-25 12:14:52 --> Undefined index: image
#0 /home2/wmlobzmc/public_html/grupolozamora/intranet/app/Controllers/PostController.php(125): CodeIgniter\Debug\Exceptions->errorHandler(8, 'Undefined index...', '/home2/wmlobzmc...', 125, Array)
#1 /home2/wmlobzmc/public_html/grupolozamora/intranet/vendor/codeigniter4/framework/system/CodeIgniter.php(931): App\Controllers\PostController->show_post_create()
#2 /home2/wmlobzmc/public_html/grupolozamora/intranet/vendor/codeigniter4/framework/system/CodeIgniter.php(439): CodeIgniter\CodeIgniter->runController(Object(App\Controllers\PostController))
#3 /home2/wmlobzmc/public_html/grupolozamora/intranet/vendor/codeigniter4/framework/system/CodeIgniter.php(339): CodeIgniter\CodeIgniter->handleRequest(NULL, Object(Config\Cache), false)
#4 /home2/wmlobzmc/public_html/grupolozamora/intranet/public/index.php(44): CodeIgniter\CodeIgniter->run()
#5 {main}
CRITICAL - 2024-09-25 12:15:56 --> Undefined index: image
#0 /home2/wmlobzmc/public_html/grupolozamora/intranet/app/Controllers/PostController.php(125): CodeIgniter\Debug\Exceptions->errorHandler(8, 'Undefined index...', '/home2/wmlobzmc...', 125, Array)
#1 /home2/wmlobzmc/public_html/grupolozamora/intranet/vendor/codeigniter4/framework/system/CodeIgniter.php(931): App\Controllers\PostController->show_post_create()
#2 /home2/wmlobzmc/public_html/grupolozamora/intranet/vendor/codeigniter4/framework/system/CodeIgniter.php(439): CodeIgniter\CodeIgniter->runController(Object(App\Controllers\PostController))
#3 /home2/wmlobzmc/public_html/grupolozamora/intranet/vendor/codeigniter4/framework/system/CodeIgniter.php(339): CodeIgniter\CodeIgniter->handleRequest(NULL, Object(Config\Cache), false)
#4 /home2/wmlobzmc/public_html/grupolozamora/intranet/public/index.php(44): CodeIgniter\CodeIgniter->run()
#5 {main}
CRITICAL - 2024-09-25 12:18:14 --> Undefined index: image
#0 /home2/wmlobzmc/public_html/grupolozamora/intranet/app/Controllers/PostController.php(125): CodeIgniter\Debug\Exceptions->errorHandler(8, 'Undefined index...', '/home2/wmlobzmc...', 125, Array)
#1 /home2/wmlobzmc/public_html/grupolozamora/intranet/vendor/codeigniter4/framework/system/CodeIgniter.php(931): App\Controllers\PostController->show_post_create()
#2 /home2/wmlobzmc/public_html/grupolozamora/intranet/vendor/codeigniter4/framework/system/CodeIgniter.php(439): CodeIgniter\CodeIgniter->runController(Object(App\Controllers\PostController))
#3 /home2/wmlobzmc/public_html/grupolozamora/intranet/vendor/codeigniter4/framework/system/CodeIgniter.php(339): CodeIgniter\CodeIgniter->handleRequest(NULL, Object(Config\Cache), false)
#4 /home2/wmlobzmc/public_html/grupolozamora/intranet/public/index.php(44): CodeIgniter\CodeIgniter->run()
#5 {main}
CRITICAL - 2024-09-25 12:22:00 --> syntax error, unexpected 'echo' (T_ECHO), expecting ';'
#0 /home2/wmlobzmc/public_html/grupolozamora/intranet/vendor/codeigniter4/framework/system/Autoloader/Autoloader.php(282): CodeIgniter\Autoloader\Autoloader->includeFile('/home2/wmlobzmc...')
#1 /home2/wmlobzmc/public_html/grupolozamora/intranet/vendor/codeigniter4/framework/system/Autoloader/Autoloader.php(247): CodeIgniter\Autoloader\Autoloader->loadInNamespace('App\\Controllers...')
#2 [internal function]: CodeIgniter\Autoloader\Autoloader->loadClass('App\\Controllers...')
#3 [internal function]: spl_autoload_call('App\\Controllers...')
#4 /home2/wmlobzmc/public_html/grupolozamora/intranet/vendor/codeigniter4/framework/system/CodeIgniter.php(888): class_exists('\\App\\Controller...', true)
#5 /home2/wmlobzmc/public_html/grupolozamora/intranet/vendor/codeigniter4/framework/system/CodeIgniter.php(424): CodeIgniter\CodeIgniter->startController()
#6 /home2/wmlobzmc/public_html/grupolozamora/intranet/vendor/codeigniter4/framework/system/CodeIgniter.php(339): CodeIgniter\CodeIgniter->handleRequest(NULL, Object(Config\Cache), false)
#7 /home2/wmlobzmc/public_html/grupolozamora/intranet/public/index.php(44): CodeIgniter\CodeIgniter->run()
#8 {main}
