CRITICAL - 2024-11-20 11:17:22 --> Undefined variable: dataform
#0 /home2/wmlobzmc/public_html/grupolozamora/intranet/app/Views/job-offers/job-offer-create.php(299): CodeIgniter\Debug\Exceptions->errorHandler(8, 'Undefined varia...', '/home2/wmlobzmc...', 299, Array)
#1 /home2/wmlobzmc/public_html/grupolozamora/intranet/vendor/codeigniter4/framework/system/View/View.php(230): include('/home2/wmlobzmc...')
#2 /home2/wmlobzmc/public_html/grupolozamora/intranet/vendor/codeigniter4/framework/system/View/View.php(232): CodeIgniter\View\View->CodeIgniter\View\{closure}()
#3 /home2/wmlobzmc/public_html/grupolozamora/intranet/vendor/codeigniter4/framework/system/Common.php(1250): CodeIgniter\View\View->render('job-offers/job-...', Array, true)
#4 /home2/wmlobzmc/public_html/grupolozamora/intranet/app/Controllers/JobOfferController.php(200): view('job-offers/job-...', Array)
#5 /home2/wmlobzmc/public_html/grupolozamora/intranet/vendor/codeigniter4/framework/system/CodeIgniter.php(931): App\Controllers\JobOfferController->show_job_offer_create()
#6 /home2/wmlobzmc/public_html/grupolozamora/intranet/vendor/codeigniter4/framework/system/CodeIgniter.php(439): CodeIgniter\CodeIgniter->runController(Object(App\Controllers\JobOfferController))
#7 /home2/wmlobzmc/public_html/grupolozamora/intranet/vendor/codeigniter4/framework/system/CodeIgniter.php(339): CodeIgniter\CodeIgniter->handleRequest(NULL, Object(Config\Cache), false)
#8 /home2/wmlobzmc/public_html/grupolozamora/intranet/public/index.php(44): CodeIgniter\CodeIgniter->run()
#9 {main}
CRITICAL - 2024-11-20 11:17:45 --> Undefined variable: dataform
#0 /home2/wmlobzmc/public_html/grupolozamora/intranet/app/Views/job-offers/job-offer-create.php(299): CodeIgniter\Debug\Exceptions->errorHandler(8, 'Undefined varia...', '/home2/wmlobzmc...', 299, Array)
#1 /home2/wmlobzmc/public_html/grupolozamora/intranet/vendor/codeigniter4/framework/system/View/View.php(230): include('/home2/wmlobzmc...')
#2 /home2/wmlobzmc/public_html/grupolozamora/intranet/vendor/codeigniter4/framework/system/View/View.php(232): CodeIgniter\View\View->CodeIgniter\View\{closure}()
#3 /home2/wmlobzmc/public_html/grupolozamora/intranet/vendor/codeigniter4/framework/system/Common.php(1250): CodeIgniter\View\View->render('job-offers/job-...', Array, true)
#4 /home2/wmlobzmc/public_html/grupolozamora/intranet/app/Controllers/JobOfferController.php(200): view('job-offers/job-...', Array)
#5 /home2/wmlobzmc/public_html/grupolozamora/intranet/vendor/codeigniter4/framework/system/CodeIgniter.php(931): App\Controllers\JobOfferController->show_job_offer_create()
#6 /home2/wmlobzmc/public_html/grupolozamora/intranet/vendor/codeigniter4/framework/system/CodeIgniter.php(439): CodeIgniter\CodeIgniter->runController(Object(App\Controllers\JobOfferController))
#7 /home2/wmlobzmc/public_html/grupolozamora/intranet/vendor/codeigniter4/framework/system/CodeIgniter.php(339): CodeIgniter\CodeIgniter->handleRequest(NULL, Object(Config\Cache), false)
#8 /home2/wmlobzmc/public_html/grupolozamora/intranet/public/index.php(44): CodeIgniter\CodeIgniter->run()
#9 {main}
CRITICAL - 2024-11-20 11:17:48 --> Undefined variable: dataform
#0 /home2/wmlobzmc/public_html/grupolozamora/intranet/app/Views/job-offers/job-offer-create.php(299): CodeIgniter\Debug\Exceptions->errorHandler(8, 'Undefined varia...', '/home2/wmlobzmc...', 299, Array)
#1 /home2/wmlobzmc/public_html/grupolozamora/intranet/vendor/codeigniter4/framework/system/View/View.php(230): include('/home2/wmlobzmc...')
#2 /home2/wmlobzmc/public_html/grupolozamora/intranet/vendor/codeigniter4/framework/system/View/View.php(232): CodeIgniter\View\View->CodeIgniter\View\{closure}()
#3 /home2/wmlobzmc/public_html/grupolozamora/intranet/vendor/codeigniter4/framework/system/Common.php(1250): CodeIgniter\View\View->render('job-offers/job-...', Array, true)
#4 /home2/wmlobzmc/public_html/grupolozamora/intranet/app/Controllers/JobOfferController.php(200): view('job-offers/job-...', Array)
#5 /home2/wmlobzmc/public_html/grupolozamora/intranet/vendor/codeigniter4/framework/system/CodeIgniter.php(931): App\Controllers\JobOfferController->show_job_offer_create()
#6 /home2/wmlobzmc/public_html/grupolozamora/intranet/vendor/codeigniter4/framework/system/CodeIgniter.php(439): CodeIgniter\CodeIgniter->runController(Object(App\Controllers\JobOfferController))
#7 /home2/wmlobzmc/public_html/grupolozamora/intranet/vendor/codeigniter4/framework/system/CodeIgniter.php(339): CodeIgniter\CodeIgniter->handleRequest(NULL, Object(Config\Cache), false)
#8 /home2/wmlobzmc/public_html/grupolozamora/intranet/public/index.php(44): CodeIgniter\CodeIgniter->run()
#9 {main}
CRITICAL - 2024-11-20 13:09:41 --> Unsupported operand types
#0 /home2/wmlobzmc/public_html/grupolozamora/intranet/vendor/codeigniter4/framework/system/View/View.php(230): include()
#1 /home2/wmlobzmc/public_html/grupolozamora/intranet/vendor/codeigniter4/framework/system/View/View.php(232): CodeIgniter\View\View->CodeIgniter\View\{closure}()
#2 /home2/wmlobzmc/public_html/grupolozamora/intranet/vendor/codeigniter4/framework/system/Common.php(1250): CodeIgniter\View\View->render('job-offers/job-...', Array, true)
#3 /home2/wmlobzmc/public_html/grupolozamora/intranet/app/Controllers/JobOfferController.php(807): view('job-offers/job-...', Array)
#4 /home2/wmlobzmc/public_html/grupolozamora/intranet/vendor/codeigniter4/framework/system/CodeIgniter.php(931): App\Controllers\JobOfferController->show_job_offer_applicant_create('36')
#5 /home2/wmlobzmc/public_html/grupolozamora/intranet/vendor/codeigniter4/framework/system/CodeIgniter.php(439): CodeIgniter\CodeIgniter->runController(Object(App\Controllers\JobOfferController))
#6 /home2/wmlobzmc/public_html/grupolozamora/intranet/vendor/codeigniter4/framework/system/CodeIgniter.php(339): CodeIgniter\CodeIgniter->handleRequest(NULL, Object(Config\Cache), false)
#7 /home2/wmlobzmc/public_html/grupolozamora/intranet/public/index.php(44): CodeIgniter\CodeIgniter->run()
#8 {main}
CRITICAL - 2024-11-20 15:39:31 --> Undefined index: period_publication
#0 /home2/wmlobzmc/public_html/grupolozamora/intranet/app/Views/job-offers/job-offer-list-catalog.php(469): CodeIgniter\Debug\Exceptions->errorHandler(8, 'Undefined index...', '/home2/wmlobzmc...', 469, Array)
#1 /home2/wmlobzmc/public_html/grupolozamora/intranet/vendor/codeigniter4/framework/system/View/View.php(230): include('/home2/wmlobzmc...')
#2 /home2/wmlobzmc/public_html/grupolozamora/intranet/vendor/codeigniter4/framework/system/View/View.php(232): CodeIgniter\View\View->CodeIgniter\View\{closure}()
#3 /home2/wmlobzmc/public_html/grupolozamora/intranet/vendor/codeigniter4/framework/system/Common.php(1250): CodeIgniter\View\View->render('job-offers/job-...', Array, true)
#4 /home2/wmlobzmc/public_html/grupolozamora/intranet/app/Controllers/JobOfferController.php(696): view('job-offers/job-...', Array)
#5 /home2/wmlobzmc/public_html/grupolozamora/intranet/vendor/codeigniter4/framework/system/CodeIgniter.php(931): App\Controllers\JobOfferController->show_job_offer_list_catalog()
#6 /home2/wmlobzmc/public_html/grupolozamora/intranet/vendor/codeigniter4/framework/system/CodeIgniter.php(439): CodeIgniter\CodeIgniter->runController(Object(App\Controllers\JobOfferController))
#7 /home2/wmlobzmc/public_html/grupolozamora/intranet/vendor/codeigniter4/framework/system/CodeIgniter.php(339): CodeIgniter\CodeIgniter->handleRequest(NULL, Object(Config\Cache), false)
#8 /home2/wmlobzmc/public_html/grupolozamora/intranet/public/index.php(44): CodeIgniter\CodeIgniter->run()
#9 {main}
CRITICAL - 2024-11-20 15:41:16 --> Undefined index: period_publication
#0 /home2/wmlobzmc/public_html/grupolozamora/intranet/app/Views/job-offers/job-offer-list-catalog.php(469): CodeIgniter\Debug\Exceptions->errorHandler(8, 'Undefined index...', '/home2/wmlobzmc...', 469, Array)
#1 /home2/wmlobzmc/public_html/grupolozamora/intranet/vendor/codeigniter4/framework/system/View/View.php(230): include('/home2/wmlobzmc...')
#2 /home2/wmlobzmc/public_html/grupolozamora/intranet/vendor/codeigniter4/framework/system/View/View.php(232): CodeIgniter\View\View->CodeIgniter\View\{closure}()
#3 /home2/wmlobzmc/public_html/grupolozamora/intranet/vendor/codeigniter4/framework/system/Common.php(1250): CodeIgniter\View\View->render('job-offers/job-...', Array, true)
#4 /home2/wmlobzmc/public_html/grupolozamora/intranet/app/Controllers/JobOfferController.php(696): view('job-offers/job-...', Array)
#5 /home2/wmlobzmc/public_html/grupolozamora/intranet/vendor/codeigniter4/framework/system/CodeIgniter.php(931): App\Controllers\JobOfferController->show_job_offer_list_catalog()
#6 /home2/wmlobzmc/public_html/grupolozamora/intranet/vendor/codeigniter4/framework/system/CodeIgniter.php(439): CodeIgniter\CodeIgniter->runController(Object(App\Controllers\JobOfferController))
#7 /home2/wmlobzmc/public_html/grupolozamora/intranet/vendor/codeigniter4/framework/system/CodeIgniter.php(339): CodeIgniter\CodeIgniter->handleRequest(NULL, Object(Config\Cache), false)
#8 /home2/wmlobzmc/public_html/grupolozamora/intranet/public/index.php(44): CodeIgniter\CodeIgniter->run()
#9 {main}
CRITICAL - 2024-11-20 15:41:23 --> Undefined index: period_publish
#0 /home2/wmlobzmc/public_html/grupolozamora/intranet/app/Views/job-offers/job-offer-list-catalog.php(469): CodeIgniter\Debug\Exceptions->errorHandler(8, 'Undefined index...', '/home2/wmlobzmc...', 469, Array)
#1 /home2/wmlobzmc/public_html/grupolozamora/intranet/vendor/codeigniter4/framework/system/View/View.php(230): include('/home2/wmlobzmc...')
#2 /home2/wmlobzmc/public_html/grupolozamora/intranet/vendor/codeigniter4/framework/system/View/View.php(232): CodeIgniter\View\View->CodeIgniter\View\{closure}()
#3 /home2/wmlobzmc/public_html/grupolozamora/intranet/vendor/codeigniter4/framework/system/Common.php(1250): CodeIgniter\View\View->render('job-offers/job-...', Array, true)
#4 /home2/wmlobzmc/public_html/grupolozamora/intranet/app/Controllers/JobOfferController.php(699): view('job-offers/job-...', Array)
#5 /home2/wmlobzmc/public_html/grupolozamora/intranet/vendor/codeigniter4/framework/system/CodeIgniter.php(931): App\Controllers\JobOfferController->show_job_offer_list_catalog()
#6 /home2/wmlobzmc/public_html/grupolozamora/intranet/vendor/codeigniter4/framework/system/CodeIgniter.php(439): CodeIgniter\CodeIgniter->runController(Object(App\Controllers\JobOfferController))
#7 /home2/wmlobzmc/public_html/grupolozamora/intranet/vendor/codeigniter4/framework/system/CodeIgniter.php(339): CodeIgniter\CodeIgniter->handleRequest(NULL, Object(Config\Cache), false)
#8 /home2/wmlobzmc/public_html/grupolozamora/intranet/public/index.php(44): CodeIgniter\CodeIgniter->run()
#9 {main}
CRITICAL - 2024-11-20 15:50:49 --> Undefined variable: jobOffers
#0 /home2/wmlobzmc/public_html/grupolozamora/intranet/app/Controllers/JobOfferController.php(661): CodeIgniter\Debug\Exceptions->errorHandler(8, 'Undefined varia...', '/home2/wmlobzmc...', 661, Array)
#1 /home2/wmlobzmc/public_html/grupolozamora/intranet/vendor/codeigniter4/framework/system/CodeIgniter.php(931): App\Controllers\JobOfferController->show_job_offer_list_catalog()
#2 /home2/wmlobzmc/public_html/grupolozamora/intranet/vendor/codeigniter4/framework/system/CodeIgniter.php(439): CodeIgniter\CodeIgniter->runController(Object(App\Controllers\JobOfferController))
#3 /home2/wmlobzmc/public_html/grupolozamora/intranet/vendor/codeigniter4/framework/system/CodeIgniter.php(339): CodeIgniter\CodeIgniter->handleRequest(NULL, Object(Config\Cache), false)
#4 /home2/wmlobzmc/public_html/grupolozamora/intranet/public/index.php(44): CodeIgniter\CodeIgniter->run()
#5 {main}
CRITICAL - 2024-11-20 16:32:57 --> Undefined variable: jobOffer
#0 /home2/wmlobzmc/public_html/grupolozamora/intranet/app/Views/job-offers/job-offer-my-postulations.php(75): CodeIgniter\Debug\Exceptions->errorHandler(8, 'Undefined varia...', '/home2/wmlobzmc...', 75, Array)
#1 /home2/wmlobzmc/public_html/grupolozamora/intranet/vendor/codeigniter4/framework/system/View/View.php(230): include('/home2/wmlobzmc...')
#2 /home2/wmlobzmc/public_html/grupolozamora/intranet/vendor/codeigniter4/framework/system/View/View.php(232): CodeIgniter\View\View->CodeIgniter\View\{closure}()
#3 /home2/wmlobzmc/public_html/grupolozamora/intranet/vendor/codeigniter4/framework/system/Common.php(1250): CodeIgniter\View\View->render('job-offers/job-...', Array, true)
#4 /home2/wmlobzmc/public_html/grupolozamora/intranet/app/Controllers/JobOfferController.php(960): view('job-offers/job-...', Array)
#5 /home2/wmlobzmc/public_html/grupolozamora/intranet/vendor/codeigniter4/framework/system/CodeIgniter.php(931): App\Controllers\JobOfferController->show_job_offer_my_postulations('1')
#6 /home2/wmlobzmc/public_html/grupolozamora/intranet/vendor/codeigniter4/framework/system/CodeIgniter.php(439): CodeIgniter\CodeIgniter->runController(Object(App\Controllers\JobOfferController))
#7 /home2/wmlobzmc/public_html/grupolozamora/intranet/vendor/codeigniter4/framework/system/CodeIgniter.php(339): CodeIgniter\CodeIgniter->handleRequest(NULL, Object(Config\Cache), false)
#8 /home2/wmlobzmc/public_html/grupolozamora/intranet/public/index.php(44): CodeIgniter\CodeIgniter->run()
#9 {main}
CRITICAL - 2024-11-20 17:39:08 --> Undefined variable: jobOffers
#0 /home2/wmlobzmc/public_html/grupolozamora/intranet/app/Views/job-offers/job-offer-my-postulations.php(109): CodeIgniter\Debug\Exceptions->errorHandler(8, 'Undefined varia...', '/home2/wmlobzmc...', 109, Array)
#1 /home2/wmlobzmc/public_html/grupolozamora/intranet/vendor/codeigniter4/framework/system/View/View.php(230): include('/home2/wmlobzmc...')
#2 /home2/wmlobzmc/public_html/grupolozamora/intranet/vendor/codeigniter4/framework/system/View/View.php(232): CodeIgniter\View\View->CodeIgniter\View\{closure}()
#3 /home2/wmlobzmc/public_html/grupolozamora/intranet/vendor/codeigniter4/framework/system/Common.php(1250): CodeIgniter\View\View->render('job-offers/job-...', Array, true)
#4 /home2/wmlobzmc/public_html/grupolozamora/intranet/app/Controllers/JobOfferController.php(975): view('job-offers/job-...', Array)
#5 /home2/wmlobzmc/public_html/grupolozamora/intranet/vendor/codeigniter4/framework/system/CodeIgniter.php(931): App\Controllers\JobOfferController->show_job_offer_my_postulations('1')
#6 /home2/wmlobzmc/public_html/grupolozamora/intranet/vendor/codeigniter4/framework/system/CodeIgniter.php(439): CodeIgniter\CodeIgniter->runController(Object(App\Controllers\JobOfferController))
#7 /home2/wmlobzmc/public_html/grupolozamora/intranet/vendor/codeigniter4/framework/system/CodeIgniter.php(339): CodeIgniter\CodeIgniter->handleRequest(NULL, Object(Config\Cache), false)
#8 /home2/wmlobzmc/public_html/grupolozamora/intranet/public/index.php(44): CodeIgniter\CodeIgniter->run()
#9 {main}
CRITICAL - 2024-11-20 17:39:19 --> Undefined variable: jobOffers
#0 /home2/wmlobzmc/public_html/grupolozamora/intranet/app/Views/job-offers/job-offer-my-postulations.php(109): CodeIgniter\Debug\Exceptions->errorHandler(8, 'Undefined varia...', '/home2/wmlobzmc...', 109, Array)
#1 /home2/wmlobzmc/public_html/grupolozamora/intranet/vendor/codeigniter4/framework/system/View/View.php(230): include('/home2/wmlobzmc...')
#2 /home2/wmlobzmc/public_html/grupolozamora/intranet/vendor/codeigniter4/framework/system/View/View.php(232): CodeIgniter\View\View->CodeIgniter\View\{closure}()
#3 /home2/wmlobzmc/public_html/grupolozamora/intranet/vendor/codeigniter4/framework/system/Common.php(1250): CodeIgniter\View\View->render('job-offers/job-...', Array, true)
#4 /home2/wmlobzmc/public_html/grupolozamora/intranet/app/Controllers/JobOfferController.php(975): view('job-offers/job-...', Array)
#5 /home2/wmlobzmc/public_html/grupolozamora/intranet/vendor/codeigniter4/framework/system/CodeIgniter.php(931): App\Controllers\JobOfferController->show_job_offer_my_postulations('1')
#6 /home2/wmlobzmc/public_html/grupolozamora/intranet/vendor/codeigniter4/framework/system/CodeIgniter.php(439): CodeIgniter\CodeIgniter->runController(Object(App\Controllers\JobOfferController))
#7 /home2/wmlobzmc/public_html/grupolozamora/intranet/vendor/codeigniter4/framework/system/CodeIgniter.php(339): CodeIgniter\CodeIgniter->handleRequest(NULL, Object(Config\Cache), false)
#8 /home2/wmlobzmc/public_html/grupolozamora/intranet/public/index.php(44): CodeIgniter\CodeIgniter->run()
#9 {main}
CRITICAL - 2024-11-20 17:39:30 --> Undefined variable: jobOffers
#0 /home2/wmlobzmc/public_html/grupolozamora/intranet/app/Views/job-offers/job-offer-my-postulations.php(109): CodeIgniter\Debug\Exceptions->errorHandler(8, 'Undefined varia...', '/home2/wmlobzmc...', 109, Array)
#1 /home2/wmlobzmc/public_html/grupolozamora/intranet/vendor/codeigniter4/framework/system/View/View.php(230): include('/home2/wmlobzmc...')
#2 /home2/wmlobzmc/public_html/grupolozamora/intranet/vendor/codeigniter4/framework/system/View/View.php(232): CodeIgniter\View\View->CodeIgniter\View\{closure}()
#3 /home2/wmlobzmc/public_html/grupolozamora/intranet/vendor/codeigniter4/framework/system/Common.php(1250): CodeIgniter\View\View->render('job-offers/job-...', Array, true)
#4 /home2/wmlobzmc/public_html/grupolozamora/intranet/app/Controllers/JobOfferController.php(975): view('job-offers/job-...', Array)
#5 /home2/wmlobzmc/public_html/grupolozamora/intranet/vendor/codeigniter4/framework/system/CodeIgniter.php(931): App\Controllers\JobOfferController->show_job_offer_my_postulations('1')
#6 /home2/wmlobzmc/public_html/grupolozamora/intranet/vendor/codeigniter4/framework/system/CodeIgniter.php(439): CodeIgniter\CodeIgniter->runController(Object(App\Controllers\JobOfferController))
#7 /home2/wmlobzmc/public_html/grupolozamora/intranet/vendor/codeigniter4/framework/system/CodeIgniter.php(339): CodeIgniter\CodeIgniter->handleRequest(NULL, Object(Config\Cache), false)
#8 /home2/wmlobzmc/public_html/grupolozamora/intranet/public/index.php(44): CodeIgniter\CodeIgniter->run()
#9 {main}
CRITICAL - 2024-11-20 17:39:35 --> Undefined variable: jobOffers
#0 /home2/wmlobzmc/public_html/grupolozamora/intranet/app/Views/job-offers/job-offer-my-postulations.php(109): CodeIgniter\Debug\Exceptions->errorHandler(8, 'Undefined varia...', '/home2/wmlobzmc...', 109, Array)
#1 /home2/wmlobzmc/public_html/grupolozamora/intranet/vendor/codeigniter4/framework/system/View/View.php(230): include('/home2/wmlobzmc...')
#2 /home2/wmlobzmc/public_html/grupolozamora/intranet/vendor/codeigniter4/framework/system/View/View.php(232): CodeIgniter\View\View->CodeIgniter\View\{closure}()
#3 /home2/wmlobzmc/public_html/grupolozamora/intranet/vendor/codeigniter4/framework/system/Common.php(1250): CodeIgniter\View\View->render('job-offers/job-...', Array, true)
#4 /home2/wmlobzmc/public_html/grupolozamora/intranet/app/Controllers/JobOfferController.php(975): view('job-offers/job-...', Array)
#5 /home2/wmlobzmc/public_html/grupolozamora/intranet/vendor/codeigniter4/framework/system/CodeIgniter.php(931): App\Controllers\JobOfferController->show_job_offer_my_postulations('1')
#6 /home2/wmlobzmc/public_html/grupolozamora/intranet/vendor/codeigniter4/framework/system/CodeIgniter.php(439): CodeIgniter\CodeIgniter->runController(Object(App\Controllers\JobOfferController))
#7 /home2/wmlobzmc/public_html/grupolozamora/intranet/vendor/codeigniter4/framework/system/CodeIgniter.php(339): CodeIgniter\CodeIgniter->handleRequest(NULL, Object(Config\Cache), false)
#8 /home2/wmlobzmc/public_html/grupolozamora/intranet/public/index.php(44): CodeIgniter\CodeIgniter->run()
#9 {main}
CRITICAL - 2024-11-20 22:49:01 --> count(): Parameter must be an array or an object that implements Countable
#0 [internal function]: CodeIgniter\Debug\Exceptions->errorHandler(2, 'count(): Parame...', '/home2/wmlobzmc...', 968, Array)
#1 /home2/wmlobzmc/public_html/grupolozamora/intranet/app/Controllers/JobOfferController.php(968): count('Convocatoria Ca...')
#2 [internal function]: App\Controllers\JobOfferController->App\Controllers\{closure}(Array)
#3 /home2/wmlobzmc/public_html/grupolozamora/intranet/app/Controllers/JobOfferController.php(967): array_map(Object(Closure), Array)
#4 /home2/wmlobzmc/public_html/grupolozamora/intranet/vendor/codeigniter4/framework/system/CodeIgniter.php(931): App\Controllers\JobOfferController->show_job_offer_my_postulations('1')
#5 /home2/wmlobzmc/public_html/grupolozamora/intranet/vendor/codeigniter4/framework/system/CodeIgniter.php(439): CodeIgniter\CodeIgniter->runController(Object(App\Controllers\JobOfferController))
#6 /home2/wmlobzmc/public_html/grupolozamora/intranet/vendor/codeigniter4/framework/system/CodeIgniter.php(339): CodeIgniter\CodeIgniter->handleRequest(NULL, Object(Config\Cache), false)
#7 /home2/wmlobzmc/public_html/grupolozamora/intranet/public/index.php(44): CodeIgniter\CodeIgniter->run()
#8 {main}
CRITICAL - 2024-11-20 22:49:40 --> count(): Parameter must be an array or an object that implements Countable
#0 [internal function]: CodeIgniter\Debug\Exceptions->errorHandler(2, 'count(): Parame...', '/home2/wmlobzmc...', 968, Array)
#1 /home2/wmlobzmc/public_html/grupolozamora/intranet/app/Controllers/JobOfferController.php(968): count('Convocatoria Ca...')
#2 [internal function]: App\Controllers\JobOfferController->App\Controllers\{closure}(Array)
#3 /home2/wmlobzmc/public_html/grupolozamora/intranet/app/Controllers/JobOfferController.php(967): array_map(Object(Closure), Array)
#4 /home2/wmlobzmc/public_html/grupolozamora/intranet/vendor/codeigniter4/framework/system/CodeIgniter.php(931): App\Controllers\JobOfferController->show_job_offer_my_postulations('1')
#5 /home2/wmlobzmc/public_html/grupolozamora/intranet/vendor/codeigniter4/framework/system/CodeIgniter.php(439): CodeIgniter\CodeIgniter->runController(Object(App\Controllers\JobOfferController))
#6 /home2/wmlobzmc/public_html/grupolozamora/intranet/vendor/codeigniter4/framework/system/CodeIgniter.php(339): CodeIgniter\CodeIgniter->handleRequest(NULL, Object(Config\Cache), false)
#7 /home2/wmlobzmc/public_html/grupolozamora/intranet/public/index.php(44): CodeIgniter\CodeIgniter->run()
#8 {main}
CRITICAL - 2024-11-20 22:52:28 --> Undefined index: total_applicants
#0 /home2/wmlobzmc/public_html/grupolozamora/intranet/app/Views/job-offers/job-offer-my-postulations.php(131): CodeIgniter\Debug\Exceptions->errorHandler(8, 'Undefined index...', '/home2/wmlobzmc...', 131, Array)
#1 /home2/wmlobzmc/public_html/grupolozamora/intranet/vendor/codeigniter4/framework/system/View/View.php(230): include('/home2/wmlobzmc...')
#2 /home2/wmlobzmc/public_html/grupolozamora/intranet/vendor/codeigniter4/framework/system/View/View.php(232): CodeIgniter\View\View->CodeIgniter\View\{closure}()
#3 /home2/wmlobzmc/public_html/grupolozamora/intranet/vendor/codeigniter4/framework/system/Common.php(1250): CodeIgniter\View\View->render('job-offers/job-...', Array, true)
#4 /home2/wmlobzmc/public_html/grupolozamora/intranet/app/Controllers/JobOfferController.php(973): view('job-offers/job-...', Array)
#5 /home2/wmlobzmc/public_html/grupolozamora/intranet/vendor/codeigniter4/framework/system/CodeIgniter.php(931): App\Controllers\JobOfferController->show_job_offer_my_postulations('1')
#6 /home2/wmlobzmc/public_html/grupolozamora/intranet/vendor/codeigniter4/framework/system/CodeIgniter.php(439): CodeIgniter\CodeIgniter->runController(Object(App\Controllers\JobOfferController))
#7 /home2/wmlobzmc/public_html/grupolozamora/intranet/vendor/codeigniter4/framework/system/CodeIgniter.php(339): CodeIgniter\CodeIgniter->handleRequest(NULL, Object(Config\Cache), false)
#8 /home2/wmlobzmc/public_html/grupolozamora/intranet/public/index.php(44): CodeIgniter\CodeIgniter->run()
#9 {main}
CRITICAL - 2024-11-20 22:52:34 --> Undefined index: total_applicants
#0 /home2/wmlobzmc/public_html/grupolozamora/intranet/app/Views/job-offers/job-offer-my-postulations.php(131): CodeIgniter\Debug\Exceptions->errorHandler(8, 'Undefined index...', '/home2/wmlobzmc...', 131, Array)
#1 /home2/wmlobzmc/public_html/grupolozamora/intranet/vendor/codeigniter4/framework/system/View/View.php(230): include('/home2/wmlobzmc...')
#2 /home2/wmlobzmc/public_html/grupolozamora/intranet/vendor/codeigniter4/framework/system/View/View.php(232): CodeIgniter\View\View->CodeIgniter\View\{closure}()
#3 /home2/wmlobzmc/public_html/grupolozamora/intranet/vendor/codeigniter4/framework/system/Common.php(1250): CodeIgniter\View\View->render('job-offers/job-...', Array, true)
#4 /home2/wmlobzmc/public_html/grupolozamora/intranet/app/Controllers/JobOfferController.php(973): view('job-offers/job-...', Array)
#5 /home2/wmlobzmc/public_html/grupolozamora/intranet/vendor/codeigniter4/framework/system/CodeIgniter.php(931): App\Controllers\JobOfferController->show_job_offer_my_postulations('1')
#6 /home2/wmlobzmc/public_html/grupolozamora/intranet/vendor/codeigniter4/framework/system/CodeIgniter.php(439): CodeIgniter\CodeIgniter->runController(Object(App\Controllers\JobOfferController))
#7 /home2/wmlobzmc/public_html/grupolozamora/intranet/vendor/codeigniter4/framework/system/CodeIgniter.php(339): CodeIgniter\CodeIgniter->handleRequest(NULL, Object(Config\Cache), false)
#8 /home2/wmlobzmc/public_html/grupolozamora/intranet/public/index.php(44): CodeIgniter\CodeIgniter->run()
#9 {main}
CRITICAL - 2024-11-20 22:52:35 --> syntax error, unexpected '?>'
#0 /home2/wmlobzmc/public_html/grupolozamora/intranet/vendor/codeigniter4/framework/system/View/View.php(232): CodeIgniter\View\View->CodeIgniter\View\{closure}()
#1 /home2/wmlobzmc/public_html/grupolozamora/intranet/vendor/codeigniter4/framework/system/Common.php(1250): CodeIgniter\View\View->render('job-offers/job-...', Array, true)
#2 /home2/wmlobzmc/public_html/grupolozamora/intranet/app/Controllers/JobOfferController.php(973): view('job-offers/job-...', Array)
#3 /home2/wmlobzmc/public_html/grupolozamora/intranet/vendor/codeigniter4/framework/system/CodeIgniter.php(931): App\Controllers\JobOfferController->show_job_offer_my_postulations('1')
#4 /home2/wmlobzmc/public_html/grupolozamora/intranet/vendor/codeigniter4/framework/system/CodeIgniter.php(439): CodeIgniter\CodeIgniter->runController(Object(App\Controllers\JobOfferController))
#5 /home2/wmlobzmc/public_html/grupolozamora/intranet/vendor/codeigniter4/framework/system/CodeIgniter.php(339): CodeIgniter\CodeIgniter->handleRequest(NULL, Object(Config\Cache), false)
#6 /home2/wmlobzmc/public_html/grupolozamora/intranet/public/index.php(44): CodeIgniter\CodeIgniter->run()
#7 {main}
CRITICAL - 2024-11-20 22:52:37 --> syntax error, unexpected '?>'
#0 /home2/wmlobzmc/public_html/grupolozamora/intranet/vendor/codeigniter4/framework/system/View/View.php(232): CodeIgniter\View\View->CodeIgniter\View\{closure}()
#1 /home2/wmlobzmc/public_html/grupolozamora/intranet/vendor/codeigniter4/framework/system/Common.php(1250): CodeIgniter\View\View->render('job-offers/job-...', Array, true)
#2 /home2/wmlobzmc/public_html/grupolozamora/intranet/app/Controllers/JobOfferController.php(973): view('job-offers/job-...', Array)
#3 /home2/wmlobzmc/public_html/grupolozamora/intranet/vendor/codeigniter4/framework/system/CodeIgniter.php(931): App\Controllers\JobOfferController->show_job_offer_my_postulations('1')
#4 /home2/wmlobzmc/public_html/grupolozamora/intranet/vendor/codeigniter4/framework/system/CodeIgniter.php(439): CodeIgniter\CodeIgniter->runController(Object(App\Controllers\JobOfferController))
#5 /home2/wmlobzmc/public_html/grupolozamora/intranet/vendor/codeigniter4/framework/system/CodeIgniter.php(339): CodeIgniter\CodeIgniter->handleRequest(NULL, Object(Config\Cache), false)
#6 /home2/wmlobzmc/public_html/grupolozamora/intranet/public/index.php(44): CodeIgniter\CodeIgniter->run()
#7 {main}
CRITICAL - 2024-11-20 23:42:10 --> Undefined index: total_applicants
#0 /home2/wmlobzmc/public_html/grupolozamora/intranet/app/Views/job-offers/job-offer-my-postulations.php(148): CodeIgniter\Debug\Exceptions->errorHandler(8, 'Undefined index...', '/home2/wmlobzmc...', 148, Array)
#1 /home2/wmlobzmc/public_html/grupolozamora/intranet/vendor/codeigniter4/framework/system/View/View.php(230): include('/home2/wmlobzmc...')
#2 /home2/wmlobzmc/public_html/grupolozamora/intranet/vendor/codeigniter4/framework/system/View/View.php(232): CodeIgniter\View\View->CodeIgniter\View\{closure}()
#3 /home2/wmlobzmc/public_html/grupolozamora/intranet/vendor/codeigniter4/framework/system/Common.php(1250): CodeIgniter\View\View->render('job-offers/job-...', Array, true)
#4 /home2/wmlobzmc/public_html/grupolozamora/intranet/app/Controllers/JobOfferController.php(989): view('job-offers/job-...', Array)
#5 /home2/wmlobzmc/public_html/grupolozamora/intranet/vendor/codeigniter4/framework/system/CodeIgniter.php(931): App\Controllers\JobOfferController->show_job_offer_my_postulations('1')
#6 /home2/wmlobzmc/public_html/grupolozamora/intranet/vendor/codeigniter4/framework/system/CodeIgniter.php(439): CodeIgniter\CodeIgniter->runController(Object(App\Controllers\JobOfferController))
#7 /home2/wmlobzmc/public_html/grupolozamora/intranet/vendor/codeigniter4/framework/system/CodeIgniter.php(339): CodeIgniter\CodeIgniter->handleRequest(NULL, Object(Config\Cache), false)
#8 /home2/wmlobzmc/public_html/grupolozamora/intranet/public/index.php(44): CodeIgniter\CodeIgniter->run()
#9 {main}
CRITICAL - 2024-11-20 23:49:52 --> Undefined index: pendingOffersCount
#0 /home2/wmlobzmc/public_html/grupolozamora/intranet/app/Views/job-offers/job-offer-my-postulations.php(186): CodeIgniter\Debug\Exceptions->errorHandler(8, 'Undefined index...', '/home2/wmlobzmc...', 186, Array)
#1 /home2/wmlobzmc/public_html/grupolozamora/intranet/vendor/codeigniter4/framework/system/View/View.php(230): include('/home2/wmlobzmc...')
#2 /home2/wmlobzmc/public_html/grupolozamora/intranet/vendor/codeigniter4/framework/system/View/View.php(232): CodeIgniter\View\View->CodeIgniter\View\{closure}()
#3 /home2/wmlobzmc/public_html/grupolozamora/intranet/vendor/codeigniter4/framework/system/Common.php(1250): CodeIgniter\View\View->render('job-offers/job-...', Array, true)
#4 /home2/wmlobzmc/public_html/grupolozamora/intranet/app/Controllers/JobOfferController.php(1000): view('job-offers/job-...', Array)
#5 /home2/wmlobzmc/public_html/grupolozamora/intranet/vendor/codeigniter4/framework/system/CodeIgniter.php(931): App\Controllers\JobOfferController->show_job_offer_my_postulations('1')
#6 /home2/wmlobzmc/public_html/grupolozamora/intranet/vendor/codeigniter4/framework/system/CodeIgniter.php(439): CodeIgniter\CodeIgniter->runController(Object(App\Controllers\JobOfferController))
#7 /home2/wmlobzmc/public_html/grupolozamora/intranet/vendor/codeigniter4/framework/system/CodeIgniter.php(339): CodeIgniter\CodeIgniter->handleRequest(NULL, Object(Config\Cache), false)
#8 /home2/wmlobzmc/public_html/grupolozamora/intranet/public/index.php(44): CodeIgniter\CodeIgniter->run()
#9 {main}
