CRITICAL - 2025-06-25 20:00:30 --> Class 'App\Models\RoleModel' not found
#0 C:\xampp\htdocs\vendor\codeigniter4\framework\system\CodeIgniter.php(931): App\Controllers\AuthController->login()
#1 C:\xampp\htdocs\vendor\codeigniter4\framework\system\CodeIgniter.php(439): CodeIgniter\CodeIgniter->runController(Object(App\Controllers\AuthController))
#2 C:\xampp\htdocs\vendor\codeigniter4\framework\system\CodeIgniter.php(339): CodeIgniter\CodeIgniter->handleRequest(NULL, Object(Config\Cache), false)
#3 C:\xampp\htdocs\public\index.php(44): CodeIgniter\CodeIgniter->run()
#4 {main}
CRITICAL - 2025-06-25 20:01:15 --> Class 'App\Models\RoleModel' not found
#0 C:\xampp\htdocs\vendor\codeigniter4\framework\system\CodeIgniter.php(931): App\Controllers\AuthController->login()
#1 C:\xampp\htdocs\vendor\codeigniter4\framework\system\CodeIgniter.php(439): CodeIgniter\CodeIgniter->runController(Object(App\Controllers\AuthController))
#2 C:\xampp\htdocs\vendor\codeigniter4\framework\system\CodeIgniter.php(339): CodeIgniter\CodeIgniter->handleRequest(NULL, Object(Config\Cache), false)
#3 C:\xampp\htdocs\public\index.php(44): CodeIgniter\CodeIgniter->run()
#4 {main}
CRITICAL - 2025-06-25 20:01:53 --> Unable to connect to the database.
Main connection [MySQLi]: Access denied for user '****'@'localhost' (using password: YES)
#0 C:\xampp\htdocs\vendor\codeigniter4\framework\system\Database\BaseConnection.php(625): CodeIgniter\Database\BaseConnection->initialize()
#1 C:\xampp\htdocs\vendor\codeigniter4\framework\system\Database\BaseBuilder.php(1881): CodeIgniter\Database\BaseConnection->query('SELECT *\nFROM `...', Array, false)
#2 C:\xampp\htdocs\vendor\codeigniter4\framework\system\Model.php(228): CodeIgniter\Database\BaseBuilder->get()
#3 C:\xampp\htdocs\vendor\codeigniter4\framework\system\BaseModel.php(644): CodeIgniter\Model->doFirst()
#4 C:\xampp\htdocs\app\Controllers\AuthController.php(145): CodeIgniter\BaseModel->first()
#5 C:\xampp\htdocs\vendor\codeigniter4\framework\system\CodeIgniter.php(931): App\Controllers\AuthController->login()
#6 C:\xampp\htdocs\vendor\codeigniter4\framework\system\CodeIgniter.php(439): CodeIgniter\CodeIgniter->runController(Object(App\Controllers\AuthController))
#7 C:\xampp\htdocs\vendor\codeigniter4\framework\system\CodeIgniter.php(339): CodeIgniter\CodeIgniter->handleRequest(NULL, Object(Config\Cache), false)
#8 C:\xampp\htdocs\public\index.php(44): CodeIgniter\CodeIgniter->run()
#9 {main}
CRITICAL - 2025-06-25 20:03:22 --> Unable to connect to the database.
Main connection [MySQLi]: Access denied for user '****'@'localhost' (using password: YES)
#0 C:\xampp\htdocs\vendor\codeigniter4\framework\system\Database\BaseConnection.php(625): CodeIgniter\Database\BaseConnection->initialize()
#1 C:\xampp\htdocs\vendor\codeigniter4\framework\system\Database\BaseBuilder.php(1881): CodeIgniter\Database\BaseConnection->query('SELECT *\nFROM `...', Array, false)
#2 C:\xampp\htdocs\vendor\codeigniter4\framework\system\Model.php(228): CodeIgniter\Database\BaseBuilder->get()
#3 C:\xampp\htdocs\vendor\codeigniter4\framework\system\BaseModel.php(644): CodeIgniter\Model->doFirst()
#4 C:\xampp\htdocs\app\Controllers\AuthController.php(145): CodeIgniter\BaseModel->first()
#5 C:\xampp\htdocs\vendor\codeigniter4\framework\system\CodeIgniter.php(931): App\Controllers\AuthController->login()
#6 C:\xampp\htdocs\vendor\codeigniter4\framework\system\CodeIgniter.php(439): CodeIgniter\CodeIgniter->runController(Object(App\Controllers\AuthController))
#7 C:\xampp\htdocs\vendor\codeigniter4\framework\system\CodeIgniter.php(339): CodeIgniter\CodeIgniter->handleRequest(NULL, Object(Config\Cache), false)
#8 C:\xampp\htdocs\public\index.php(44): CodeIgniter\CodeIgniter->run()
#9 {main}
CRITICAL - 2025-06-25 20:05:56 --> Unable to connect to the database.
Main connection [MySQLi]: Access denied for user '****'@'localhost' (using password: YES)
#0 C:\xampp\htdocs\vendor\codeigniter4\framework\system\Database\BaseConnection.php(625): CodeIgniter\Database\BaseConnection->initialize()
#1 C:\xampp\htdocs\vendor\codeigniter4\framework\system\Database\BaseBuilder.php(1881): CodeIgniter\Database\BaseConnection->query('SELECT *\nFROM `...', Array, false)
#2 C:\xampp\htdocs\vendor\codeigniter4\framework\system\Model.php(228): CodeIgniter\Database\BaseBuilder->get()
#3 C:\xampp\htdocs\vendor\codeigniter4\framework\system\BaseModel.php(644): CodeIgniter\Model->doFirst()
#4 C:\xampp\htdocs\app\Controllers\AuthController.php(145): CodeIgniter\BaseModel->first()
#5 C:\xampp\htdocs\vendor\codeigniter4\framework\system\CodeIgniter.php(931): App\Controllers\AuthController->login()
#6 C:\xampp\htdocs\vendor\codeigniter4\framework\system\CodeIgniter.php(439): CodeIgniter\CodeIgniter->runController(Object(App\Controllers\AuthController))
#7 C:\xampp\htdocs\vendor\codeigniter4\framework\system\CodeIgniter.php(339): CodeIgniter\CodeIgniter->handleRequest(NULL, Object(Config\Cache), false)
#8 C:\xampp\htdocs\public\index.php(44): CodeIgniter\CodeIgniter->run()
#9 {main}
CRITICAL - 2025-06-25 20:09:53 --> Unable to connect to the database.
Main connection [MySQLi]: Access denied for user '****'@'localhost' (using password: YES)
#0 C:\xampp\htdocs\vendor\codeigniter4\framework\system\Database\BaseConnection.php(625): CodeIgniter\Database\BaseConnection->initialize()
#1 C:\xampp\htdocs\vendor\codeigniter4\framework\system\Database\BaseBuilder.php(1881): CodeIgniter\Database\BaseConnection->query('SELECT *\nFROM `...', Array, false)
#2 C:\xampp\htdocs\vendor\codeigniter4\framework\system\Model.php(228): CodeIgniter\Database\BaseBuilder->get()
#3 C:\xampp\htdocs\vendor\codeigniter4\framework\system\BaseModel.php(644): CodeIgniter\Model->doFirst()
#4 C:\xampp\htdocs\app\Controllers\AuthController.php(145): CodeIgniter\BaseModel->first()
#5 C:\xampp\htdocs\vendor\codeigniter4\framework\system\CodeIgniter.php(931): App\Controllers\AuthController->login()
#6 C:\xampp\htdocs\vendor\codeigniter4\framework\system\CodeIgniter.php(439): CodeIgniter\CodeIgniter->runController(Object(App\Controllers\AuthController))
#7 C:\xampp\htdocs\vendor\codeigniter4\framework\system\CodeIgniter.php(339): CodeIgniter\CodeIgniter->handleRequest(NULL, Object(Config\Cache), false)
#8 C:\xampp\htdocs\public\index.php(44): CodeIgniter\CodeIgniter->run()
#9 {main}
CRITICAL - 2025-06-25 20:42:55 --> Class 'App\Models\PostModel' not found
#0 C:\xampp\htdocs\vendor\codeigniter4\framework\system\CodeIgniter.php(931): App\Controllers\Front->index()
#1 C:\xampp\htdocs\vendor\codeigniter4\framework\system\CodeIgniter.php(439): CodeIgniter\CodeIgniter->runController(Object(App\Controllers\Front))
#2 C:\xampp\htdocs\vendor\codeigniter4\framework\system\CodeIgniter.php(339): CodeIgniter\CodeIgniter->handleRequest(NULL, Object(Config\Cache), false)
#3 C:\xampp\htdocs\public\index.php(44): CodeIgniter\CodeIgniter->run()
#4 {main}
CRITICAL - 2025-06-25 20:43:10 --> Class 'App\Models\PostModel' not found
#0 C:\xampp\htdocs\vendor\codeigniter4\framework\system\CodeIgniter.php(931): App\Controllers\Front->index()
#1 C:\xampp\htdocs\vendor\codeigniter4\framework\system\CodeIgniter.php(439): CodeIgniter\CodeIgniter->runController(Object(App\Controllers\Front))
#2 C:\xampp\htdocs\vendor\codeigniter4\framework\system\CodeIgniter.php(339): CodeIgniter\CodeIgniter->handleRequest(NULL, Object(Config\Cache), false)
#3 C:\xampp\htdocs\public\index.php(44): CodeIgniter\CodeIgniter->run()
#4 {main}
CRITICAL - 2025-06-25 20:43:28 --> Trying to access array offset on value of type null
#0 C:\xampp\htdocs\app\Views\partials\horizontal.php(1011): CodeIgniter\Debug\Exceptions->errorHandler(8, 'Trying to acces...', 'C:\\xampp\\htdocs...', 1011, Array)
#1 C:\xampp\htdocs\vendor\codeigniter4\framework\system\View\View.php(230): include('C:\\xampp\\htdocs...')
#2 C:\xampp\htdocs\vendor\codeigniter4\framework\system\View\View.php(232): CodeIgniter\View\View->CodeIgniter\View\{closure}()
#3 C:\xampp\htdocs\vendor\codeigniter4\framework\system\View\View.php(487): CodeIgniter\View\View->render('partials/horizo...', NULL, true)
#4 C:\xampp\htdocs\app\Views\partials\menu.php(1): CodeIgniter\View\View->include('partials/horizo...')
#5 C:\xampp\htdocs\vendor\codeigniter4\framework\system\View\View.php(230): include('C:\\xampp\\htdocs...')
#6 C:\xampp\htdocs\vendor\codeigniter4\framework\system\View\View.php(232): CodeIgniter\View\View->CodeIgniter\View\{closure}()
#7 C:\xampp\htdocs\vendor\codeigniter4\framework\system\View\View.php(487): CodeIgniter\View\View->render('partials/menu', NULL, true)
#8 C:\xampp\htdocs\app\Views\Front\index.php(27): CodeIgniter\View\View->include('partials/menu')
#9 C:\xampp\htdocs\vendor\codeigniter4\framework\system\View\View.php(230): include('C:\\xampp\\htdocs...')
#10 C:\xampp\htdocs\vendor\codeigniter4\framework\system\View\View.php(232): CodeIgniter\View\View->CodeIgniter\View\{closure}()
#11 C:\xampp\htdocs\vendor\codeigniter4\framework\system\Common.php(1250): CodeIgniter\View\View->render('Front/index', Array, true)
#12 C:\xampp\htdocs\app\Controllers\Front.php(24): view('Front/index', Array)
#13 C:\xampp\htdocs\vendor\codeigniter4\framework\system\CodeIgniter.php(931): App\Controllers\Front->index()
#14 C:\xampp\htdocs\vendor\codeigniter4\framework\system\CodeIgniter.php(439): CodeIgniter\CodeIgniter->runController(Object(App\Controllers\Front))
#15 C:\xampp\htdocs\vendor\codeigniter4\framework\system\CodeIgniter.php(339): CodeIgniter\CodeIgniter->handleRequest(NULL, Object(Config\Cache), false)
#16 C:\xampp\htdocs\public\index.php(44): CodeIgniter\CodeIgniter->run()
#17 {main}
CRITICAL - 2025-06-25 20:49:08 --> Trying to access array offset on value of type null
#0 C:\xampp\htdocs\app\Views\partials\horizontal.php(1011): CodeIgniter\Debug\Exceptions->errorHandler(8, 'Trying to acces...', 'C:\\xampp\\htdocs...', 1011, Array)
#1 C:\xampp\htdocs\vendor\codeigniter4\framework\system\View\View.php(230): include('C:\\xampp\\htdocs...')
#2 C:\xampp\htdocs\vendor\codeigniter4\framework\system\View\View.php(232): CodeIgniter\View\View->CodeIgniter\View\{closure}()
#3 C:\xampp\htdocs\vendor\codeigniter4\framework\system\View\View.php(487): CodeIgniter\View\View->render('partials/horizo...', NULL, true)
#4 C:\xampp\htdocs\app\Views\partials\menu.php(1): CodeIgniter\View\View->include('partials/horizo...')
#5 C:\xampp\htdocs\vendor\codeigniter4\framework\system\View\View.php(230): include('C:\\xampp\\htdocs...')
#6 C:\xampp\htdocs\vendor\codeigniter4\framework\system\View\View.php(232): CodeIgniter\View\View->CodeIgniter\View\{closure}()
#7 C:\xampp\htdocs\vendor\codeigniter4\framework\system\View\View.php(487): CodeIgniter\View\View->render('partials/menu', NULL, true)
#8 C:\xampp\htdocs\app\Views\Front\index.php(27): CodeIgniter\View\View->include('partials/menu')
#9 C:\xampp\htdocs\vendor\codeigniter4\framework\system\View\View.php(230): include('C:\\xampp\\htdocs...')
#10 C:\xampp\htdocs\vendor\codeigniter4\framework\system\View\View.php(232): CodeIgniter\View\View->CodeIgniter\View\{closure}()
#11 C:\xampp\htdocs\vendor\codeigniter4\framework\system\Common.php(1250): CodeIgniter\View\View->render('Front/index', Array, true)
#12 C:\xampp\htdocs\app\Controllers\Front.php(24): view('Front/index', Array)
#13 C:\xampp\htdocs\vendor\codeigniter4\framework\system\CodeIgniter.php(931): App\Controllers\Front->index()
#14 C:\xampp\htdocs\vendor\codeigniter4\framework\system\CodeIgniter.php(439): CodeIgniter\CodeIgniter->runController(Object(App\Controllers\Front))
#15 C:\xampp\htdocs\vendor\codeigniter4\framework\system\CodeIgniter.php(339): CodeIgniter\CodeIgniter->handleRequest(NULL, Object(Config\Cache), false)
#16 C:\xampp\htdocs\public\index.php(44): CodeIgniter\CodeIgniter->run()
#17 {main}
CRITICAL - 2025-06-25 20:50:00 --> Invalid file: {0}
#0 C:\xampp\htdocs\vendor\codeigniter4\framework\system\View\View.php(213): CodeIgniter\Exceptions\FrameworkException::forInvalidFile('partials/sticky...')
#1 C:\xampp\htdocs\vendor\codeigniter4\framework\system\View\View.php(487): CodeIgniter\View\View->render('partials/sticky...', NULL, true)
#2 C:\xampp\htdocs\app\Views\partials\menu.php(5): CodeIgniter\View\View->include('partials/sticky...')
#3 C:\xampp\htdocs\vendor\codeigniter4\framework\system\View\View.php(230): include('C:\\xampp\\htdocs...')
#4 C:\xampp\htdocs\vendor\codeigniter4\framework\system\View\View.php(232): CodeIgniter\View\View->CodeIgniter\View\{closure}()
#5 C:\xampp\htdocs\vendor\codeigniter4\framework\system\View\View.php(487): CodeIgniter\View\View->render('partials/menu', NULL, true)
#6 C:\xampp\htdocs\app\Views\Front\index.php(27): CodeIgniter\View\View->include('partials/menu')
#7 C:\xampp\htdocs\vendor\codeigniter4\framework\system\View\View.php(230): include('C:\\xampp\\htdocs...')
#8 C:\xampp\htdocs\vendor\codeigniter4\framework\system\View\View.php(232): CodeIgniter\View\View->CodeIgniter\View\{closure}()
#9 C:\xampp\htdocs\vendor\codeigniter4\framework\system\Common.php(1250): CodeIgniter\View\View->render('Front/index', Array, true)
#10 C:\xampp\htdocs\app\Controllers\Front.php(24): view('Front/index', Array)
#11 C:\xampp\htdocs\vendor\codeigniter4\framework\system\CodeIgniter.php(931): App\Controllers\Front->index()
#12 C:\xampp\htdocs\vendor\codeigniter4\framework\system\CodeIgniter.php(439): CodeIgniter\CodeIgniter->runController(Object(App\Controllers\Front))
#13 C:\xampp\htdocs\vendor\codeigniter4\framework\system\CodeIgniter.php(339): CodeIgniter\CodeIgniter->handleRequest(NULL, Object(Config\Cache), false)
#14 C:\xampp\htdocs\public\index.php(44): CodeIgniter\CodeIgniter->run()
#15 {main}
CRITICAL - 2025-06-25 20:53:44 --> Invalid file: {0}
#0 C:\xampp\htdocs\vendor\codeigniter4\framework\system\View\View.php(213): CodeIgniter\Exceptions\FrameworkException::forInvalidFile('partials/sticky...')
#1 C:\xampp\htdocs\vendor\codeigniter4\framework\system\View\View.php(487): CodeIgniter\View\View->render('partials/sticky...', NULL, true)
#2 C:\xampp\htdocs\app\Views\partials\menu.php(5): CodeIgniter\View\View->include('partials/sticky...')
#3 C:\xampp\htdocs\vendor\codeigniter4\framework\system\View\View.php(230): include('C:\\xampp\\htdocs...')
#4 C:\xampp\htdocs\vendor\codeigniter4\framework\system\View\View.php(232): CodeIgniter\View\View->CodeIgniter\View\{closure}()
#5 C:\xampp\htdocs\vendor\codeigniter4\framework\system\View\View.php(487): CodeIgniter\View\View->render('partials/menu', NULL, true)
#6 C:\xampp\htdocs\app\Views\Front\index.php(27): CodeIgniter\View\View->include('partials/menu')
#7 C:\xampp\htdocs\vendor\codeigniter4\framework\system\View\View.php(230): include('C:\\xampp\\htdocs...')
#8 C:\xampp\htdocs\vendor\codeigniter4\framework\system\View\View.php(232): CodeIgniter\View\View->CodeIgniter\View\{closure}()
#9 C:\xampp\htdocs\vendor\codeigniter4\framework\system\Common.php(1250): CodeIgniter\View\View->render('Front/index', Array, true)
#10 C:\xampp\htdocs\app\Controllers\Front.php(24): view('Front/index', Array)
#11 C:\xampp\htdocs\vendor\codeigniter4\framework\system\CodeIgniter.php(931): App\Controllers\Front->index()
#12 C:\xampp\htdocs\vendor\codeigniter4\framework\system\CodeIgniter.php(439): CodeIgniter\CodeIgniter->runController(Object(App\Controllers\Front))
#13 C:\xampp\htdocs\vendor\codeigniter4\framework\system\CodeIgniter.php(339): CodeIgniter\CodeIgniter->handleRequest(NULL, Object(Config\Cache), false)
#14 C:\xampp\htdocs\public\index.php(44): CodeIgniter\CodeIgniter->run()
#15 {main}
