CRITICAL - 2025-02-03 11:09:27 --> Expression #17 of SELECT list is not in GROUP BY clause and contains nonaggregated column 'grupolozamora_app.post_like_own.id' which is not functionally dependent on columns in GROUP BY clause; this is incompatible with sql_mode=only_full_group_by
#0 /home/grupolozamora/public_html/intranet.grupolozamora.com.pe/vendor/codeigniter4/framework/system/Database/MySQLi/Connection.php(328): mysqli->query()
#1 /home/grupolozamora/public_html/intranet.grupolozamora.com.pe/vendor/codeigniter4/framework/system/Database/BaseConnection.php(732): CodeIgniter\Database\MySQLi\Connection->execute()
#2 /home/grupolozamora/public_html/intranet.grupolozamora.com.pe/vendor/codeigniter4/framework/system/Database/BaseConnection.php(647): CodeIgniter\Database\BaseConnection->simpleQuery()
#3 /home/grupolozamora/public_html/intranet.grupolozamora.com.pe/vendor/codeigniter4/framework/system/Database/BaseBuilder.php(1881): CodeIgniter\Database\BaseConnection->query()
#4 /home/grupolozamora/public_html/intranet.grupolozamora.com.pe/vendor/codeigniter4/framework/system/Model.php(197): CodeIgniter\Database\BaseBuilder->get()
#5 /home/grupolozamora/public_html/intranet.grupolozamora.com.pe/vendor/codeigniter4/framework/system/BaseModel.php(603): CodeIgniter\Model->doFindAll()
#6 /home/grupolozamora/public_html/intranet.grupolozamora.com.pe/app/Controllers/Front.php(36): CodeIgniter\BaseModel->findAll()
#7 /home/grupolozamora/public_html/intranet.grupolozamora.com.pe/vendor/codeigniter4/framework/system/CodeIgniter.php(931): App\Controllers\Front->index()
#8 /home/grupolozamora/public_html/intranet.grupolozamora.com.pe/vendor/codeigniter4/framework/system/CodeIgniter.php(439): CodeIgniter\CodeIgniter->runController()
#9 /home/grupolozamora/public_html/intranet.grupolozamora.com.pe/vendor/codeigniter4/framework/system/CodeIgniter.php(339): CodeIgniter\CodeIgniter->handleRequest()
#10 /home/grupolozamora/public_html/intranet.grupolozamora.com.pe/public/index.php(44): CodeIgniter\CodeIgniter->run()
#11 {main}
CRITICAL - 2025-02-03 11:12:13 --> Expression #17 of SELECT list is not in GROUP BY clause and contains nonaggregated column 'grupolozamora_app.post_like_own.id' which is not functionally dependent on columns in GROUP BY clause; this is incompatible with sql_mode=only_full_group_by
#0 /home/grupolozamora/public_html/intranet.grupolozamora.com.pe/vendor/codeigniter4/framework/system/Database/MySQLi/Connection.php(328): mysqli->query()
#1 /home/grupolozamora/public_html/intranet.grupolozamora.com.pe/vendor/codeigniter4/framework/system/Database/BaseConnection.php(732): CodeIgniter\Database\MySQLi\Connection->execute()
#2 /home/grupolozamora/public_html/intranet.grupolozamora.com.pe/vendor/codeigniter4/framework/system/Database/BaseConnection.php(647): CodeIgniter\Database\BaseConnection->simpleQuery()
#3 /home/grupolozamora/public_html/intranet.grupolozamora.com.pe/vendor/codeigniter4/framework/system/Database/BaseBuilder.php(1881): CodeIgniter\Database\BaseConnection->query()
#4 /home/grupolozamora/public_html/intranet.grupolozamora.com.pe/vendor/codeigniter4/framework/system/Model.php(197): CodeIgniter\Database\BaseBuilder->get()
#5 /home/grupolozamora/public_html/intranet.grupolozamora.com.pe/vendor/codeigniter4/framework/system/BaseModel.php(603): CodeIgniter\Model->doFindAll()
#6 /home/grupolozamora/public_html/intranet.grupolozamora.com.pe/app/Controllers/Front.php(36): CodeIgniter\BaseModel->findAll()
#7 /home/grupolozamora/public_html/intranet.grupolozamora.com.pe/vendor/codeigniter4/framework/system/CodeIgniter.php(931): App\Controllers\Front->index()
#8 /home/grupolozamora/public_html/intranet.grupolozamora.com.pe/vendor/codeigniter4/framework/system/CodeIgniter.php(439): CodeIgniter\CodeIgniter->runController()
#9 /home/grupolozamora/public_html/intranet.grupolozamora.com.pe/vendor/codeigniter4/framework/system/CodeIgniter.php(339): CodeIgniter\CodeIgniter->handleRequest()
#10 /home/grupolozamora/public_html/intranet.grupolozamora.com.pe/public/index.php(44): CodeIgniter\CodeIgniter->run()
#11 {main}
CRITICAL - 2025-02-03 11:26:38 --> Expression #17 of SELECT list is not in GROUP BY clause and contains nonaggregated column 'grupolozamora_app.post_like_own.id' which is not functionally dependent on columns in GROUP BY clause; this is incompatible with sql_mode=only_full_group_by
#0 /home/grupolozamora/public_html/intranet.grupolozamora.com.pe/vendor/codeigniter4/framework/system/Database/MySQLi/Connection.php(328): mysqli->query()
#1 /home/grupolozamora/public_html/intranet.grupolozamora.com.pe/vendor/codeigniter4/framework/system/Database/BaseConnection.php(732): CodeIgniter\Database\MySQLi\Connection->execute()
#2 /home/grupolozamora/public_html/intranet.grupolozamora.com.pe/vendor/codeigniter4/framework/system/Database/BaseConnection.php(647): CodeIgniter\Database\BaseConnection->simpleQuery()
#3 /home/grupolozamora/public_html/intranet.grupolozamora.com.pe/vendor/codeigniter4/framework/system/Database/BaseBuilder.php(1881): CodeIgniter\Database\BaseConnection->query()
#4 /home/grupolozamora/public_html/intranet.grupolozamora.com.pe/vendor/codeigniter4/framework/system/Model.php(197): CodeIgniter\Database\BaseBuilder->get()
#5 /home/grupolozamora/public_html/intranet.grupolozamora.com.pe/vendor/codeigniter4/framework/system/BaseModel.php(603): CodeIgniter\Model->doFindAll()
#6 /home/grupolozamora/public_html/intranet.grupolozamora.com.pe/app/Controllers/Front.php(36): CodeIgniter\BaseModel->findAll()
#7 /home/grupolozamora/public_html/intranet.grupolozamora.com.pe/vendor/codeigniter4/framework/system/CodeIgniter.php(931): App\Controllers\Front->index()
#8 /home/grupolozamora/public_html/intranet.grupolozamora.com.pe/vendor/codeigniter4/framework/system/CodeIgniter.php(439): CodeIgniter\CodeIgniter->runController()
#9 /home/grupolozamora/public_html/intranet.grupolozamora.com.pe/vendor/codeigniter4/framework/system/CodeIgniter.php(339): CodeIgniter\CodeIgniter->handleRequest()
#10 /home/grupolozamora/public_html/intranet.grupolozamora.com.pe/public/index.php(44): CodeIgniter\CodeIgniter->run()
#11 {main}
CRITICAL - 2025-02-03 11:26:39 --> Expression #17 of SELECT list is not in GROUP BY clause and contains nonaggregated column 'grupolozamora_app.post_like_own.id' which is not functionally dependent on columns in GROUP BY clause; this is incompatible with sql_mode=only_full_group_by
#0 /home/grupolozamora/public_html/intranet.grupolozamora.com.pe/vendor/codeigniter4/framework/system/Database/MySQLi/Connection.php(328): mysqli->query()
#1 /home/grupolozamora/public_html/intranet.grupolozamora.com.pe/vendor/codeigniter4/framework/system/Database/BaseConnection.php(732): CodeIgniter\Database\MySQLi\Connection->execute()
#2 /home/grupolozamora/public_html/intranet.grupolozamora.com.pe/vendor/codeigniter4/framework/system/Database/BaseConnection.php(647): CodeIgniter\Database\BaseConnection->simpleQuery()
#3 /home/grupolozamora/public_html/intranet.grupolozamora.com.pe/vendor/codeigniter4/framework/system/Database/BaseBuilder.php(1881): CodeIgniter\Database\BaseConnection->query()
#4 /home/grupolozamora/public_html/intranet.grupolozamora.com.pe/vendor/codeigniter4/framework/system/Model.php(197): CodeIgniter\Database\BaseBuilder->get()
#5 /home/grupolozamora/public_html/intranet.grupolozamora.com.pe/vendor/codeigniter4/framework/system/BaseModel.php(603): CodeIgniter\Model->doFindAll()
#6 /home/grupolozamora/public_html/intranet.grupolozamora.com.pe/app/Controllers/Front.php(36): CodeIgniter\BaseModel->findAll()
#7 /home/grupolozamora/public_html/intranet.grupolozamora.com.pe/vendor/codeigniter4/framework/system/CodeIgniter.php(931): App\Controllers\Front->index()
#8 /home/grupolozamora/public_html/intranet.grupolozamora.com.pe/vendor/codeigniter4/framework/system/CodeIgniter.php(439): CodeIgniter\CodeIgniter->runController()
#9 /home/grupolozamora/public_html/intranet.grupolozamora.com.pe/vendor/codeigniter4/framework/system/CodeIgniter.php(339): CodeIgniter\CodeIgniter->handleRequest()
#10 /home/grupolozamora/public_html/intranet.grupolozamora.com.pe/public/index.php(44): CodeIgniter\CodeIgniter->run()
#11 {main}
CRITICAL - 2025-02-03 11:30:04 --> Unable to connect to the database.
Main connection [MySQLi]: No such file or directory
#0 /home/grupolozamora/public_html/intranet.grupolozamora.com.pe/vendor/codeigniter4/framework/system/Database/BaseConnection.php(625): CodeIgniter\Database\BaseConnection->initialize()
#1 /home/grupolozamora/public_html/intranet.grupolozamora.com.pe/vendor/codeigniter4/framework/system/Database/BaseBuilder.php(1881): CodeIgniter\Database\BaseConnection->query()
#2 /home/grupolozamora/public_html/intranet.grupolozamora.com.pe/vendor/codeigniter4/framework/system/Model.php(197): CodeIgniter\Database\BaseBuilder->get()
#3 /home/grupolozamora/public_html/intranet.grupolozamora.com.pe/vendor/codeigniter4/framework/system/BaseModel.php(603): CodeIgniter\Model->doFindAll()
#4 /home/grupolozamora/public_html/intranet.grupolozamora.com.pe/app/Controllers/PostController.php(498): CodeIgniter\BaseModel->findAll()
#5 /home/grupolozamora/public_html/intranet.grupolozamora.com.pe/vendor/codeigniter4/framework/system/CodeIgniter.php(931): App\Controllers\PostController->show_post_notification()
#6 /home/grupolozamora/public_html/intranet.grupolozamora.com.pe/vendor/codeigniter4/framework/system/CodeIgniter.php(439): CodeIgniter\CodeIgniter->runController()
#7 /home/grupolozamora/public_html/intranet.grupolozamora.com.pe/vendor/codeigniter4/framework/system/CodeIgniter.php(339): CodeIgniter\CodeIgniter->handleRequest()
#8 /home/grupolozamora/public_html/intranet.grupolozamora.com.pe/public/index.php(44): CodeIgniter\CodeIgniter->run()
#9 {main}
